“对类型“NVisionService.MainWindow”的构造函数执行符合指定的绑定约束的调用时引发了异常。”，行号为“11”，行位置为“9”。
Something has gone wrong.
System.Exception: Something has gone wrong.
   在 NVisionService.App.App_DispatcherUnhandledException(Object sender, DispatcherUnhandledExceptionEventArgs e) 位置 D:\GHJ\Project\2021\06Project_NVS_360\03_NVS_360_Code\NtsVisionPlatform-develop-Gary\ntsvisionplatform\NVisionService\App.xaml.cs:行号 97
   在 System.Windows.Threading.Dispatcher.CatchException(Exception e)
   在 System.Windows.Threading.ExceptionWrapper.TryCatchWhen(Object source, Delegate callback, Object args, Int32 numArgs, Delegate catchHandler)
   在 System.Windows.Threading.Dispatcher.LegacyInvokeImpl(DispatcherPriority priority, TimeSpan timeout, Delegate method, Object args, Int32 numArgs)
   在 MS.Win32.HwndSubclass.SubclassWndProc(IntPtr hwnd, Int32 msg, IntPtr wParam, IntPtr lParam)
   在 MS.Win32.UnsafeNativeMethods.DispatchMessage(MSG& msg)
   在 System.Windows.Threading.Dispatcher.PushFrameImpl(DispatcherFrame frame)
   在 System.Windows.Application.RunDispatcher(Object ignore)
   在 System.Windows.Application.RunInternal(Window window)
   在 NVisionService.App.Main()
“对类型“NVisionService.MainWindow”的构造函数执行符合指定的绑定约束的调用时引发了异常。”，行号为“11”，行位置为“9”。
Something has gone wrong.
System.Exception: Something has gone wrong.
   在 NVisionService.App.App_DispatcherUnhandledException(Object sender, DispatcherUnhandledExceptionEventArgs e) 位置 D:\GHJ\Project\2021\06Project_NVS_360\03_NVS_360_Code\NtsVisionPlatform-develop-Gary\ntsvisionplatform\NVisionService\App.xaml.cs:行号 97
   在 System.Windows.Threading.Dispatcher.CatchException(Exception e)
   在 System.Windows.Threading.ExceptionWrapper.TryCatchWhen(Object source, Delegate callback, Object args, Int32 numArgs, Delegate catchHandler)
   在 System.Windows.Threading.Dispatcher.LegacyInvokeImpl(DispatcherPriority priority, TimeSpan timeout, Delegate method, Object args, Int32 numArgs)
   在 MS.Win32.HwndSubclass.SubclassWndProc(IntPtr hwnd, Int32 msg, IntPtr wParam, IntPtr lParam)
   在 MS.Win32.UnsafeNativeMethods.DispatchMessage(MSG& msg)
   在 System.Windows.Threading.Dispatcher.PushFrameImpl(DispatcherFrame frame)
   在 System.Windows.Application.RunDispatcher(Object ignore)
   在 System.Windows.Application.RunInternal(Window window)
   在 NVisionService.App.Main()
“对类型“NVisionService.MainWindow”的构造函数执行符合指定的绑定约束的调用时引发了异常。”，行号为“11”，行位置为“9”。
Something has gone wrong.
System.Exception: Something has gone wrong.
   在 NVisionService.App.App_DispatcherUnhandledException(Object sender, DispatcherUnhandledExceptionEventArgs e) 位置 D:\GHJ\Project\2021\06Project_NVS_360\03_NVS_360_Code\NtsVisionPlatform-develop-Gary\ntsvisionplatform\NVisionService\App.xaml.cs:行号 97
   在 System.Windows.Threading.Dispatcher.CatchException(Exception e)
   在 System.Windows.Threading.ExceptionWrapper.TryCatchWhen(Object source, Delegate callback, Object args, Int32 numArgs, Delegate catchHandler)
   在 System.Windows.Threading.Dispatcher.LegacyInvokeImpl(DispatcherPriority priority, TimeSpan timeout, Delegate method, Object args, Int32 numArgs)
   在 MS.Win32.HwndSubclass.SubclassWndProc(IntPtr hwnd, Int32 msg, IntPtr wParam, IntPtr lParam)
   在 MS.Win32.UnsafeNativeMethods.DispatchMessage(MSG& msg)
   在 System.Windows.Threading.Dispatcher.PushFrameImpl(DispatcherFrame frame)
   在 System.Windows.Application.RunDispatcher(Object ignore)
   在 System.Windows.Application.RunInternal(Window window)
   在 NVisionService.App.Main()
集合已修改；可能无法执行枚举操作。
System.Exception: Something has gone wrong.
   在 NVisionService.App.App_DispatcherUnhandledException(Object sender, DispatcherUnhandledExceptionEventArgs e) 位置 D:\GHJ\Project\2021\06Project_NVS_360\03_NVS_360_Code\NtsVisionPlatform-develop-Gary\ntsvisionplatform\NVisionService\App.xaml.cs:行号 97
   在 System.Windows.Threading.Dispatcher.CatchException(Exception e)
   在 System.Windows.Threading.ExceptionWrapper.TryCatchWhen(Object source, Delegate callback, Object args, Int32 numArgs, Delegate catchHandler)
   在 System.Windows.Threading.Dispatcher.LegacyInvokeImpl(DispatcherPriority priority, TimeSpan timeout, Delegate method, Object args, Int32 numArgs)
   在 MS.Win32.HwndSubclass.SubclassWndProc(IntPtr hwnd, Int32 msg, IntPtr wParam, IntPtr lParam)
集合已修改；可能无法执行枚举操作。
System.Exception: Something has gone wrong.
   在 NVisionService.App.App_DispatcherUnhandledException(Object sender, DispatcherUnhandledExceptionEventArgs e) 位置 D:\GHJ\Project\2021\06Project_NVS_360\03_NVS_360_Code\NtsVisionPlatform-develop-Gary\ntsvisionplatform\NVisionService\App.xaml.cs:行号 97
   在 System.Windows.Threading.Dispatcher.CatchException(Exception e)
   在 System.Windows.Threading.ExceptionWrapper.TryCatchWhen(Object source, Delegate callback, Object args, Int32 numArgs, Delegate catchHandler)
   在 System.Windows.Threading.Dispatcher.LegacyInvokeImpl(DispatcherPriority priority, TimeSpan timeout, Delegate method, Object args, Int32 numArgs)
   在 MS.Win32.HwndSubclass.SubclassWndProc(IntPtr hwnd, Int32 msg, IntPtr wParam, IntPtr lParam)
集合已修改；可能无法执行枚举操作。
System.Exception: Something has gone wrong.
   在 NVisionService.App.App_DispatcherUnhandledException(Object sender, DispatcherUnhandledExceptionEventArgs e) 位置 D:\GHJ\Project\2021\06Project_NVS_360\03_NVS_360_Code\NtsVisionPlatform-develop-Gary\ntsvisionplatform\NVisionService\App.xaml.cs:行号 97
   在 System.Windows.Threading.Dispatcher.CatchException(Exception e)
   在 System.Windows.Threading.ExceptionWrapper.TryCatchWhen(Object source, Delegate callback, Object args, Int32 numArgs, Delegate catchHandler)
   在 System.Windows.Threading.Dispatcher.LegacyInvokeImpl(DispatcherPriority priority, TimeSpan timeout, Delegate method, Object args, Int32 numArgs)
   在 MS.Win32.HwndSubclass.SubclassWndProc(IntPtr hwnd, Int32 msg, IntPtr wParam, IntPtr lParam)
未将对象引用设置到对象的实例。
System.Exception: Something has gone wrong.
   在 NVisionService.App.App_DispatcherUnhandledException(Object sender, DispatcherUnhandledExceptionEventArgs e) 位置 D:\GHJ\Project\2021\06Project_NVS_360\03_NVS_360_Code\NtsVisionPlatform-develop-Gary\ntsvisionplatform\NVisionService\App.xaml.cs:行号 97
   在 System.Windows.Threading.Dispatcher.CatchException(Exception e)
   在 System.Windows.Threading.ExceptionWrapper.TryCatchWhen(Object source, Delegate callback, Object args, Int32 numArgs, Delegate catchHandler)
   在 System.Windows.Threading.Dispatcher.LegacyInvokeImpl(DispatcherPriority priority, TimeSpan timeout, Delegate method, Object args, Int32 numArgs)
   在 MS.Win32.HwndSubclass.SubclassWndProc(IntPtr hwnd, Int32 msg, IntPtr wParam, IntPtr lParam)
“对类型“NVisionService.MainWindow”的构造函数执行符合指定的绑定约束的调用时引发了异常。”，行号为“11”，行位置为“9”。
Something has gone wrong.
System.Exception: Something has gone wrong.
   在 NVisionService.App.App_DispatcherUnhandledException(Object sender, DispatcherUnhandledExceptionEventArgs e) 位置 D:\GHJ\Project\2021\06Project_NVS_360\03_NVS_360_Code\NtsVisionPlatform-develop-Gary\ntsvisionplatform\NVisionService\App.xaml.cs:行号 97
   在 System.Windows.Threading.Dispatcher.CatchException(Exception e)
   在 System.Windows.Threading.ExceptionWrapper.TryCatchWhen(Object source, Delegate callback, Object args, Int32 numArgs, Delegate catchHandler)
   在 System.Windows.Threading.Dispatcher.LegacyInvokeImpl(DispatcherPriority priority, TimeSpan timeout, Delegate method, Object args, Int32 numArgs)
   在 MS.Win32.HwndSubclass.SubclassWndProc(IntPtr hwnd, Int32 msg, IntPtr wParam, IntPtr lParam)
   在 MS.Win32.UnsafeNativeMethods.DispatchMessage(MSG& msg)
   在 System.Windows.Threading.Dispatcher.PushFrameImpl(DispatcherFrame frame)
   在 System.Windows.Application.RunDispatcher(Object ignore)
   在 System.Windows.Application.RunInternal(Window window)
   在 NVisionService.App.Main()
System.TypeInitializationException: “OpenCvSharp.Internal.NativeMethods”的类型初始值设定项引发异常。 ---> System.DllNotFoundException: 无法加载 DLL“OpenCvSharpExtern”: 找不到指定的模块。 (异常来自 HRESULT:0x8007007E)。
   在 OpenCvSharp.Internal.NativeMethods.redirectError(CvErrorCallback errCallback, IntPtr userdata, IntPtr& prevUserdata)
   在 OpenCvSharp.Internal.NativeMethods.LoadLibraries(IEnumerable`1 additionalPaths)
   在 OpenCvSharp.Internal.NativeMethods..cctor()
   --- 内部异常堆栈跟踪的结尾 ---
   在 OpenCvSharp.Internal.NativeMethods.core_Mat_new8(Int32 rows, Int32 cols, Int32 type, IntPtr data, IntPtr step, IntPtr& returnValue)
   在 OpenCvSharp.Mat..ctor(Int32 rows, Int32 cols, MatType type, Array data, Int64 step)
   在 UtilityTool.ImCompress.ImageEncode(ImageByte source, ImageByte& encodeImage, Double resizeRatio, Int32 quality) 位置 D:\GHJ\Project\2021\06Project_NVS_360\03_NVS_360_Code\NtsVisionPlatform-develop-Gary\ntsvisionplatform\UtilityTool\ImCompress.cs:行号 17
   在 NVisionService.MainWindow.DisplayThreadFunc(Object obj) 位置 D:\GHJ\Project\2021\06Project_NVS_360\03_NVS_360_Code\NtsVisionPlatform-develop-Gary\ntsvisionplatform\NVisionService\MainWindow.xaml.cs:行号 688
   在 System.Threading.ExecutionContext.RunInternal(ExecutionContext executionContext, ContextCallback callback, Object state, Boolean preserveSyncCtx)
   在 System.Threading.ExecutionContext.Run(ExecutionContext executionContext, ContextCallback callback, Object state, Boolean preserveSyncCtx)
   在 System.Threading.ExecutionContext.Run(ExecutionContext executionContext, ContextCallback callback, Object state)
   在 System.Threading.ThreadHelper.ThreadStart(Object obj)
System.TypeInitializationException: “OpenCvSharp.Internal.NativeMethods”的类型初始值设定项引发异常。 ---> System.DllNotFoundException: 无法加载 DLL“OpenCvSharpExtern”: 找不到指定的模块。 (异常来自 HRESULT:0x8007007E)。
   在 OpenCvSharp.Internal.NativeMethods.redirectError(CvErrorCallback errCallback, IntPtr userdata, IntPtr& prevUserdata)
   在 OpenCvSharp.Internal.NativeMethods.LoadLibraries(IEnumerable`1 additionalPaths)
   在 OpenCvSharp.Internal.NativeMethods..cctor()
   --- 内部异常堆栈跟踪的结尾 ---
   在 OpenCvSharp.Internal.NativeMethods.core_Mat_new8(Int32 rows, Int32 cols, Int32 type, IntPtr data, IntPtr step, IntPtr& returnValue)
   在 OpenCvSharp.Mat..ctor(Int32 rows, Int32 cols, MatType type, Array data, Int64 step)
   在 UtilityTool.ImCompress.ImageEncode(ImageByte source, ImageByte& encodeImage, Double resizeRatio, Int32 quality) 位置 D:\GHJ\Project\2021\06Project_NVS_360\03_NVS_360_Code\NtsVisionPlatform-develop-Gary\ntsvisionplatform\UtilityTool\ImCompress.cs:行号 17
   在 NVisionService.MainWindow.DisplayThreadFunc(Object obj) 位置 D:\GHJ\Project\2021\06Project_NVS_360\03_NVS_360_Code\NtsVisionPlatform-develop-Gary\ntsvisionplatform\NVisionService\MainWindow.xaml.cs:行号 688
   在 System.Threading.ExecutionContext.RunInternal(ExecutionContext executionContext, ContextCallback callback, Object state, Boolean preserveSyncCtx)
   在 System.Threading.ExecutionContext.Run(ExecutionContext executionContext, ContextCallback callback, Object state, Boolean preserveSyncCtx)
   在 System.Threading.ExecutionContext.Run(ExecutionContext executionContext, ContextCallback callback, Object state)
   在 System.Threading.ThreadHelper.ThreadStart(Object obj)
System.TypeInitializationException: “OpenCvSharp.Internal.NativeMethods”的类型初始值设定项引发异常。 ---> System.DllNotFoundException: 无法加载 DLL“OpenCvSharpExtern”: 找不到指定的模块。 (异常来自 HRESULT:0x8007007E)。
   在 OpenCvSharp.Internal.NativeMethods.redirectError(CvErrorCallback errCallback, IntPtr userdata, IntPtr& prevUserdata)
   在 OpenCvSharp.Internal.NativeMethods.LoadLibraries(IEnumerable`1 additionalPaths)
   在 OpenCvSharp.Internal.NativeMethods..cctor()
   --- 内部异常堆栈跟踪的结尾 ---
   在 OpenCvSharp.Internal.NativeMethods.core_Mat_new8(Int32 rows, Int32 cols, Int32 type, IntPtr data, IntPtr step, IntPtr& returnValue)
   在 OpenCvSharp.Mat..ctor(Int32 rows, Int32 cols, MatType type, Array data, Int64 step)
   在 UtilityTool.ImCompress.ImageEncode(ImageByte source, ImageByte& encodeImage, Double resizeRatio, Int32 quality) 位置 D:\GHJ\Project\2021\06Project_NVS_360\03_NVS_360_Code\NtsVisionPlatform-develop-Gary\ntsvisionplatform\UtilityTool\ImCompress.cs:行号 17
   在 NVisionService.MainWindow.DisplayThreadFunc(Object obj) 位置 D:\GHJ\Project\2021\06Project_NVS_360\03_NVS_360_Code\NtsVisionPlatform-develop-Gary\ntsvisionplatform\NVisionService\MainWindow.xaml.cs:行号 688
   在 System.Threading.ExecutionContext.RunInternal(ExecutionContext executionContext, ContextCallback callback, Object state, Boolean preserveSyncCtx)
   在 System.Threading.ExecutionContext.Run(ExecutionContext executionContext, ContextCallback callback, Object state, Boolean preserveSyncCtx)
   在 System.Threading.ExecutionContext.Run(ExecutionContext executionContext, ContextCallback callback, Object state)
   在 System.Threading.ThreadHelper.ThreadStart(Object obj)
System.TypeInitializationException: “OpenCvSharp.Internal.NativeMethods”的类型初始值设定项引发异常。 ---> System.DllNotFoundException: 无法加载 DLL“OpenCvSharpExtern”: 找不到指定的模块。 (异常来自 HRESULT:0x8007007E)。
   在 OpenCvSharp.Internal.NativeMethods.redirectError(CvErrorCallback errCallback, IntPtr userdata, IntPtr& prevUserdata)
   在 OpenCvSharp.Internal.NativeMethods.LoadLibraries(IEnumerable`1 additionalPaths)
   在 OpenCvSharp.Internal.NativeMethods..cctor()
   --- 内部异常堆栈跟踪的结尾 ---
   在 OpenCvSharp.Internal.NativeMethods.core_Mat_new8(Int32 rows, Int32 cols, Int32 type, IntPtr data, IntPtr step, IntPtr& returnValue)
   在 OpenCvSharp.Mat..ctor(Int32 rows, Int32 cols, MatType type, Array data, Int64 step)
   在 UtilityTool.ImCompress.ImageEncode(ImageByte source, ImageByte& encodeImage, Double resizeRatio, Int32 quality) 位置 D:\GHJ\Project\2021\06Project_NVS_360\03_NVS_360_Code\NtsVisionPlatform-develop-Gary\ntsvisionplatform\UtilityTool\ImCompress.cs:行号 17
   在 NVisionService.MainWindow.DisplayThreadFunc(Object obj) 位置 D:\GHJ\Project\2021\06Project_NVS_360\03_NVS_360_Code\NtsVisionPlatform-develop-Gary\ntsvisionplatform\NVisionService\MainWindow.xaml.cs:行号 688
   在 System.Threading.ExecutionContext.RunInternal(ExecutionContext executionContext, ContextCallback callback, Object state, Boolean preserveSyncCtx)
   在 System.Threading.ExecutionContext.Run(ExecutionContext executionContext, ContextCallback callback, Object state, Boolean preserveSyncCtx)
   在 System.Threading.ExecutionContext.Run(ExecutionContext executionContext, ContextCallback callback, Object state)
   在 System.Threading.ThreadHelper.ThreadStart(Object obj)
System.TypeInitializationException: “OpenCvSharp.Internal.NativeMethods”的类型初始值设定项引发异常。 ---> System.DllNotFoundException: 无法加载 DLL“OpenCvSharpExtern”: 找不到指定的模块。 (异常来自 HRESULT:0x8007007E)。
   在 OpenCvSharp.Internal.NativeMethods.redirectError(CvErrorCallback errCallback, IntPtr userdata, IntPtr& prevUserdata)
   在 OpenCvSharp.Internal.NativeMethods.LoadLibraries(IEnumerable`1 additionalPaths)
   在 OpenCvSharp.Internal.NativeMethods..cctor()
   --- 内部异常堆栈跟踪的结尾 ---
   在 OpenCvSharp.Internal.NativeMethods.core_Mat_new8(Int32 rows, Int32 cols, Int32 type, IntPtr data, IntPtr step, IntPtr& returnValue)
   在 OpenCvSharp.Mat..ctor(Int32 rows, Int32 cols, MatType type, Array data, Int64 step)
   在 UtilityTool.ImCompress.ImageEncode(ImageByte source, ImageByte& encodeImage, Double resizeRatio, Int32 quality) 位置 D:\GHJ\Project\2021\06Project_NVS_360\03_NVS_360_Code\NtsVisionPlatform-develop-Gary\ntsvisionplatform\UtilityTool\ImCompress.cs:行号 17
   在 NVisionService.MainWindow.DisplayThreadFunc(Object obj) 位置 D:\GHJ\Project\2021\06Project_NVS_360\03_NVS_360_Code\NtsVisionPlatform-develop-Gary\ntsvisionplatform\NVisionService\MainWindow.xaml.cs:行号 688
   在 System.Threading.ExecutionContext.RunInternal(ExecutionContext executionContext, ContextCallback callback, Object state, Boolean preserveSyncCtx)
   在 System.Threading.ExecutionContext.Run(ExecutionContext executionContext, ContextCallback callback, Object state, Boolean preserveSyncCtx)
   在 System.Threading.ExecutionContext.Run(ExecutionContext executionContext, ContextCallback callback, Object state)
   在 System.Threading.ThreadHelper.ThreadStart(Object obj)
System.TypeInitializationException: “OpenCvSharp.Internal.NativeMethods”的类型初始值设定项引发异常。 ---> System.DllNotFoundException: 无法加载 DLL“OpenCvSharpExtern”: 找不到指定的模块。 (异常来自 HRESULT:0x8007007E)。
   在 OpenCvSharp.Internal.NativeMethods.redirectError(CvErrorCallback errCallback, IntPtr userdata, IntPtr& prevUserdata)
   在 OpenCvSharp.Internal.NativeMethods.LoadLibraries(IEnumerable`1 additionalPaths)
   在 OpenCvSharp.Internal.NativeMethods..cctor()
   --- 内部异常堆栈跟踪的结尾 ---
   在 OpenCvSharp.Internal.NativeMethods.core_Mat_new8(Int32 rows, Int32 cols, Int32 type, IntPtr data, IntPtr step, IntPtr& returnValue)
   在 OpenCvSharp.Mat..ctor(Int32 rows, Int32 cols, MatType type, Array data, Int64 step)
   在 UtilityTool.ImCompress.ImageEncode(ImageByte source, ImageByte& encodeImage, Double resizeRatio, Int32 quality) 位置 D:\GHJ\Project\2021\06Project_NVS_360\03_NVS_360_Code\NtsVisionPlatform-develop-Gary\ntsvisionplatform\UtilityTool\ImCompress.cs:行号 17
   在 NVisionService.MainWindow.DisplayThreadFunc(Object obj) 位置 D:\GHJ\Project\2021\06Project_NVS_360\03_NVS_360_Code\NtsVisionPlatform-develop-Gary\ntsvisionplatform\NVisionService\MainWindow.xaml.cs:行号 688
   在 System.Threading.ExecutionContext.RunInternal(ExecutionContext executionContext, ContextCallback callback, Object state, Boolean preserveSyncCtx)
   在 System.Threading.ExecutionContext.Run(ExecutionContext executionContext, ContextCallback callback, Object state, Boolean preserveSyncCtx)
   在 System.Threading.ExecutionContext.Run(ExecutionContext executionContext, ContextCallback callback, Object state)
   在 System.Threading.ThreadHelper.ThreadStart(Object obj)
System.TypeInitializationException: “OpenCvSharp.Internal.NativeMethods”的类型初始值设定项引发异常。 ---> System.DllNotFoundException: 无法加载 DLL“OpenCvSharpExtern”: 找不到指定的模块。 (异常来自 HRESULT:0x8007007E)。
   在 OpenCvSharp.Internal.NativeMethods.redirectError(CvErrorCallback errCallback, IntPtr userdata, IntPtr& prevUserdata)
   在 OpenCvSharp.Internal.NativeMethods.LoadLibraries(IEnumerable`1 additionalPaths)
   在 OpenCvSharp.Internal.NativeMethods..cctor()
   --- 内部异常堆栈跟踪的结尾 ---
   在 OpenCvSharp.Internal.NativeMethods.core_Mat_new8(Int32 rows, Int32 cols, Int32 type, IntPtr data, IntPtr step, IntPtr& returnValue)
   在 OpenCvSharp.Mat..ctor(Int32 rows, Int32 cols, MatType type, Array data, Int64 step)
   在 UtilityTool.ImCompress.ImageEncode(ImageByte source, ImageByte& encodeImage, Double resizeRatio, Int32 quality) 位置 D:\GHJ\Project\2021\06Project_NVS_360\03_NVS_360_Code\NtsVisionPlatform-develop-Gary\ntsvisionplatform\UtilityTool\ImCompress.cs:行号 17
   在 NVisionService.MainWindow.DisplayThreadFunc(Object obj) 位置 D:\GHJ\Project\2021\06Project_NVS_360\03_NVS_360_Code\NtsVisionPlatform-develop-Gary\ntsvisionplatform\NVisionService\MainWindow.xaml.cs:行号 688
   在 System.Threading.ExecutionContext.RunInternal(ExecutionContext executionContext, ContextCallback callback, Object state, Boolean preserveSyncCtx)
   在 System.Threading.ExecutionContext.Run(ExecutionContext executionContext, ContextCallback callback, Object state, Boolean preserveSyncCtx)
   在 System.Threading.ExecutionContext.Run(ExecutionContext executionContext, ContextCallback callback, Object state)
   在 System.Threading.ThreadHelper.ThreadStart(Object obj)
System.TypeInitializationException: “OpenCvSharp.Internal.NativeMethods”的类型初始值设定项引发异常。 ---> System.DllNotFoundException: 无法加载 DLL“OpenCvSharpExtern”: 找不到指定的模块。 (异常来自 HRESULT:0x8007007E)。
   在 OpenCvSharp.Internal.NativeMethods.redirectError(CvErrorCallback errCallback, IntPtr userdata, IntPtr& prevUserdata)
   在 OpenCvSharp.Internal.NativeMethods.LoadLibraries(IEnumerable`1 additionalPaths)
   在 OpenCvSharp.Internal.NativeMethods..cctor()
   --- 内部异常堆栈跟踪的结尾 ---
   在 OpenCvSharp.Internal.NativeMethods.core_Mat_new8(Int32 rows, Int32 cols, Int32 type, IntPtr data, IntPtr step, IntPtr& returnValue)
   在 OpenCvSharp.Mat..ctor(Int32 rows, Int32 cols, MatType type, Array data, Int64 step)
   在 UtilityTool.ImCompress.ImageEncode(ImageByte source, ImageByte& encodeImage, Double resizeRatio, Int32 quality) 位置 D:\GHJ\Project\2021\06Project_NVS_360\03_NVS_360_Code\NtsVisionPlatform-develop-Gary\ntsvisionplatform\UtilityTool\ImCompress.cs:行号 17
   在 NVisionService.MainWindow.DisplayThreadFunc(Object obj) 位置 D:\GHJ\Project\2021\06Project_NVS_360\03_NVS_360_Code\NtsVisionPlatform-develop-Gary\ntsvisionplatform\NVisionService\MainWindow.xaml.cs:行号 688
   在 System.Threading.ExecutionContext.RunInternal(ExecutionContext executionContext, ContextCallback callback, Object state, Boolean preserveSyncCtx)
   在 System.Threading.ExecutionContext.Run(ExecutionContext executionContext, ContextCallback callback, Object state, Boolean preserveSyncCtx)
   在 System.Threading.ExecutionContext.Run(ExecutionContext executionContext, ContextCallback callback, Object state)
   在 System.Threading.ThreadHelper.ThreadStart(Object obj)
System.TypeInitializationException: “OpenCvSharp.Internal.NativeMethods”的类型初始值设定项引发异常。 ---> System.DllNotFoundException: 无法加载 DLL“OpenCvSharpExtern”: 找不到指定的模块。 (异常来自 HRESULT:0x8007007E)。
   在 OpenCvSharp.Internal.NativeMethods.redirectError(CvErrorCallback errCallback, IntPtr userdata, IntPtr& prevUserdata)
   在 OpenCvSharp.Internal.NativeMethods.LoadLibraries(IEnumerable`1 additionalPaths)
   在 OpenCvSharp.Internal.NativeMethods..cctor()
   --- 内部异常堆栈跟踪的结尾 ---
   在 OpenCvSharp.Internal.NativeMethods.core_Mat_new8(Int32 rows, Int32 cols, Int32 type, IntPtr data, IntPtr step, IntPtr& returnValue)
   在 OpenCvSharp.Mat..ctor(Int32 rows, Int32 cols, MatType type, Array data, Int64 step)
   在 UtilityTool.ImCompress.ImageEncode(ImageByte source, ImageByte& encodeImage, Double resizeRatio, Int32 quality) 位置 D:\GHJ\Project\2021\06Project_NVS_360\03_NVS_360_Code\NtsVisionPlatform-develop-Gary\ntsvisionplatform\UtilityTool\ImCompress.cs:行号 17
   在 NVisionService.MainWindow.DisplayThreadFunc(Object obj) 位置 D:\GHJ\Project\2021\06Project_NVS_360\03_NVS_360_Code\NtsVisionPlatform-develop-Gary\ntsvisionplatform\NVisionService\MainWindow.xaml.cs:行号 688
   在 System.Threading.ExecutionContext.RunInternal(ExecutionContext executionContext, ContextCallback callback, Object state, Boolean preserveSyncCtx)
   在 System.Threading.ExecutionContext.Run(ExecutionContext executionContext, ContextCallback callback, Object state, Boolean preserveSyncCtx)
   在 System.Threading.ExecutionContext.Run(ExecutionContext executionContext, ContextCallback callback, Object state)
   在 System.Threading.ThreadHelper.ThreadStart(Object obj)
System.TypeLoadException: 未能从程序集“NCameras, Version=1.0.0.2, Culture=neutral, PublicKeyToken=null”中加载类型“NCamera.CameraImage”。
   在 NCamera.HIKCamera.ImageCallBack_internal(IntPtr pData, MV_FRAME_OUT_INFO_EX& stFrameInfo, IntPtr pInternalUserData)
System.TypeLoadException: 未能从程序集“NCameras, Version=1.0.0.2, Culture=neutral, PublicKeyToken=null”中加载类型“NCamera.CameraImage”。
   在 NCamera.HIKCamera.ImageCallBack_internal(IntPtr pData, MV_FRAME_OUT_INFO_EX& stFrameInfo, IntPtr pInternalUserData)
System.TypeLoadException: 未能从程序集“NCameras, Version=1.0.0.2, Culture=neutral, PublicKeyToken=null”中加载类型“NCamera.CameraImage”。
   在 NCamera.HIKCamera.ImageCallBack_internal(IntPtr pData, MV_FRAME_OUT_INFO_EX& stFrameInfo, IntPtr pInternalUserData)
System.TypeLoadException: 未能从程序集“NCameras, Version=1.0.0.2, Culture=neutral, PublicKeyToken=null”中加载类型“NCamera.CameraImage”。
   在 NCamera.HIKCamera.ImageCallBack_internal(IntPtr pData, MV_FRAME_OUT_INFO_EX& stFrameInfo, IntPtr pInternalUserData)
未能加载文件或程序集“System.Runtime.CompilerServices.Unsafe, Version=4.0.4.1, Culture=neutral, PublicKeyToken=b03f5f7f11d50a3a”或它的某一个依赖项。找到的程序集清单定义与程序集引用不匹配。 (异常来自 HRESULT:0x80131040)
System.Exception: Something has gone wrong.
   在 NVisionService.App.App_DispatcherUnhandledException(Object sender, DispatcherUnhandledExceptionEventArgs e) 位置 D:\GHJ\Project\2021\06Project_NVS_360\03_NVS_360_Code\NtsVisionPlatform-develop-Gary\ntsvisionplatform\NVisionService\App.xaml.cs:行号 97
   在 System.Windows.Threading.Dispatcher.CatchException(Exception e)
   在 System.Windows.Threading.ExceptionWrapper.TryCatchWhen(Object source, Delegate callback, Object args, Int32 numArgs, Delegate catchHandler)
   在 System.Windows.Threading.Dispatcher.LegacyInvokeImpl(DispatcherPriority priority, TimeSpan timeout, Delegate method, Object args, Int32 numArgs)
   在 MS.Win32.HwndSubclass.SubclassWndProc(IntPtr hwnd, Int32 msg, IntPtr wParam, IntPtr lParam)
未能加载文件或程序集“System.Runtime.CompilerServices.Unsafe, Version=4.0.4.1, Culture=neutral, PublicKeyToken=b03f5f7f11d50a3a”或它的某一个依赖项。找到的程序集清单定义与程序集引用不匹配。 (异常来自 HRESULT:0x80131040)
System.Exception: Something has gone wrong.
   在 NVisionService.App.App_DispatcherUnhandledException(Object sender, DispatcherUnhandledExceptionEventArgs e) 位置 D:\GHJ\Project\2021\06Project_NVS_360\03_NVS_360_Code\NtsVisionPlatform-develop-Gary\ntsvisionplatform\NVisionService\App.xaml.cs:行号 97
   在 System.Windows.Threading.Dispatcher.CatchException(Exception e)
   在 System.Windows.Threading.ExceptionWrapper.TryCatchWhen(Object source, Delegate callback, Object args, Int32 numArgs, Delegate catchHandler)
   在 System.Windows.Threading.Dispatcher.LegacyInvokeImpl(DispatcherPriority priority, TimeSpan timeout, Delegate method, Object args, Int32 numArgs)
   在 MS.Win32.HwndSubclass.SubclassWndProc(IntPtr hwnd, Int32 msg, IntPtr wParam, IntPtr lParam)
未能加载文件或程序集“System.Runtime.CompilerServices.Unsafe, Version=4.0.4.1, Culture=neutral, PublicKeyToken=b03f5f7f11d50a3a”或它的某一个依赖项。找到的程序集清单定义与程序集引用不匹配。 (异常来自 HRESULT:0x80131040)
System.Exception: Something has gone wrong.
   在 NVisionService.App.App_DispatcherUnhandledException(Object sender, DispatcherUnhandledExceptionEventArgs e) 位置 D:\GHJ\Project\2021\06Project_NVS_360\03_NVS_360_Code\NtsVisionPlatform-develop-Gary\ntsvisionplatform\NVisionService\App.xaml.cs:行号 97
   在 System.Windows.Threading.Dispatcher.CatchException(Exception e)
   在 System.Windows.Threading.ExceptionWrapper.TryCatchWhen(Object source, Delegate callback, Object args, Int32 numArgs, Delegate catchHandler)
   在 System.Windows.Threading.Dispatcher.LegacyInvokeImpl(DispatcherPriority priority, TimeSpan timeout, Delegate method, Object args, Int32 numArgs)
   在 MS.Win32.HwndSubclass.SubclassWndProc(IntPtr hwnd, Int32 msg, IntPtr wParam, IntPtr lParam)
System.InvalidOperationException: 对象当前正在其他地方使用。
   在 System.Drawing.Image.get_Width()
   在 System.Drawing.Image.get_Size()
   在 NDisplay.CanvasBox.OnSizeChanged(EventArgs e) 位置 D:\GHJ\Project\2021\06Project_NVS_360\03_NVS_360_Code\NtsVisionPlatform-develop-Gary\ntsvisionplatform\NDisplay\CanvasBox.cs:行号 381
   在 System.Windows.Forms.Control.UpdateBounds(Int32 x, Int32 y, Int32 width, Int32 height, Int32 clientWidth, Int32 clientHeight)
   在 System.Windows.Forms.Control.UpdateBounds()
   在 System.Windows.Forms.Control.WmWindowPosChanged(Message& m)
   在 System.Windows.Forms.Control.WndProc(Message& m)
   在 System.Windows.Forms.NativeWindow.DebuggableCallback(IntPtr hWnd, Int32 msg, IntPtr wparam, IntPtr lparam)
未通过等待任务或访问任务的 Exception 属性观察到任务的异常。因此，终结器线程重新引发了未观察到的异常。
未通过等待任务或访问任务的 Exception 属性观察到任务的异常。因此，终结器线程重新引发了未观察到的异常。
未通过等待任务或访问任务的 Exception 属性观察到任务的异常。因此，终结器线程重新引发了未观察到的异常。
未通过等待任务或访问任务的 Exception 属性观察到任务的异常。因此，终结器线程重新引发了未观察到的异常。
未通过等待任务或访问任务的 Exception 属性观察到任务的异常。因此，终结器线程重新引发了未观察到的异常。
未通过等待任务或访问任务的 Exception 属性观察到任务的异常。因此，终结器线程重新引发了未观察到的异常。
未通过等待任务或访问任务的 Exception 属性观察到任务的异常。因此，终结器线程重新引发了未观察到的异常。
未将对象引用设置到对象的实例。
System.Exception: Something has gone wrong.
   在 NVisionService.App.App_DispatcherUnhandledException(Object sender, DispatcherUnhandledExceptionEventArgs e) 位置 D:\GHJ\Project\2021\06Project_NVS_360\03_NVS_360_Code\NtsVisionPlatform-develop-Gary\ntsvisionplatform\NVisionService\App.xaml.cs:行号 97
   在 System.Windows.Threading.Dispatcher.CatchException(Exception e)
   在 System.Windows.Threading.ExceptionWrapper.TryCatchWhen(Object source, Delegate callback, Object args, Int32 numArgs, Delegate catchHandler)
   在 System.Windows.Threading.Dispatcher.LegacyInvokeImpl(DispatcherPriority priority, TimeSpan timeout, Delegate method, Object args, Int32 numArgs)
   在 MS.Win32.HwndSubclass.SubclassWndProc(IntPtr hwnd, Int32 msg, IntPtr wParam, IntPtr lParam)
   在 MS.Win32.UnsafeNativeMethods.DispatchMessage(MSG& msg)
   在 System.Windows.Threading.Dispatcher.PushFrameImpl(DispatcherFrame frame)
   在 System.Windows.Application.RunDispatcher(Object ignore)
   在 System.Windows.Application.RunInternal(Window window)
   在 NVisionService.App.Main()
System.InvalidOperationException: 对象当前正在其他地方使用。
   在 System.Drawing.Image.get_Width()
   在 System.Drawing.Image.get_Size()
   在 NDisplay.CanvasBox.OnSizeChanged(EventArgs e) 位置 D:\GHJ\Project\2021\06Project_NVS_360\03_NVS_360_Code\NtsVisionPlatform-develop-Gary\ntsvisionplatform\NDisplay\CanvasBox.cs:行号 395
   在 System.Windows.Forms.Control.UpdateBounds(Int32 x, Int32 y, Int32 width, Int32 height, Int32 clientWidth, Int32 clientHeight)
   在 System.Windows.Forms.Control.UpdateBounds()
   在 System.Windows.Forms.Control.WmWindowPosChanged(Message& m)
   在 System.Windows.Forms.Control.WndProc(Message& m)
   在 System.Windows.Forms.NativeWindow.DebuggableCallback(IntPtr hWnd, Int32 msg, IntPtr wparam, IntPtr lparam)
System.NullReferenceException: 未将对象引用设置到对象的实例。
   在 NVisionService.MainWindow.GetProcessResult(IMVS_PF_MODU_RES_INFO resModuInfo, IMVS_PF_FORMAT_MODU_INFO FORMAT_MODU_INFO, String imageSystemID) 位置 D:\GHJ\Project\2021\06Project_NVS_360\03_NVS_360_Code\NtsVisionPlatform-develop-Gary\ntsvisionplatform\NVisionService\MainWindowP_Process.cs:行号 433
   在 NVisionService.MainWindow.ProcessTesterPC1(IntPtr pInputStruct, IntPtr pUser) 位置 D:\GHJ\Project\2021\06Project_NVS_360\03_NVS_360_Code\NtsVisionPlatform-develop-Gary\ntsvisionplatform\NVisionService\MainWindowP_Process.cs:行号 123
   在 NVisionService.MainWindow.SolutionUC_Callback(IntPtr pInputStruct, IntPtr pUser) 位置 D:\GHJ\Project\2021\06Project_NVS_360\03_NVS_360_Code\NtsVisionPlatform-develop-Gary\ntsvisionplatform\NVisionService\MainWindow.xaml.cs:行号 855
   在 NSolution.NSolution.delegateOutputCallBackFunc(IntPtr pInputStruct, IntPtr pUser) 位置 D:\GHJ\Project\2021\06Project_NVS_360\03_NVS_360_Code\NtsVisionPlatform-develop-Gary\ntsvisionplatform\NSolution\NSolution.xaml.cs:行号 965
System.Collections.Generic.KeyNotFoundException: 给定关键字不在字典中。
   在 System.ThrowHelper.ThrowKeyNotFoundException()
   在 System.Collections.Generic.Dictionary`2.get_Item(TKey key)
   在 NVisionService.MainWindow.CaptureThreadFunc(Object obj) 位置 D:\GHJ\Project\2021\06Project_NVS_360\03_NVS_360_Code\NtsVisionPlatform-develop-Gary\ntsvisionplatform\NVisionService\MainWindow.xaml.cs:行号 539
   在 System.Threading.ExecutionContext.RunInternal(ExecutionContext executionContext, ContextCallback callback, Object state, Boolean preserveSyncCtx)
   在 System.Threading.ExecutionContext.Run(ExecutionContext executionContext, ContextCallback callback, Object state, Boolean preserveSyncCtx)
   在 System.Threading.ExecutionContext.Run(ExecutionContext executionContext, ContextCallback callback, Object state)
   在 System.Threading.ThreadHelper.ThreadStart(Object obj)
未将对象引用设置到对象的实例。
System.Exception: Something has gone wrong.
   在 NVisionService.App.App_DispatcherUnhandledException(Object sender, DispatcherUnhandledExceptionEventArgs e) 位置 D:\GHJ\Project\2021\06Project_NVS_360\03_NVS_360_Code\NtsVisionPlatform-develop-Gary\ntsvisionplatform\NVisionService\App.xaml.cs:行号 97
   在 System.Windows.Threading.Dispatcher.CatchException(Exception e)
   在 System.Windows.Threading.ExceptionWrapper.TryCatchWhen(Object source, Delegate callback, Object args, Int32 numArgs, Delegate catchHandler)
   在 System.Windows.Threading.Dispatcher.LegacyInvokeImpl(DispatcherPriority priority, TimeSpan timeout, Delegate method, Object args, Int32 numArgs)
   在 MS.Win32.HwndSubclass.SubclassWndProc(IntPtr hwnd, Int32 msg, IntPtr wParam, IntPtr lParam)
   在 MS.Win32.UnsafeNativeMethods.DispatchMessage(MSG& msg)
   在 System.Windows.Threading.Dispatcher.PushFrameImpl(DispatcherFrame frame)
   在 System.Windows.Application.RunDispatcher(Object ignore)
   在 System.Windows.Application.RunInternal(Window window)
   在 NVisionService.App.Main()
System.NullReferenceException: 未将对象引用设置到对象的实例。
   在 NVisionService.MainWindow.GetProcessResult(IMVS_PF_MODU_RES_INFO resModuInfo, IMVS_PF_FORMAT_MODU_INFO FORMAT_MODU_INFO, String imageSystemID) 位置 D:\GHJ\Project\2021\06Project_NVS_360\03_NVS_360_Code\NtsVisionPlatform-develop-Gary\ntsvisionplatform\NVisionService\MainWindowP_Process.cs:行号 436
   在 NVisionService.MainWindow.ProcessTesterPC1(IntPtr pInputStruct, IntPtr pUser) 位置 D:\GHJ\Project\2021\06Project_NVS_360\03_NVS_360_Code\NtsVisionPlatform-develop-Gary\ntsvisionplatform\NVisionService\MainWindowP_Process.cs:行号 123
   在 NVisionService.MainWindow.SolutionUC_Callback(IntPtr pInputStruct, IntPtr pUser) 位置 D:\GHJ\Project\2021\06Project_NVS_360\03_NVS_360_Code\NtsVisionPlatform-develop-Gary\ntsvisionplatform\NVisionService\MainWindow.xaml.cs:行号 863
   在 NSolution.NSolution.delegateOutputCallBackFunc(IntPtr pInputStruct, IntPtr pUser) 位置 D:\GHJ\Project\2021\06Project_NVS_360\03_NVS_360_Code\NtsVisionPlatform-develop-Gary\ntsvisionplatform\NSolution\NSolution.xaml.cs:行号 965
System.NullReferenceException: 未将对象引用设置到对象的实例。
   在 NVisionService.MainWindow.GetProcessResult(IMVS_PF_MODU_RES_INFO resModuInfo, IMVS_PF_FORMAT_MODU_INFO FORMAT_MODU_INFO, String imageSystemID)
   在 NVisionService.MainWindow.ProcessTesterPC1(IntPtr pInputStruct, IntPtr pUser)
   在 NVisionService.MainWindow.SolutionUC_Callback(IntPtr pInputStruct, IntPtr pUser)
   在 NSolution.NSolution.delegateOutputCallBackFunc(IntPtr pInputStruct, IntPtr pUser) 位置 D:\GHJ\Project\2021\06Project_NVS_360\03_NVS_360_Code\NtsVisionPlatform-develop-Gary\ntsvisionplatform\NSolution\NSolution.xaml.cs:行号 965
未将对象引用设置到对象的实例。
System.Exception: Something has gone wrong.
   在 NVisionService.App.App_DispatcherUnhandledException(Object sender, DispatcherUnhandledExceptionEventArgs e) 位置 D:\GHJ\Project\2021\06Project_NVS_360\03_NVS_360_Code\NtsVisionPlatform-develop-Gary\ntsvisionplatform\NVisionService\App.xaml.cs:行号 97
   在 System.Windows.Threading.Dispatcher.CatchException(Exception e)
   在 System.Windows.Threading.ExceptionWrapper.TryCatchWhen(Object source, Delegate callback, Object args, Int32 numArgs, Delegate catchHandler)
   在 System.Windows.Threading.Dispatcher.LegacyInvokeImpl(DispatcherPriority priority, TimeSpan timeout, Delegate method, Object args, Int32 numArgs)
   在 MS.Win32.HwndSubclass.SubclassWndProc(IntPtr hwnd, Int32 msg, IntPtr wParam, IntPtr lParam)
   在 MS.Win32.UnsafeNativeMethods.DispatchMessage(MSG& msg)
   在 System.Windows.Threading.Dispatcher.PushFrameImpl(DispatcherFrame frame)
   在 System.Windows.Application.RunDispatcher(Object ignore)
   在 System.Windows.Application.RunInternal(Window window)
   在 NVisionService.App.Main()
索引超出范围。必须为非负值并小于集合大小。
参数名: index
System.Exception: Something has gone wrong.
   在 NVisionService.App.App_DispatcherUnhandledException(Object sender, DispatcherUnhandledExceptionEventArgs e) 位置 D:\GHJ\Project\2021\06Project_NVS_360\03_NVS_360_Code\NtsVisionPlatform-develop-Gary\ntsvisionplatform\NVisionService\App.xaml.cs:行号 97
   在 System.Windows.Threading.Dispatcher.CatchException(Exception e)
   在 System.Windows.Threading.ExceptionWrapper.TryCatchWhen(Object source, Delegate callback, Object args, Int32 numArgs, Delegate catchHandler)
   在 System.Windows.Threading.Dispatcher.LegacyInvokeImpl(DispatcherPriority priority, TimeSpan timeout, Delegate method, Object args, Int32 numArgs)
   在 MS.Win32.HwndSubclass.SubclassWndProc(IntPtr hwnd, Int32 msg, IntPtr wParam, IntPtr lParam)
   在 MS.Win32.UnsafeNativeMethods.DispatchMessage(MSG& msg)
   在 System.Windows.Threading.Dispatcher.PushFrameImpl(DispatcherFrame frame)
   在 System.Windows.Application.RunDispatcher(Object ignore)
   在 System.Windows.Application.RunInternal(Window window)
   在 NVisionService.App.Main()
索引超出范围。必须为非负值并小于集合大小。
参数名: index
System.Exception: Something has gone wrong.
   在 NVisionService.App.App_DispatcherUnhandledException(Object sender, DispatcherUnhandledExceptionEventArgs e) 位置 D:\GHJ\Project\2021\06Project_NVS_360\03_NVS_360_Code\NtsVisionPlatform-develop-Gary\ntsvisionplatform\NVisionService\App.xaml.cs:行号 97
   在 System.Windows.Threading.Dispatcher.CatchException(Exception e)
   在 System.Windows.Threading.ExceptionWrapper.TryCatchWhen(Object source, Delegate callback, Object args, Int32 numArgs, Delegate catchHandler)
   在 System.Windows.Threading.Dispatcher.LegacyInvokeImpl(DispatcherPriority priority, TimeSpan timeout, Delegate method, Object args, Int32 numArgs)
   在 MS.Win32.HwndSubclass.SubclassWndProc(IntPtr hwnd, Int32 msg, IntPtr wParam, IntPtr lParam)
   在 MS.Win32.UnsafeNativeMethods.DispatchMessage(MSG& msg)
   在 System.Windows.Threading.Dispatcher.PushFrameImpl(DispatcherFrame frame)
   在 System.Windows.Application.RunDispatcher(Object ignore)
   在 System.Windows.Application.RunInternal(Window window)
   在 NVisionService.App.Main()
