[09:07:46.823999 I 6828 global_logger] create factory logger completed.
[09:07:46.824457 I 6828 global_logger] prepare to init system...
[09:07:46.824581 I 6828 global_logger] config path: , argvs: ["D:\\Nigo\\Nigo\\bin\\Debug\\"]
[09:07:46.825493 D 6828 global_logger] load plugin library: "D:\Nigo\Nigo\bin\Debug\hardware.dll"...
[09:07:46.825965 D 6828 global_logger] load plugin library: "D:\Nigo\Nigo\bin\Debug\hardware.dll" completed.
[09:07:46.826040 D 6828 global_logger] load plugin library: "D:\Nigo\Nigo\bin\Debug\lua_bindings.dll"...
[09:07:46.833862 D 6828 global_logger] load plugin library: "D:\Nigo\Nigo\bin\Debug\lua_bindings.dll" completed.
[09:07:46.833963 D 6828 global_logger] load plugin library: "D:\Nigo\Nigo\bin\Debug\csharp_bridge.dll"...
[09:07:46.839104 D 6828 global_logger] load plugin library: "D:\Nigo\Nigo\bin\Debug\csharp_bridge.dll" completed.
[09:07:46.839242 D 6828 global_logger] load plugin library: "D:\Nigo\Nigo\bin\Debug\GM91ECU.dll"...
[09:07:46.845327 D 6828 global_logger] load plugin library: "D:\Nigo\Nigo\bin\Debug\GM91ECU.dll" completed.
[09:07:46.845432 D 6828 global_logger] load plugin library: "D:\Nigo\Nigo\bin\Debug\AdvCan.dll"...
[09:07:46.849937 D 6828 global_logger] load plugin library: "D:\Nigo\Nigo\bin\Debug\AdvCan.dll" completed.
[09:07:46.850039 D 6828 global_logger] load plugin library: "D:\Nigo\Nigo\bin\Debug\hardware_wrapper_help.dll"...
[09:07:46.857906 D 6828 global_logger] load plugin library: "D:\Nigo\Nigo\bin\Debug\hardware_wrapper_help.dll" completed.
[09:07:46.858002 D 6828 global_logger] load plugin library: "D:\Nigo\Nigo\bin\Debug\amc2d.dll"...
[09:07:46.942796 D 6828 global_logger] load plugin library: "D:\Nigo\Nigo\bin\Debug\amc2d.dll" completed.
[09:07:46.942890 D 6828 global_logger] load plugin library: "D:\Nigo\Nigo\bin\Debug\GM06EC.dll"...
[09:07:46.947589 D 6828 global_logger] load plugin library: "D:\Nigo\Nigo\bin\Debug\GM06EC.dll" completed.
[09:07:46.947684 D 6828 global_logger] load plugin library: "D:\Nigo\Nigo\bin\Debug\CanMotionIo.dll"...
[09:07:46.953375 D 6828 global_logger] load plugin library: "D:\Nigo\Nigo\bin\Debug\CanMotionIo.dll" completed.
[09:07:46.953482 I 6828 global_logger] load pre-load libraries completed.
[09:07:46.953541 I 6828 global_logger] execute function: init_clr_factory ...
[09:07:47.903682 W 6828 global_logger] Factory Compose() in C# used 913 ms
[09:07:47.921665 W 6828 global_logger] Factory call RegisterTypes2System() in C# used 9 ms
[09:07:47.984209 W 6828 global_logger] Factory InitScriptSys() in C# used 0 ms
[09:07:47.984350 I 6828 global_logger] execute function: init_clr_factory completed.
[09:07:47.993253 D 6828 global_logger] start to create nodes in module: [global]...
[09:07:47.993759 D 6828 global_logger] start to create nodes in module: robot_1...
[09:07:48.059893 I 6828 global_logger] execute function: init_wrapper_sys ...
[09:07:48.262883 W 6828 global_logger] Factory CreateOmd in C# used 160 ms
[09:07:48.263041 I 6828 global_logger] execute function: init_wrapper_sys completed.
[09:07:48.263129 D 6828 global_logger] start to check version in module: LogManager...
[09:07:48.263251 D 6828 global_logger] start to check version in module: Root...
[09:07:48.263324 D 6828 global_logger] start to check version in module: Logger...
[09:07:48.263415 D 6828 global_logger] start to check version in module: Null...
[09:07:48.263487 I 6828 global_logger] check version dependence for nodes in module: [global] completed.
[09:07:48.263559 D 6828 global_logger] start to check version in module: Machine...
[09:07:48.264634 D 6828 global_logger] start to check version in module: HardwareManager...
[09:07:48.265036 D 6828 global_logger] start to check version in module: LuaScriptManager...
[09:07:48.267493 D 6828 global_logger] start to check version in module: MotionApi...
[09:07:48.267759 D 6828 global_logger] start to check version in module: Axis...
[09:07:48.268242 D 6828 global_logger] start to check version in module: IoApi...
[09:07:48.268467 D 6828 global_logger] start to check version in module: DigitalInput...
[09:07:48.269478 D 6828 global_logger] start to check version in module: AnalogInput...
[09:07:48.269696 D 6828 global_logger] start to check version in module: DigitalOutput...
[09:07:48.270475 D 6828 global_logger] start to check version in module: Cylinder...
[09:07:48.270723 D 6828 global_logger] start to check version in module: Beacon...
[09:07:48.270870 D 6828 global_logger] start to check version in module: EncoderReader...
[09:07:48.271006 D 6828 global_logger] start to check version in module: SimpleSynComm...
[09:07:48.271130 D 6828 global_logger] start to check version in module: CmdAgent...
[09:07:48.273003 D 6828 global_logger] start to check version in module: Logger...
[09:07:48.273236 I 6828 global_logger] check version dependence for nodes in module: robot_1 completed.
[09:07:48.273424 D 6828 global_logger] start to set nodes configs in module: [global]
[09:07:48.273541 D 6828 global_logger] start to set nodes configs in module: robot_1
[09:07:48.278675 W 6828 global_logger] robot_1::Axis::s1_turner(DefaultAxis)@robot_1.json. neg_limit bigger than pos_limit, soft limit disabled!
[09:07:48.317188 I 6828 global_logger] set config for nodes completed.
[09:07:48.317355 D 6828 global_logger] start to link in module: LogManager...
[09:07:48.317465 D 6828 global_logger] start to link in module: Root...
[09:07:48.317567 D 6828 global_logger] start to link in module: Logger...
[09:07:48.317719 D 6828 global_logger] start to link in module: Null...
[09:07:48.317826 I 6828 global_logger] link for nodes in module: [global] completed.
[09:07:48.317927 D 6828 global_logger] start to link in module: Machine...
[09:07:48.318298 D 6828 global_logger] start to link in module: HardwareManager...
[09:07:48.319362 D 6828 global_logger] start to link in module: LuaScriptManager...
[09:07:48.319579 D 6828 global_logger] start to link in module: MotionApi...
[09:07:48.319709 D 6828 global_logger] start to link in module: Axis...
[09:07:48.320574 D 6828 global_logger] start to link in module: IoApi...
[09:07:48.320736 D 6828 global_logger] start to link in module: DigitalInput...
[09:07:48.322235 D 6828 global_logger] start to link in module: AnalogInput...
[09:07:48.322531 D 6828 global_logger] start to link in module: DigitalOutput...
[09:07:48.323871 D 6828 global_logger] start to link in module: Cylinder...
[09:07:48.324223 D 6828 global_logger] start to link in module: Beacon...
[09:07:48.324403 D 6828 global_logger] start to link in module: EncoderReader...
[09:07:48.324531 D 6828 global_logger] start to link in module: SimpleSynComm...
[09:07:48.324665 D 6828 global_logger] start to link in module: CmdAgent...
[09:07:48.325038 D 6828 global_logger] start to link in module: Logger...
[09:07:48.325265 I 6828 global_logger] link for nodes in module: robot_1 completed.
[09:07:48.325392 I 6828 global_logger] add to parent for nodes in module: [global] completed.
[09:07:48.338450 I 6828 global_logger] add to parent for nodes in module: robot_1 completed.
[09:07:48.343469 I 6828 global_logger] link logger for nodes in module: [global] completed.
[09:07:48.344063 I 6828 global_logger] link logger for nodes in module: robot_1 completed.
[09:07:48.344194 I 6828 global_logger] check pointers for nodes in module: [global] completed.
[09:07:48.344311 I 6828 global_logger] check pointers for nodes in module: robot_1 completed.
[09:07:48.344468 I 6828 global_logger] add default dependence for nodes in module: [global] completed.
[09:07:48.351593 I 6828 global_logger] add default dependence for nodes in module: robot_1 completed.
[09:07:48.351766 I 6828 global_logger] initialize default nodes in module: [global] completed.
[09:07:48.351873 I 6828 global_logger] initialize default nodes in module: robot_1 completed.
[09:07:48.351974 I 6828 global_logger] execute function: link_nodes ...
[09:07:48.373367 I 6172 global_logger] Link Machine in c#
[09:07:48.428513 W 6828 global_logger] Factory call LinkAllNodes() in C# used 70 ms
[09:07:48.428711 I 6828 global_logger] execute function: link_nodes completed.
[09:07:48.442374 I 6828 global_logger] system init completed.
[09:07:48.519511 D 6828 global_logger] node: [global]::LogManager::singleton_instance(LogManager)@, init recursive completed. 
[09:07:48.538865 D 6828 global_log] node: robot_1::Logger::global_log(Logger)@robot_1.json, init recursive completed. 
[09:07:48.539231 D 6828 global_log] node: robot_1::IoApi::GM06EC_IO_0(IO_GM06EC)@robot_1.json, init recursive completed. 
[09:07:48.539327 D 6828 global_logger] node: robot_1::DigitalOutput::out_fly_capture_trigger(DefaultDigitalOutput)@robot_1.json, init recursive completed. 
[09:07:48.539398 D 6828 global_logger] node: robot_1::DigitalInput::in_handler_emo(DefaultDigitalInput)@robot_1.json, init recursive completed. 
[09:07:48.542704 D 6828 global_log] node: robot_1::IoApi::GM04EC_IO_1(IoGm91Ecu)@robot_1.json, init recursive completed. 
[09:07:48.542823 D 6828 global_logger] node: robot_1::DigitalOutput::out_vacc_break_station11(DefaultDigitalOutput)@robot_1.json, init recursive completed. 
[09:07:48.542910 D 6828 global_logger] node: robot_1::DigitalOutput::out_rear_door_cylinder_lock(DefaultDigitalOutput)@robot_1.json, init recursive completed. 
[09:07:48.543003 D 6828 global_logger] node: robot_1::DigitalOutput::out_led_yellow(DefaultDigitalOutput)@robot_1.json, init recursive completed. 
[09:07:48.543309 D 6828 global_log] node: robot_1::IoApi::GM04EC_IO_0(IoGm91Ecu)@robot_1.json, init recursive completed. 
[09:07:48.543393 D 6828 global_logger] node: robot_1::DigitalOutput::out_vacc_open_station4(DefaultDigitalOutput)@robot_1.json, init recursive completed. 
[09:07:48.543464 D 6828 global_logger] node: robot_1::DigitalOutput::out_led_red(DefaultDigitalOutput)@robot_1.json, init recursive completed. 
[09:07:48.543536 D 6828 global_logger] node: robot_1::DigitalOutput::out_led_green(DefaultDigitalOutput)@robot_1.json, init recursive completed. 
[09:07:48.543602 D 6828 global_logger] node: robot_1::DigitalOutput::out_led_beep(DefaultDigitalOutput)@robot_1.json, init recursive completed. 
[09:07:48.543668 D 6828 global_logger] node: robot_1::Beacon::default(DefaultBeacon)@robot_1.json, init recursive completed. 
[09:07:48.543740 D 6828 global_logger] node: robot_1::DigitalOutput::out_vacc_open_station11(DefaultDigitalOutput)@robot_1.json, init recursive completed. 
[09:07:48.543814 D 6828 global_logger] node: robot_1::DigitalOutput::out_vacc_open_station9(DefaultDigitalOutput)@robot_1.json, init recursive completed. 
[09:07:48.543889 D 6828 global_logger] node: robot_1::DigitalOutput::out_vacc_open_station12(DefaultDigitalOutput)@robot_1.json, init recursive completed. 
[09:07:48.543962 D 6828 global_logger] node: robot_1::DigitalInput::in_left_door_cylinder_release(DefaultDigitalInput)@robot_1.json, init recursive completed. 
[09:07:48.544034 D 6828 global_logger] node: robot_1::DigitalOutput::out_vacc_open_station6(DefaultDigitalOutput)@robot_1.json, init recursive completed. 
[09:07:48.544105 D 6828 global_logger] node: robot_1::DigitalInput::in_right_door_cylinder_release(DefaultDigitalInput)@robot_1.json, init recursive completed. 
[09:07:48.544176 D 6828 global_logger] node: robot_1::DigitalOutput::out_vacc_break_station9(DefaultDigitalOutput)@robot_1.json, init recursive completed. 
[09:07:48.544264 D 6828 global_logger] node: robot_1::DigitalInput::in_left_door_sensor(DefaultDigitalInput)@robot_1.json, init recursive completed. 
[09:07:48.544331 D 6828 global_logger] node: robot_1::DigitalInput::in_vacc_station5(DefaultDigitalInput)@robot_1.json, init recursive completed. 
[09:07:48.544458 D 6828 global_logger] node: robot_1::DigitalOutput::out_vacc_open_station3(DefaultDigitalOutput)@robot_1.json, init recursive completed. 
[09:07:48.544556 D 6828 global_logger] node: robot_1::DigitalInput::in_rear_door_cylinder_release(DefaultDigitalInput)@robot_1.json, init recursive completed. 
[09:07:48.544616 D 6828 global_logger] node: robot_1::DigitalOutput::out_left_door_cylinder_lock(DefaultDigitalOutput)@robot_1.json, init recursive completed. 
[09:07:48.544676 D 6828 global_logger] node: robot_1::DigitalOutput::out_vacc_break_station3(DefaultDigitalOutput)@robot_1.json, init recursive completed. 
[09:07:48.547178 D 6828 global_logger] node: robot_1::DigitalOutput::out_right_door_cylinder_lock(DefaultDigitalOutput)@robot_1.json, init recursive completed. 
[09:07:48.547254 D 6828 global_logger] node: robot_1::DigitalOutput::out_turner_svon(DefaultDigitalOutput)@robot_1.json, init recursive completed. 
[09:07:48.547327 D 6828 global_logger] node: robot_1::DigitalOutput::out_vacc_break_station7(DefaultDigitalOutput)@robot_1.json, init recursive completed. 
[09:07:48.561306 D 6828 global_logger] node: robot_1::DigitalInput::in_ccdz4_lmtp(DefaultDigitalInput)@robot_1.json, init recursive completed. 
[09:07:48.561417 D 6828 global_logger] node: robot_1::DigitalOutput::out_vacc_open_station1(DefaultDigitalOutput)@robot_1.json, init recursive completed. 
[09:07:48.561484 D 6828 global_logger] node: robot_1::DigitalOutput::out_vacc_break_station1(DefaultDigitalOutput)@robot_1.json, init recursive completed. 
[09:07:48.561548 D 6828 global_logger] node: robot_1::DigitalOutput::out_vacc_open_station2(DefaultDigitalOutput)@robot_1.json, init recursive completed. 
[09:07:48.561607 D 6828 global_logger] node: robot_1::DigitalInput::in_air_source(DefaultDigitalInput)@robot_1.json, init recursive completed. 
[09:07:48.561676 D 6828 global_logger] node: robot_1::DigitalOutput::out_vacc_break_station2(DefaultDigitalOutput)@robot_1.json, init recursive completed. 
[09:07:48.561739 D 6828 global_logger] node: robot_1::DigitalInput::in_vacc_station8(DefaultDigitalInput)@robot_1.json, init recursive completed. 
[09:07:48.561802 D 6828 global_logger] node: robot_1::DigitalOutput::out_vacc_break_station4(DefaultDigitalOutput)@robot_1.json, init recursive completed. 
[09:07:48.561865 D 6828 global_logger] node: robot_1::DigitalOutput::out_vacc_open_station10(DefaultDigitalOutput)@robot_1.json, init recursive completed. 
[09:07:48.561931 D 6828 global_logger] node: robot_1::DigitalInput::in_rear_door_sensor(DefaultDigitalInput)@robot_1.json, init recursive completed. 
[09:07:48.561999 D 6828 global_logger] node: robot_1::DigitalOutput::out_vacc_open_station5(DefaultDigitalOutput)@robot_1.json, init recursive completed. 
[09:07:48.562062 D 6828 global_logger] node: robot_1::DigitalOutput::out_vacc_break_station5(DefaultDigitalOutput)@robot_1.json, init recursive completed. 
[09:07:48.562124 D 6828 global_logger] node: robot_1::DigitalOutput::out_vacc_break_station6(DefaultDigitalOutput)@robot_1.json, init recursive completed. 
[09:07:48.562187 D 6828 global_logger] node: robot_1::DigitalOutput::out_vacc_open_station7(DefaultDigitalOutput)@robot_1.json, init recursive completed. 
[09:07:48.562244 D 6828 global_logger] node: robot_1::DigitalInput::in_ccdz3_lmtp(DefaultDigitalInput)@robot_1.json, init recursive completed. 
[09:07:48.562308 D 6828 global_logger] node: robot_1::LuaScriptManager::default(DefaultLuaScriptManager)@robot_1.json, init recursive completed. 
[09:07:48.562370 D 6828 global_logger] node: robot_1::DigitalOutput::out_vacc_open_station8(DefaultDigitalOutput)@robot_1.json, init recursive completed. 
[09:07:48.562428 D 6828 global_logger] node: robot_1::DigitalInput::in_vacc_station4(DefaultDigitalInput)@robot_1.json, init recursive completed. 
[09:07:48.562491 D 6828 global_logger] node: robot_1::DigitalOutput::out_vacc_break_station8(DefaultDigitalOutput)@robot_1.json, init recursive completed. 
[09:07:48.562554 D 6828 global_logger] node: robot_1::DigitalOutput::out_vacc_break_station12(DefaultDigitalOutput)@robot_1.json, init recursive completed. 
[09:07:48.562617 D 6828 global_logger] node: robot_1::DigitalOutput::out_vacc_break_station10(DefaultDigitalOutput)@robot_1.json, init recursive completed. 
[09:07:48.562675 D 6828 global_logger] node: robot_1::DigitalInput::in_ccdz2_lmtp(DefaultDigitalInput)@robot_1.json, init recursive completed. 
[09:07:48.562742 D 6828 global_logger] node: robot_1::DigitalInput::in_ccdz4_lmtn(DefaultDigitalInput)@robot_1.json, init recursive completed. 
[09:07:48.562804 D 6828 global_logger] node: robot_1::DigitalInput::in_handler_ems(DefaultDigitalInput)@robot_1.json, init recursive completed. 
[09:07:48.563039 D 6828 global_logger] node: robot_1::DigitalInput::in_ccdz2_lmtn(DefaultDigitalInput)@robot_1.json, init recursive completed. 
[09:07:48.563410 D 6828 global_log] node: robot_1::IoApi::GM06EC_IO_1(IO_GM06EC)@robot_1.json, init recursive completed. 
[09:07:48.563490 D 6828 global_logger] node: robot_1::DigitalInput::in_handler_door_close(DefaultDigitalInput)@robot_1.json, init recursive completed. 
[09:07:48.563553 D 6828 global_logger] node: robot_1::DigitalInput::in_vacc_station1(DefaultDigitalInput)@robot_1.json, init recursive completed. 
[09:07:48.563978 D 6828 global_logger] node: robot_1::DigitalInput::in_turner_phase_sensor(DefaultDigitalInput)@robot_1.json, init recursive completed. 
[09:07:48.564085 D 6828 global_logger] node: robot_1::DigitalInput::in_right_door_sensor(DefaultDigitalInput)@robot_1.json, init recursive completed. 
[09:07:48.564161 D 6828 global_logger] node: robot_1::DigitalInput::in_rear_door_cylinder_clamp(DefaultDigitalInput)@robot_1.json, init recursive completed. 
[09:07:48.564227 D 6828 global_logger] node: robot_1::DigitalInput::in_vacc_station11(DefaultDigitalInput)@robot_1.json, init recursive completed. 
[09:07:48.564290 D 6828 global_logger] node: robot_1::DigitalInput::in_left_door_cylinder_clamp(DefaultDigitalInput)@robot_1.json, init recursive completed. 
[09:07:48.564342 D 6828 global_logger] node: robot_1::DigitalInput::in_ccdz1_lmtn(DefaultDigitalInput)@robot_1.json, init recursive completed. 
[09:07:48.564401 D 6828 global_logger] node: robot_1::DigitalInput::in_right_door_cylinder_clamp(DefaultDigitalInput)@robot_1.json, init recursive completed. 
[09:07:48.564449 D 6828 global_logger] node: robot_1::DigitalInput::in_vacc_station2(DefaultDigitalInput)@robot_1.json, init recursive completed. 
[09:07:48.564497 D 6828 global_logger] node: robot_1::DigitalInput::in_vacc_station3(DefaultDigitalInput)@robot_1.json, init recursive completed. 
[09:07:48.564544 D 6828 global_logger] node: robot_1::DigitalInput::in_vacc_station6(DefaultDigitalInput)@robot_1.json, init recursive completed. 
[09:07:48.564591 D 6828 global_logger] node: robot_1::DigitalInput::in_ccdz1_lmtp(DefaultDigitalInput)@robot_1.json, init recursive completed. 
[09:07:48.564656 D 6828 global_logger] node: robot_1::DigitalInput::in_vacc_station7(DefaultDigitalInput)@robot_1.json, init recursive completed. 
[09:07:48.564704 D 6828 global_logger] node: robot_1::DigitalInput::in_vacc_station9(DefaultDigitalInput)@robot_1.json, init recursive completed. 
[09:07:48.564751 D 6828 global_logger] node: robot_1::DigitalInput::in_vacc_station10(DefaultDigitalInput)@robot_1.json, init recursive completed. 
[09:07:48.564798 D 6828 global_logger] node: robot_1::DigitalInput::in_vacc_station12(DefaultDigitalInput)@robot_1.json, init recursive completed. 
[09:07:48.564845 D 6828 global_logger] node: robot_1::DigitalInput::in_ccdz5_lmtp(DefaultDigitalInput)@robot_1.json, init recursive completed. 
[09:07:48.564897 D 6828 global_logger] node: robot_1::DigitalInput::in_ccdz3_lmtn(DefaultDigitalInput)@robot_1.json, init recursive completed. 
[09:07:48.564971 D 6828 global_logger] node: robot_1::DigitalInput::in_ccdz5_lmtn(DefaultDigitalInput)@robot_1.json, init recursive completed. 
[09:07:48.565046 D 6828 global_logger] node: robot_1::DigitalInput::in_ccdz6_lmtp(DefaultDigitalInput)@robot_1.json, init recursive completed. 
[09:07:48.565101 D 6828 global_logger] node: robot_1::DigitalInput::in_ccdz6_lmtn(DefaultDigitalInput)@robot_1.json, init recursive completed. 
[09:07:48.565157 D 6828 global_logger] node: robot_1::DigitalInput::emg(DefaultDigitalInput)@robot_1.json, init recursive completed. 
[09:07:48.565209 D 6828 global_logger] node: robot_1::AnalogInput::light_intensity_ch1(DefaultAnalogInput)@robot_1.json, init recursive completed. 
[09:07:48.565256 D 6828 global_logger] node: robot_1::AnalogInput::light_intensity_ch3(DefaultAnalogInput)@robot_1.json, init recursive completed. 
[09:07:48.565302 D 6828 global_logger] node: robot_1::AnalogInput::light_intensity_ch0(DefaultAnalogInput)@robot_1.json, init recursive completed. 
[09:07:48.565412 D 6828 global_logger] node: robot_1::AnalogInput::light_intensity_ch2(DefaultAnalogInput)@robot_1.json, init recursive completed. 
[09:07:48.566635 D 6828 global_logger] node: robot_1::Machine::default(Machine)@robot_1.json, init recursive completed. 
[09:07:48.664509 E 6828 global_log] failed to communicated with board ip=192.168.5.110
[09:07:48.665141 D 6828 global_log] node: robot_1::MotionApi::GM06EC_MOTION_0(Motion_GM06EC)@robot_1.json, init recursive completed. 
[09:07:48.756981 E 6828 global_log] failed to communicated with board ip=192.168.5.110
[09:07:48.759941 E 6828 global_logger] DefaultAxis:robot_1::Axis::s1_turner(DefaultAxis)@robot_1.json board return error:failed to communicated with s1_turner board
[09:07:48.760217 E 6828 global_logger EXCEPTION] exception occurred at: robot_1::Axis::s1_turner(DefaultAxis)@robot_1.json, code: 1
"failed to communicated with s1_turner board, function: 'GraphScript::DefaultAxis::set_start_speed_percent', line: 985."
[09:07:48.761281 E 6828 global_logger EXCEPTION] exception occurred at: robot_1::Axis::s1_turner(DefaultAxis)@robot_1.json, code: 1
""failed to communicated with s1_turner board, function: 'GraphScript::DefaultAxis::set_start_speed_percent', line: 985.", function: 'GraphScript::Node::init_recursive', line: 265."
[09:07:54.822384 E 2524 global_log] failed to communicated with board ip=192.168.5.110
[09:07:54.918067 W 2524 global_logger] out_led_greenset_status error_code =1
[09:07:54.920187 E 2524 global_logger EXCEPTION] exception occurred at: robot_1::DigitalOutput::out_led_green(DefaultDigitalOutput)@robot_1.json, code: 1
"function:GraphScript::DefaultDigitalOutput::set_status, function: 'GraphScript::DefaultDigitalOutput::set_status', line: 232."
[09:07:54.922658 E 2524 global_logger] work thread catch a exception(node:robot_1::DigitalOutput::out_led_green(DefaultDigitalOutput)@robot_1.json error code:1 msg:"function:GraphScript::DefaultDigitalOutput::set_status, function: 'GraphScript::DefaultDigitalOutput::set_status', line: 232.") . thread exited!
[09:07:55.349387 E 11736 global_log] failed to communicated with board ip=192.168.5.140
[09:07:57.967873 E 6828 global_logger EXCEPTION] exception occurred at: robot_1::Axis::s1_turner(DefaultAxis)@robot_1.json, code: -1
"node:robot_1::Axis::s1_turner(DefaultAxis)@robot_1.json need be inited before it executes the function:GraphScript::DefaultAxis::set_velocity_percent_of_default, function: 'GraphScript::DefaultAxis::set_velocity_percent_of_default', line: 935."
[09:07:59.133502 E 11736 global_log] failed to communicated with board ip=192.168.5.140
[09:08:01.305894 E 11736 global_log] failed to communicated with board ip=192.168.5.140
[09:08:03.398552 E 11736 global_log] failed to communicated with board ip=192.168.5.140
[09:08:05.490571 E 11736 global_log] failed to communicated with board ip=192.168.5.140
[09:08:07.600587 E 11736 global_log] failed to communicated with board ip=192.168.5.140
[09:08:09.709296 E 11736 global_log] failed to communicated with board ip=192.168.5.140
[09:08:11.802039 E 11736 global_log] failed to communicated with board ip=192.168.5.140
[09:08:13.902966 E 11736 global_log] failed to communicated with board ip=192.168.5.140
[09:08:15.995411 E 11736 global_log] failed to communicated with board ip=192.168.5.140
[09:08:18.088914 E 11736 global_log] failed to communicated with board ip=192.168.5.140
[09:08:20.230773 E 11736 global_log] failed to communicated with board ip=192.168.5.140
[09:08:23.193106 E 11736 global_log] failed to communicated with board ip=192.168.5.140
[09:08:25.285718 E 11736 global_log] failed to communicated with board ip=192.168.5.140
[09:08:27.395774 E 11736 global_log] failed to communicated with board ip=192.168.5.140
[09:08:29.497833 E 11736 global_log] failed to communicated with board ip=192.168.5.140
[09:08:31.703124 E 11736 global_log] failed to communicated with board ip=192.168.5.140
[09:08:33.796089 E 11736 global_log] failed to communicated with board ip=192.168.5.140
[09:08:35.895904 E 11736 global_log] failed to communicated with board ip=192.168.5.140
[09:08:38.009472 E 11736 global_log] failed to communicated with board ip=192.168.5.140
[09:08:40.138348 E 11736 global_log] failed to communicated with board ip=192.168.5.140
[09:08:42.233213 E 11736 global_log] failed to communicated with board ip=192.168.5.140
[09:08:44.329597 E 11736 global_log] failed to communicated with board ip=192.168.5.140
[09:08:46.421499 E 11736 global_log] failed to communicated with board ip=192.168.5.140
[09:08:48.522400 E 11736 global_log] failed to communicated with board ip=192.168.5.140
[09:08:50.630469 E 11736 global_log] failed to communicated with board ip=192.168.5.140
[09:08:52.736891 E 11736 global_log] failed to communicated with board ip=192.168.5.140
[09:08:54.829858 E 11736 global_log] failed to communicated with board ip=192.168.5.140
[09:08:56.938728 E 11736 global_log] failed to communicated with board ip=192.168.5.140
[09:08:59.031976 E 11736 global_log] failed to communicated with board ip=192.168.5.140
[09:09:01.126055 E 11736 global_log] failed to communicated with board ip=192.168.5.140
[13:41:10.131959 I 18188 global_logger] create factory logger completed.
[13:41:10.132304 I 18188 global_logger] prepare to init system...
[13:41:10.132349 I 18188 global_logger] config path: , argvs: ["D:\\Nigo\\Nigo\\bin\\Debug\\"]
[13:41:10.132738 D 18188 global_logger] load plugin library: "D:\Nigo\Nigo\bin\Debug\hardware.dll"...
[13:41:10.133002 D 18188 global_logger] load plugin library: "D:\Nigo\Nigo\bin\Debug\hardware.dll" completed.
[13:41:10.133041 D 18188 global_logger] load plugin library: "D:\Nigo\Nigo\bin\Debug\lua_bindings.dll"...
[13:41:10.137318 D 18188 global_logger] load plugin library: "D:\Nigo\Nigo\bin\Debug\lua_bindings.dll" completed.
[13:41:10.137372 D 18188 global_logger] load plugin library: "D:\Nigo\Nigo\bin\Debug\csharp_bridge.dll"...
[13:41:10.139552 D 18188 global_logger] load plugin library: "D:\Nigo\Nigo\bin\Debug\csharp_bridge.dll" completed.
[13:41:10.139599 D 18188 global_logger] load plugin library: "D:\Nigo\Nigo\bin\Debug\GM91ECU.dll"...
[13:41:10.143167 D 18188 global_logger] load plugin library: "D:\Nigo\Nigo\bin\Debug\GM91ECU.dll" completed.
[13:41:10.143236 D 18188 global_logger] load plugin library: "D:\Nigo\Nigo\bin\Debug\AdvCan.dll"...
[13:41:10.146092 D 18188 global_logger] load plugin library: "D:\Nigo\Nigo\bin\Debug\AdvCan.dll" completed.
[13:41:10.146151 D 18188 global_logger] load plugin library: "D:\Nigo\Nigo\bin\Debug\hardware_wrapper_help.dll"...
[13:41:10.148152 D 18188 global_logger] load plugin library: "D:\Nigo\Nigo\bin\Debug\hardware_wrapper_help.dll" completed.
[13:41:10.148196 D 18188 global_logger] load plugin library: "D:\Nigo\Nigo\bin\Debug\amc2d.dll"...
[13:41:10.197527 D 18188 global_logger] load plugin library: "D:\Nigo\Nigo\bin\Debug\amc2d.dll" completed.
[13:41:10.197591 D 18188 global_logger] load plugin library: "D:\Nigo\Nigo\bin\Debug\GM06EC.dll"...
[13:41:10.201091 D 18188 global_logger] load plugin library: "D:\Nigo\Nigo\bin\Debug\GM06EC.dll" completed.
[13:41:10.201151 D 18188 global_logger] load plugin library: "D:\Nigo\Nigo\bin\Debug\CanMotionIo.dll"...
[13:41:10.203804 D 18188 global_logger] load plugin library: "D:\Nigo\Nigo\bin\Debug\CanMotionIo.dll" completed.
[13:41:10.203858 I 18188 global_logger] load pre-load libraries completed.
[13:41:10.203894 I 18188 global_logger] execute function: init_clr_factory ...
[13:41:10.648632 W 18188 global_logger] Factory Compose() in C# used 425 ms
[13:41:10.657795 W 18188 global_logger] Factory call RegisterTypes2System() in C# used 5 ms
[13:41:10.668064 W 18188 global_logger] Factory InitScriptSys() in C# used 0 ms
[13:41:10.668159 I 18188 global_logger] execute function: init_clr_factory completed.
[13:41:10.672884 D 18188 global_logger] start to create nodes in module: [global]...
[13:41:10.673185 D 18188 global_logger] start to create nodes in module: robot_1...
[13:41:10.693109 I 18188 global_logger] execute function: init_wrapper_sys ...
[13:41:10.734189 W 18188 global_logger] Factory CreateOmd in C# used 38 ms
[13:41:10.734472 I 18188 global_logger] execute function: init_wrapper_sys completed.
[13:41:10.734525 D 18188 global_logger] start to check version in module: LogManager...
[13:41:10.734600 D 18188 global_logger] start to check version in module: Root...
[13:41:10.734636 D 18188 global_logger] start to check version in module: Logger...
[13:41:10.734688 D 18188 global_logger] start to check version in module: Null...
[13:41:10.734722 I 18188 global_logger] check version dependence for nodes in module: [global] completed.
[13:41:10.734758 D 18188 global_logger] start to check version in module: Machine...
[13:41:10.735333 D 18188 global_logger] start to check version in module: HardwareManager...
[13:41:10.735496 D 18188 global_logger] start to check version in module: LuaScriptManager...
[13:41:10.735776 D 18188 global_logger] start to check version in module: MotionApi...
[13:41:10.735891 D 18188 global_logger] start to check version in module: Axis...
[13:41:10.736072 D 18188 global_logger] start to check version in module: IoApi...
[13:41:10.736155 D 18188 global_logger] start to check version in module: DigitalInput...
[13:41:10.736604 D 18188 global_logger] start to check version in module: AnalogInput...
[13:41:10.736682 D 18188 global_logger] start to check version in module: DigitalOutput...
[13:41:10.737089 D 18188 global_logger] start to check version in module: Cylinder...
[13:41:10.737189 D 18188 global_logger] start to check version in module: Beacon...
[13:41:10.737243 D 18188 global_logger] start to check version in module: EncoderReader...
[13:41:10.737295 D 18188 global_logger] start to check version in module: SimpleSynComm...
[13:41:10.737341 D 18188 global_logger] start to check version in module: CmdAgent...
[13:41:10.738194 D 18188 global_logger] start to check version in module: Logger...
[13:41:10.738305 I 18188 global_logger] check version dependence for nodes in module: robot_1 completed.
[13:41:10.738343 D 18188 global_logger] start to set nodes configs in module: [global]
[13:41:10.738383 D 18188 global_logger] start to set nodes configs in module: robot_1
[13:41:10.741173 W 18188 global_logger] robot_1::Axis::s1_turner(DefaultAxis)@robot_1.json. neg_limit bigger than pos_limit, soft limit disabled!
[13:41:10.751024 I 18188 global_logger] set config for nodes completed.
[13:41:10.751116 D 18188 global_logger] start to link in module: LogManager...
[13:41:10.751154 D 18188 global_logger] start to link in module: Root...
[13:41:10.751186 D 18188 global_logger] start to link in module: Logger...
[13:41:10.751237 D 18188 global_logger] start to link in module: Null...
[13:41:10.751271 I 18188 global_logger] link for nodes in module: [global] completed.
[13:41:10.751304 D 18188 global_logger] start to link in module: Machine...
[13:41:10.751487 D 18188 global_logger] start to link in module: HardwareManager...
[13:41:10.751846 D 18188 global_logger] start to link in module: LuaScriptManager...
[13:41:10.751919 D 18188 global_logger] start to link in module: MotionApi...
[13:41:10.751962 D 18188 global_logger] start to link in module: Axis...
[13:41:10.752461 D 18188 global_logger] start to link in module: IoApi...
[13:41:10.752522 D 18188 global_logger] start to link in module: DigitalInput...
[13:41:10.753017 D 18188 global_logger] start to link in module: AnalogInput...
[13:41:10.753106 D 18188 global_logger] start to link in module: DigitalOutput...
[13:41:10.753517 D 18188 global_logger] start to link in module: Cylinder...
[13:41:10.753616 D 18188 global_logger] start to link in module: Beacon...
[13:41:10.753675 D 18188 global_logger] start to link in module: EncoderReader...
[13:41:10.753720 D 18188 global_logger] start to link in module: SimpleSynComm...
[13:41:10.753763 D 18188 global_logger] start to link in module: CmdAgent...
[13:41:10.757583 D 18188 global_logger] start to link in module: Logger...
[13:41:10.757735 I 18188 global_logger] link for nodes in module: robot_1 completed.
[13:41:10.757798 I 18188 global_logger] add to parent for nodes in module: [global] completed.
[13:41:10.759897 I 18188 global_logger] add to parent for nodes in module: robot_1 completed.
[13:41:10.760688 I 18188 global_logger] link logger for nodes in module: [global] completed.
[13:41:10.760889 I 18188 global_logger] link logger for nodes in module: robot_1 completed.
[13:41:10.760928 I 18188 global_logger] check pointers for nodes in module: [global] completed.
[13:41:10.760963 I 18188 global_logger] check pointers for nodes in module: robot_1 completed.
[13:41:10.761015 I 18188 global_logger] add default dependence for nodes in module: [global] completed.
[13:41:10.762215 I 18188 global_logger] add default dependence for nodes in module: robot_1 completed.
[13:41:10.762270 I 18188 global_logger] initialize default nodes in module: [global] completed.
[13:41:10.762305 I 18188 global_logger] initialize default nodes in module: robot_1 completed.
[13:41:10.762339 I 18188 global_logger] execute function: link_nodes ...
[13:41:10.773587 I 18188 global_logger] Link Machine in c#
[13:41:10.785304 W 18188 global_logger] Factory call LinkAllNodes() in C# used 21 ms
[13:41:10.785400 I 18188 global_logger] execute function: link_nodes completed.
[13:41:10.785438 I 18188 global_logger] system init completed.
[13:41:10.786669 D 18188 global_logger] node: [global]::LogManager::singleton_instance(LogManager)@, init recursive completed. 
[13:41:10.786726 D 18188 global_log] node: robot_1::Logger::global_log(Logger)@robot_1.json, init recursive completed. 
[13:41:10.786940 D 18188 global_log] node: robot_1::IoApi::GM06EC_IO_0(IO_GM06EC)@robot_1.json, init recursive completed. 
[13:41:10.786986 D 18188 global_logger] node: robot_1::DigitalOutput::out_fly_capture_trigger(DefaultDigitalOutput)@robot_1.json, init recursive completed. 
[13:41:10.787012 D 18188 global_logger] node: robot_1::DigitalInput::in_handler_emo(DefaultDigitalInput)@robot_1.json, init recursive completed. 
[13:41:10.787115 D 18188 global_log] node: robot_1::IoApi::GM04EC_IO_1(IoGm91Ecu)@robot_1.json, init recursive completed. 
[13:41:10.787143 D 18188 global_logger] node: robot_1::DigitalOutput::out_vacc_break_station11(DefaultDigitalOutput)@robot_1.json, init recursive completed. 
[13:41:10.787166 D 18188 global_logger] node: robot_1::DigitalOutput::out_rear_door_cylinder_lock(DefaultDigitalOutput)@robot_1.json, init recursive completed. 
[13:41:10.787187 D 18188 global_logger] node: robot_1::DigitalOutput::out_led_yellow(DefaultDigitalOutput)@robot_1.json, init recursive completed. 
[13:41:10.787270 D 18188 global_log] node: robot_1::IoApi::GM04EC_IO_0(IoGm91Ecu)@robot_1.json, init recursive completed. 
[13:41:10.787296 D 18188 global_logger] node: robot_1::DigitalOutput::out_vacc_open_station4(DefaultDigitalOutput)@robot_1.json, init recursive completed. 
[13:41:10.787319 D 18188 global_logger] node: robot_1::DigitalOutput::out_led_red(DefaultDigitalOutput)@robot_1.json, init recursive completed. 
[13:41:10.787341 D 18188 global_logger] node: robot_1::DigitalOutput::out_led_green(DefaultDigitalOutput)@robot_1.json, init recursive completed. 
[13:41:10.787362 D 18188 global_logger] node: robot_1::DigitalOutput::out_led_beep(DefaultDigitalOutput)@robot_1.json, init recursive completed. 
[13:41:10.787389 D 18188 global_logger] node: robot_1::Beacon::default(DefaultBeacon)@robot_1.json, init recursive completed. 
[13:41:10.787411 D 18188 global_logger] node: robot_1::DigitalOutput::out_vacc_open_station11(DefaultDigitalOutput)@robot_1.json, init recursive completed. 
[13:41:10.787432 D 18188 global_logger] node: robot_1::DigitalOutput::out_vacc_open_station9(DefaultDigitalOutput)@robot_1.json, init recursive completed. 
[13:41:10.787453 D 18188 global_logger] node: robot_1::DigitalOutput::out_vacc_open_station12(DefaultDigitalOutput)@robot_1.json, init recursive completed. 
[13:41:10.787475 D 18188 global_logger] node: robot_1::DigitalInput::in_left_door_cylinder_release(DefaultDigitalInput)@robot_1.json, init recursive completed. 
[13:41:10.787496 D 18188 global_logger] node: robot_1::DigitalOutput::out_vacc_open_station6(DefaultDigitalOutput)@robot_1.json, init recursive completed. 
[13:41:10.787517 D 18188 global_logger] node: robot_1::DigitalInput::in_right_door_cylinder_release(DefaultDigitalInput)@robot_1.json, init recursive completed. 
[13:41:10.787538 D 18188 global_logger] node: robot_1::DigitalOutput::out_vacc_break_station9(DefaultDigitalOutput)@robot_1.json, init recursive completed. 
[13:41:10.787559 D 18188 global_logger] node: robot_1::DigitalInput::in_left_door_sensor(DefaultDigitalInput)@robot_1.json, init recursive completed. 
[13:41:10.787581 D 18188 global_logger] node: robot_1::DigitalInput::in_vacc_station5(DefaultDigitalInput)@robot_1.json, init recursive completed. 
[13:41:10.787602 D 18188 global_logger] node: robot_1::DigitalOutput::out_vacc_open_station3(DefaultDigitalOutput)@robot_1.json, init recursive completed. 
[13:41:10.787624 D 18188 global_logger] node: robot_1::DigitalInput::in_rear_door_cylinder_release(DefaultDigitalInput)@robot_1.json, init recursive completed. 
[13:41:10.787646 D 18188 global_logger] node: robot_1::DigitalOutput::out_left_door_cylinder_lock(DefaultDigitalOutput)@robot_1.json, init recursive completed. 
[13:41:10.787668 D 18188 global_logger] node: robot_1::DigitalOutput::out_vacc_break_station3(DefaultDigitalOutput)@robot_1.json, init recursive completed. 
[13:41:10.787729 D 18188 global_logger] node: robot_1::DigitalOutput::out_right_door_cylinder_lock(DefaultDigitalOutput)@robot_1.json, init recursive completed. 
[13:41:10.787751 D 18188 global_logger] node: robot_1::DigitalOutput::out_turner_svon(DefaultDigitalOutput)@robot_1.json, init recursive completed. 
[13:41:10.787773 D 18188 global_logger] node: robot_1::DigitalOutput::out_vacc_break_station7(DefaultDigitalOutput)@robot_1.json, init recursive completed. 
[13:41:10.787800 D 18188 global_logger] node: robot_1::DigitalInput::in_ccdz4_lmtp(DefaultDigitalInput)@robot_1.json, init recursive completed. 
[13:41:10.787822 D 18188 global_logger] node: robot_1::DigitalOutput::out_vacc_open_station1(DefaultDigitalOutput)@robot_1.json, init recursive completed. 
[13:41:10.787842 D 18188 global_logger] node: robot_1::DigitalOutput::out_vacc_break_station1(DefaultDigitalOutput)@robot_1.json, init recursive completed. 
[13:41:10.787863 D 18188 global_logger] node: robot_1::DigitalOutput::out_vacc_open_station2(DefaultDigitalOutput)@robot_1.json, init recursive completed. 
[13:41:10.787885 D 18188 global_logger] node: robot_1::DigitalInput::in_air_source(DefaultDigitalInput)@robot_1.json, init recursive completed. 
[13:41:10.787905 D 18188 global_logger] node: robot_1::DigitalOutput::out_vacc_break_station2(DefaultDigitalOutput)@robot_1.json, init recursive completed. 
[13:41:10.787925 D 18188 global_logger] node: robot_1::DigitalInput::in_vacc_station8(DefaultDigitalInput)@robot_1.json, init recursive completed. 
[13:41:10.787947 D 18188 global_logger] node: robot_1::DigitalOutput::out_vacc_break_station4(DefaultDigitalOutput)@robot_1.json, init recursive completed. 
[13:41:10.787967 D 18188 global_logger] node: robot_1::DigitalOutput::out_vacc_open_station10(DefaultDigitalOutput)@robot_1.json, init recursive completed. 
[13:41:10.787988 D 18188 global_logger] node: robot_1::DigitalInput::in_rear_door_sensor(DefaultDigitalInput)@robot_1.json, init recursive completed. 
[13:41:10.788008 D 18188 global_logger] node: robot_1::DigitalOutput::out_vacc_open_station5(DefaultDigitalOutput)@robot_1.json, init recursive completed. 
[13:41:10.788042 D 18188 global_logger] node: robot_1::DigitalOutput::out_vacc_break_station5(DefaultDigitalOutput)@robot_1.json, init recursive completed. 
[13:41:10.788061 D 18188 global_logger] node: robot_1::DigitalOutput::out_vacc_break_station6(DefaultDigitalOutput)@robot_1.json, init recursive completed. 
[13:41:10.788081 D 18188 global_logger] node: robot_1::DigitalOutput::out_vacc_open_station7(DefaultDigitalOutput)@robot_1.json, init recursive completed. 
[13:41:10.788101 D 18188 global_logger] node: robot_1::DigitalInput::in_ccdz3_lmtp(DefaultDigitalInput)@robot_1.json, init recursive completed. 
[13:41:10.788122 D 18188 global_logger] node: robot_1::LuaScriptManager::default(DefaultLuaScriptManager)@robot_1.json, init recursive completed. 
[13:41:10.788142 D 18188 global_logger] node: robot_1::DigitalOutput::out_vacc_open_station8(DefaultDigitalOutput)@robot_1.json, init recursive completed. 
[13:41:10.788162 D 18188 global_logger] node: robot_1::DigitalInput::in_vacc_station4(DefaultDigitalInput)@robot_1.json, init recursive completed. 
[13:41:10.788181 D 18188 global_logger] node: robot_1::DigitalOutput::out_vacc_break_station8(DefaultDigitalOutput)@robot_1.json, init recursive completed. 
[13:41:10.788201 D 18188 global_logger] node: robot_1::DigitalOutput::out_vacc_break_station12(DefaultDigitalOutput)@robot_1.json, init recursive completed. 
[13:41:10.788221 D 18188 global_logger] node: robot_1::DigitalOutput::out_vacc_break_station10(DefaultDigitalOutput)@robot_1.json, init recursive completed. 
[13:41:10.788240 D 18188 global_logger] node: robot_1::DigitalInput::in_ccdz2_lmtp(DefaultDigitalInput)@robot_1.json, init recursive completed. 
[13:41:10.788261 D 18188 global_logger] node: robot_1::DigitalInput::in_ccdz4_lmtn(DefaultDigitalInput)@robot_1.json, init recursive completed. 
[13:41:10.788281 D 18188 global_logger] node: robot_1::DigitalInput::in_handler_ems(DefaultDigitalInput)@robot_1.json, init recursive completed. 
[13:41:10.788384 D 18188 global_logger] node: robot_1::DigitalInput::in_ccdz2_lmtn(DefaultDigitalInput)@robot_1.json, init recursive completed. 
[13:41:10.788553 D 18188 global_log] node: robot_1::IoApi::GM06EC_IO_1(IO_GM06EC)@robot_1.json, init recursive completed. 
[13:41:10.788591 D 18188 global_logger] node: robot_1::DigitalInput::in_handler_door_close(DefaultDigitalInput)@robot_1.json, init recursive completed. 
[13:41:10.788626 D 18188 global_logger] node: robot_1::DigitalInput::in_vacc_station1(DefaultDigitalInput)@robot_1.json, init recursive completed. 
[13:41:10.788662 D 18188 global_logger] node: robot_1::DigitalInput::in_turner_phase_sensor(DefaultDigitalInput)@robot_1.json, init recursive completed. 
[13:41:10.788696 D 18188 global_logger] node: robot_1::DigitalInput::in_right_door_sensor(DefaultDigitalInput)@robot_1.json, init recursive completed. 
[13:41:10.788734 D 18188 global_logger] node: robot_1::DigitalInput::in_rear_door_cylinder_clamp(DefaultDigitalInput)@robot_1.json, init recursive completed. 
[13:41:10.788766 D 18188 global_logger] node: robot_1::DigitalInput::in_vacc_station11(DefaultDigitalInput)@robot_1.json, init recursive completed. 
[13:41:10.788800 D 18188 global_logger] node: robot_1::DigitalInput::in_left_door_cylinder_clamp(DefaultDigitalInput)@robot_1.json, init recursive completed. 
[13:41:10.788830 D 18188 global_logger] node: robot_1::DigitalInput::in_ccdz1_lmtn(DefaultDigitalInput)@robot_1.json, init recursive completed. 
[13:41:10.788860 D 18188 global_logger] node: robot_1::DigitalInput::in_right_door_cylinder_clamp(DefaultDigitalInput)@robot_1.json, init recursive completed. 
[13:41:10.788891 D 18188 global_logger] node: robot_1::DigitalInput::in_vacc_station2(DefaultDigitalInput)@robot_1.json, init recursive completed. 
[13:41:10.788923 D 18188 global_logger] node: robot_1::DigitalInput::in_vacc_station3(DefaultDigitalInput)@robot_1.json, init recursive completed. 
[13:41:10.788954 D 18188 global_logger] node: robot_1::DigitalInput::in_vacc_station6(DefaultDigitalInput)@robot_1.json, init recursive completed. 
[13:41:10.789000 D 18188 global_logger] node: robot_1::DigitalInput::in_ccdz1_lmtp(DefaultDigitalInput)@robot_1.json, init recursive completed. 
[13:41:10.789039 D 18188 global_logger] node: robot_1::DigitalInput::in_vacc_station7(DefaultDigitalInput)@robot_1.json, init recursive completed. 
[13:41:10.789079 D 18188 global_logger] node: robot_1::DigitalInput::in_vacc_station9(DefaultDigitalInput)@robot_1.json, init recursive completed. 
[13:41:10.789120 D 18188 global_logger] node: robot_1::DigitalInput::in_vacc_station10(DefaultDigitalInput)@robot_1.json, init recursive completed. 
[13:41:10.789159 D 18188 global_logger] node: robot_1::DigitalInput::in_vacc_station12(DefaultDigitalInput)@robot_1.json, init recursive completed. 
[13:41:10.789198 D 18188 global_logger] node: robot_1::DigitalInput::in_ccdz5_lmtp(DefaultDigitalInput)@robot_1.json, init recursive completed. 
[13:41:10.789238 D 18188 global_logger] node: robot_1::DigitalInput::in_ccdz3_lmtn(DefaultDigitalInput)@robot_1.json, init recursive completed. 
[13:41:10.789279 D 18188 global_logger] node: robot_1::DigitalInput::in_ccdz5_lmtn(DefaultDigitalInput)@robot_1.json, init recursive completed. 
[13:41:10.789318 D 18188 global_logger] node: robot_1::DigitalInput::in_ccdz6_lmtp(DefaultDigitalInput)@robot_1.json, init recursive completed. 
[13:41:10.789358 D 18188 global_logger] node: robot_1::DigitalInput::in_ccdz6_lmtn(DefaultDigitalInput)@robot_1.json, init recursive completed. 
[13:41:10.789398 D 18188 global_logger] node: robot_1::DigitalInput::emg(DefaultDigitalInput)@robot_1.json, init recursive completed. 
[13:41:10.789437 D 18188 global_logger] node: robot_1::AnalogInput::light_intensity_ch1(DefaultAnalogInput)@robot_1.json, init recursive completed. 
[13:41:10.789477 D 18188 global_logger] node: robot_1::AnalogInput::light_intensity_ch3(DefaultAnalogInput)@robot_1.json, init recursive completed. 
[13:41:10.789566 D 18188 global_logger] node: robot_1::AnalogInput::light_intensity_ch0(DefaultAnalogInput)@robot_1.json, init recursive completed. 
[13:41:10.789608 D 18188 global_logger] node: robot_1::AnalogInput::light_intensity_ch2(DefaultAnalogInput)@robot_1.json, init recursive completed. 
[13:41:10.790432 D 18188 global_logger] node: robot_1::Machine::default(Machine)@robot_1.json, init recursive completed. 
[13:41:10.884370 E 18188 global_log] failed to communicated with board ip=192.168.5.110
[13:41:10.884796 D 18188 global_log] node: robot_1::MotionApi::GM06EC_MOTION_0(Motion_GM06EC)@robot_1.json, init recursive completed. 
[13:41:10.976089 E 18188 global_log] failed to communicated with board ip=192.168.5.110
[13:41:10.976156 E 18188 global_logger] DefaultAxis:robot_1::Axis::s1_turner(DefaultAxis)@robot_1.json board return error:failed to communicated with s1_turner board
[13:41:10.976351 E 18188 global_logger EXCEPTION] exception occurred at: robot_1::Axis::s1_turner(DefaultAxis)@robot_1.json, code: 1
"failed to communicated with s1_turner board, function: 'GraphScript::DefaultAxis::set_start_speed_percent', line: 985."
[13:41:10.977395 E 18188 global_logger EXCEPTION] exception occurred at: robot_1::Axis::s1_turner(DefaultAxis)@robot_1.json, code: 1
""failed to communicated with s1_turner board, function: 'GraphScript::DefaultAxis::set_start_speed_percent', line: 985.", function: 'GraphScript::Node::init_recursive', line: 265."
[13:41:22.727208 E 13700 global_log] failed to communicated with board ip=192.168.5.110
[13:41:22.728557 W 13700 global_logger] out_led_greenset_status error_code =1
[13:41:22.728768 E 13700 global_logger EXCEPTION] exception occurred at: robot_1::DigitalOutput::out_led_green(DefaultDigitalOutput)@robot_1.json, code: 1
"function:GraphScript::DefaultDigitalOutput::set_status, function: 'GraphScript::DefaultDigitalOutput::set_status', line: 232."
[13:41:22.729162 E 13700 global_logger] work thread catch a exception(node:robot_1::DigitalOutput::out_led_green(DefaultDigitalOutput)@robot_1.json error code:1 msg:"function:GraphScript::DefaultDigitalOutput::set_status, function: 'GraphScript::DefaultDigitalOutput::set_status', line: 232.") . thread exited!
[13:41:22.782979 E 7400 global_log] failed to communicated with board ip=192.168.5.140
[13:41:24.058614 E 18188 global_logger EXCEPTION] exception occurred at: robot_1::Axis::s1_turner(DefaultAxis)@robot_1.json, code: -1
"node:robot_1::Axis::s1_turner(DefaultAxis)@robot_1.json need be inited before it executes the function:GraphScript::DefaultAxis::set_velocity_percent_of_default, function: 'GraphScript::DefaultAxis::set_velocity_percent_of_default', line: 935."
[13:41:25.757830 E 7400 global_log] failed to communicated with board ip=192.168.5.140
[13:41:27.873307 E 7400 global_log] failed to communicated with board ip=192.168.5.140
[13:41:29.965251 E 7400 global_log] failed to communicated with board ip=192.168.5.140
[13:41:32.059416 E 7400 global_log] failed to communicated with board ip=192.168.5.140
[13:41:34.150571 E 7400 global_log] failed to communicated with board ip=192.168.5.140
[13:41:36.243882 E 7400 global_log] failed to communicated with board ip=192.168.5.140
[13:41:38.335429 E 7400 global_log] failed to communicated with board ip=192.168.5.140
[13:41:40.428215 E 7400 global_log] failed to communicated with board ip=192.168.5.140
[13:41:42.520235 E 7400 global_log] failed to communicated with board ip=192.168.5.140
[13:41:44.611987 E 7400 global_log] failed to communicated with board ip=192.168.5.140
[13:41:46.708707 E 7400 global_log] failed to communicated with board ip=192.168.5.140
[13:41:48.800871 E 7400 global_log] failed to communicated with board ip=192.168.5.140
[13:41:50.894911 E 7400 global_log] failed to communicated with board ip=192.168.5.140
[13:47:46.816964 I 20072 global_logger] create factory logger completed.
[13:47:46.817135 I 20072 global_logger] prepare to init system...
[13:47:46.817180 I 20072 global_logger] config path: , argvs: ["D:\\Nigo\\Nigo\\bin\\Debug\\"]
[13:47:46.817501 D 20072 global_logger] load plugin library: "D:\Nigo\Nigo\bin\Debug\hardware.dll"...
[13:47:46.817750 D 20072 global_logger] load plugin library: "D:\Nigo\Nigo\bin\Debug\hardware.dll" completed.
[13:47:46.817796 D 20072 global_logger] load plugin library: "D:\Nigo\Nigo\bin\Debug\lua_bindings.dll"...
[13:47:46.819447 D 20072 global_logger] load plugin library: "D:\Nigo\Nigo\bin\Debug\lua_bindings.dll" completed.
[13:47:46.819500 D 20072 global_logger] load plugin library: "D:\Nigo\Nigo\bin\Debug\csharp_bridge.dll"...
[13:47:46.820828 D 20072 global_logger] load plugin library: "D:\Nigo\Nigo\bin\Debug\csharp_bridge.dll" completed.
[13:47:46.820884 D 20072 global_logger] load plugin library: "D:\Nigo\Nigo\bin\Debug\GM91ECU.dll"...
[13:47:46.822279 D 20072 global_logger] load plugin library: "D:\Nigo\Nigo\bin\Debug\GM91ECU.dll" completed.
[13:47:46.822331 D 20072 global_logger] load plugin library: "D:\Nigo\Nigo\bin\Debug\AdvCan.dll"...
[13:47:46.823632 D 20072 global_logger] load plugin library: "D:\Nigo\Nigo\bin\Debug\AdvCan.dll" completed.
[13:47:46.823674 D 20072 global_logger] load plugin library: "D:\Nigo\Nigo\bin\Debug\hardware_wrapper_help.dll"...
[13:47:46.824799 D 20072 global_logger] load plugin library: "D:\Nigo\Nigo\bin\Debug\hardware_wrapper_help.dll" completed.
[13:47:46.824841 D 20072 global_logger] load plugin library: "D:\Nigo\Nigo\bin\Debug\amc2d.dll"...
[13:47:46.836081 D 20072 global_logger] load plugin library: "D:\Nigo\Nigo\bin\Debug\amc2d.dll" completed.
[13:47:46.836135 D 20072 global_logger] load plugin library: "D:\Nigo\Nigo\bin\Debug\GM06EC.dll"...
[13:47:46.837281 D 20072 global_logger] load plugin library: "D:\Nigo\Nigo\bin\Debug\GM06EC.dll" completed.
[13:47:46.837323 D 20072 global_logger] load plugin library: "D:\Nigo\Nigo\bin\Debug\CanMotionIo.dll"...
[13:47:46.838793 D 20072 global_logger] load plugin library: "D:\Nigo\Nigo\bin\Debug\CanMotionIo.dll" completed.
[13:47:46.838848 I 20072 global_logger] load pre-load libraries completed.
[13:47:46.838879 I 20072 global_logger] execute function: init_clr_factory ...
[13:47:47.301124 W 20072 global_logger] Factory Compose() in C# used 447 ms
[13:47:47.310743 W 20072 global_logger] Factory call RegisterTypes2System() in C# used 5 ms
[13:47:47.320024 W 20072 global_logger] Factory InitScriptSys() in C# used 0 ms
[13:47:47.320145 I 20072 global_logger] execute function: init_clr_factory completed.
[13:47:47.324084 D 20072 global_logger] start to create nodes in module: [global]...
[13:47:47.324511 D 20072 global_logger] start to create nodes in module: robot_1...
[13:47:47.349520 I 20072 global_logger] execute function: init_wrapper_sys ...
[13:47:47.448134 W 20072 global_logger] Factory CreateOmd in C# used 96 ms
[13:47:47.448285 I 20072 global_logger] execute function: init_wrapper_sys completed.
[13:47:47.448331 D 20072 global_logger] start to check version in module: LogManager...
[13:47:47.448387 D 20072 global_logger] start to check version in module: Root...
[13:47:47.448421 D 20072 global_logger] start to check version in module: Logger...
[13:47:47.448462 D 20072 global_logger] start to check version in module: Null...
[13:47:47.448495 I 20072 global_logger] check version dependence for nodes in module: [global] completed.
[13:47:47.448527 D 20072 global_logger] start to check version in module: Machine...
[13:47:47.451066 D 20072 global_logger] start to check version in module: HardwareManager...
[13:47:47.451336 D 20072 global_logger] start to check version in module: LuaScriptManager...
[13:47:47.451426 D 20072 global_logger] start to check version in module: MotionApi...
[13:47:47.451549 D 20072 global_logger] start to check version in module: Axis...
[13:47:47.451760 D 20072 global_logger] start to check version in module: IoApi...
[13:47:47.451876 D 20072 global_logger] start to check version in module: DigitalInput...
[13:47:47.452407 D 20072 global_logger] start to check version in module: AnalogInput...
[13:47:47.452519 D 20072 global_logger] start to check version in module: DigitalOutput...
[13:47:47.452951 D 20072 global_logger] start to check version in module: Cylinder...
[13:47:47.453073 D 20072 global_logger] start to check version in module: Beacon...
[13:47:47.453148 D 20072 global_logger] start to check version in module: EncoderReader...
[13:47:47.453220 D 20072 global_logger] start to check version in module: SimpleSynComm...
[13:47:47.453286 D 20072 global_logger] start to check version in module: CmdAgent...
[13:47:47.454297 D 20072 global_logger] start to check version in module: Logger...
[13:47:47.454672 I 20072 global_logger] check version dependence for nodes in module: robot_1 completed.
[13:47:47.456344 D 20072 global_logger] start to set nodes configs in module: [global]
[13:47:47.456394 D 20072 global_logger] start to set nodes configs in module: robot_1
[13:47:47.457678 W 20072 global_logger] robot_1::Axis::s1_turner(DefaultAxis)@robot_1.json. neg_limit bigger than pos_limit, soft limit disabled!
[13:47:47.463000 I 20072 global_logger] set config for nodes completed.
[13:47:47.463077 D 20072 global_logger] start to link in module: LogManager...
[13:47:47.463114 D 20072 global_logger] start to link in module: Root...
[13:47:47.463146 D 20072 global_logger] start to link in module: Logger...
[13:47:47.463197 D 20072 global_logger] start to link in module: Null...
[13:47:47.463232 I 20072 global_logger] link for nodes in module: [global] completed.
[13:47:47.463265 D 20072 global_logger] start to link in module: Machine...
[13:47:47.465386 D 20072 global_logger] start to link in module: HardwareManager...
[13:47:47.465790 D 20072 global_logger] start to link in module: LuaScriptManager...
[13:47:47.465858 D 20072 global_logger] start to link in module: MotionApi...
[13:47:47.465900 D 20072 global_logger] start to link in module: Axis...
[13:47:47.466088 D 20072 global_logger] start to link in module: IoApi...
[13:47:47.466130 D 20072 global_logger] start to link in module: DigitalInput...
[13:47:47.466582 D 20072 global_logger] start to link in module: AnalogInput...
[13:47:47.466662 D 20072 global_logger] start to link in module: DigitalOutput...
[13:47:47.467094 D 20072 global_logger] start to link in module: Cylinder...
[13:47:47.467210 D 20072 global_logger] start to link in module: Beacon...
[13:47:47.467269 D 20072 global_logger] start to link in module: EncoderReader...
[13:47:47.467318 D 20072 global_logger] start to link in module: SimpleSynComm...
[13:47:47.467379 D 20072 global_logger] start to link in module: CmdAgent...
[13:47:47.467663 D 20072 global_logger] start to link in module: Logger...
[13:47:47.467780 I 20072 global_logger] link for nodes in module: robot_1 completed.
[13:47:47.467830 I 20072 global_logger] add to parent for nodes in module: [global] completed.
[13:47:47.468957 I 20072 global_logger] add to parent for nodes in module: robot_1 completed.
[13:47:47.469030 I 20072 global_logger] link logger for nodes in module: [global] completed.
[13:47:47.469241 I 20072 global_logger] link logger for nodes in module: robot_1 completed.
[13:47:47.469295 I 20072 global_logger] check pointers for nodes in module: [global] completed.
[13:47:47.469331 I 20072 global_logger] check pointers for nodes in module: robot_1 completed.
[13:47:47.469379 I 20072 global_logger] add default dependence for nodes in module: [global] completed.
[13:47:47.470444 I 20072 global_logger] add default dependence for nodes in module: robot_1 completed.
[13:47:47.470484 I 20072 global_logger] initialize default nodes in module: [global] completed.
[13:47:47.470517 I 20072 global_logger] initialize default nodes in module: robot_1 completed.
[13:47:47.470551 I 20072 global_logger] execute function: link_nodes ...
[13:47:47.476292 I 20072 global_logger] Link Machine in c#
[13:47:47.485139 W 20072 global_logger] Factory call LinkAllNodes() in C# used 13 ms
[13:47:47.485237 I 20072 global_logger] execute function: link_nodes completed.
[13:47:47.485273 I 20072 global_logger] system init completed.
[13:47:47.486365 D 20072 global_logger] node: [global]::LogManager::singleton_instance(LogManager)@, init recursive completed. 
[13:47:47.486412 D 20072 global_log] node: robot_1::Logger::global_log(Logger)@robot_1.json, init recursive completed. 
[13:47:47.486597 D 20072 global_log] node: robot_1::IoApi::GM06EC_IO_0(IO_GM06EC)@robot_1.json, init recursive completed. 
[13:47:47.486628 D 20072 global_logger] node: robot_1::DigitalOutput::out_fly_capture_trigger(DefaultDigitalOutput)@robot_1.json, init recursive completed. 
[13:47:47.486651 D 20072 global_logger] node: robot_1::DigitalInput::in_handler_emo(DefaultDigitalInput)@robot_1.json, init recursive completed. 
[13:47:47.486738 D 20072 global_log] node: robot_1::IoApi::GM04EC_IO_1(IoGm91Ecu)@robot_1.json, init recursive completed. 
[13:47:47.486763 D 20072 global_logger] node: robot_1::DigitalOutput::out_vacc_break_station11(DefaultDigitalOutput)@robot_1.json, init recursive completed. 
[13:47:47.486784 D 20072 global_logger] node: robot_1::DigitalOutput::out_rear_door_cylinder_lock(DefaultDigitalOutput)@robot_1.json, init recursive completed. 
[13:47:47.486805 D 20072 global_logger] node: robot_1::DigitalOutput::out_led_yellow(DefaultDigitalOutput)@robot_1.json, init recursive completed. 
[13:47:47.486874 D 20072 global_log] node: robot_1::IoApi::GM04EC_IO_0(IoGm91Ecu)@robot_1.json, init recursive completed. 
[13:47:47.486899 D 20072 global_logger] node: robot_1::DigitalOutput::out_vacc_open_station4(DefaultDigitalOutput)@robot_1.json, init recursive completed. 
[13:47:47.486920 D 20072 global_logger] node: robot_1::DigitalOutput::out_led_red(DefaultDigitalOutput)@robot_1.json, init recursive completed. 
[13:47:47.486940 D 20072 global_logger] node: robot_1::DigitalOutput::out_led_green(DefaultDigitalOutput)@robot_1.json, init recursive completed. 
[13:47:47.486960 D 20072 global_logger] node: robot_1::DigitalOutput::out_led_beep(DefaultDigitalOutput)@robot_1.json, init recursive completed. 
[13:47:47.486980 D 20072 global_logger] node: robot_1::Beacon::default(DefaultBeacon)@robot_1.json, init recursive completed. 
[13:47:47.487001 D 20072 global_logger] node: robot_1::DigitalOutput::out_vacc_open_station11(DefaultDigitalOutput)@robot_1.json, init recursive completed. 
[13:47:47.487021 D 20072 global_logger] node: robot_1::DigitalOutput::out_vacc_open_station9(DefaultDigitalOutput)@robot_1.json, init recursive completed. 
[13:47:47.487041 D 20072 global_logger] node: robot_1::DigitalOutput::out_vacc_open_station12(DefaultDigitalOutput)@robot_1.json, init recursive completed. 
[13:47:47.487061 D 20072 global_logger] node: robot_1::DigitalInput::in_left_door_cylinder_release(DefaultDigitalInput)@robot_1.json, init recursive completed. 
[13:47:47.487081 D 20072 global_logger] node: robot_1::DigitalOutput::out_vacc_open_station6(DefaultDigitalOutput)@robot_1.json, init recursive completed. 
[13:47:47.487102 D 20072 global_logger] node: robot_1::DigitalInput::in_right_door_cylinder_release(DefaultDigitalInput)@robot_1.json, init recursive completed. 
[13:47:47.487125 D 20072 global_logger] node: robot_1::DigitalOutput::out_vacc_break_station9(DefaultDigitalOutput)@robot_1.json, init recursive completed. 
[13:47:47.487145 D 20072 global_logger] node: robot_1::DigitalInput::in_left_door_sensor(DefaultDigitalInput)@robot_1.json, init recursive completed. 
[13:47:47.487166 D 20072 global_logger] node: robot_1::DigitalInput::in_vacc_station5(DefaultDigitalInput)@robot_1.json, init recursive completed. 
[13:47:47.487186 D 20072 global_logger] node: robot_1::DigitalOutput::out_vacc_open_station3(DefaultDigitalOutput)@robot_1.json, init recursive completed. 
[13:47:47.487205 D 20072 global_logger] node: robot_1::DigitalInput::in_rear_door_cylinder_release(DefaultDigitalInput)@robot_1.json, init recursive completed. 
[13:47:47.487225 D 20072 global_logger] node: robot_1::DigitalOutput::out_left_door_cylinder_lock(DefaultDigitalOutput)@robot_1.json, init recursive completed. 
[13:47:47.487245 D 20072 global_logger] node: robot_1::DigitalOutput::out_vacc_break_station3(DefaultDigitalOutput)@robot_1.json, init recursive completed. 
[13:47:47.487296 D 20072 global_logger] node: robot_1::DigitalOutput::out_right_door_cylinder_lock(DefaultDigitalOutput)@robot_1.json, init recursive completed. 
[13:47:47.487317 D 20072 global_logger] node: robot_1::DigitalOutput::out_turner_svon(DefaultDigitalOutput)@robot_1.json, init recursive completed. 
[13:47:47.487336 D 20072 global_logger] node: robot_1::DigitalOutput::out_vacc_break_station7(DefaultDigitalOutput)@robot_1.json, init recursive completed. 
[13:47:47.487356 D 20072 global_logger] node: robot_1::DigitalInput::in_ccdz4_lmtp(DefaultDigitalInput)@robot_1.json, init recursive completed. 
[13:47:47.487376 D 20072 global_logger] node: robot_1::DigitalOutput::out_vacc_open_station1(DefaultDigitalOutput)@robot_1.json, init recursive completed. 
[13:47:47.487396 D 20072 global_logger] node: robot_1::DigitalOutput::out_vacc_break_station1(DefaultDigitalOutput)@robot_1.json, init recursive completed. 
[13:47:47.487416 D 20072 global_logger] node: robot_1::DigitalOutput::out_vacc_open_station2(DefaultDigitalOutput)@robot_1.json, init recursive completed. 
[13:47:47.487436 D 20072 global_logger] node: robot_1::DigitalInput::in_air_source(DefaultDigitalInput)@robot_1.json, init recursive completed. 
[13:47:47.487457 D 20072 global_logger] node: robot_1::DigitalOutput::out_vacc_break_station2(DefaultDigitalOutput)@robot_1.json, init recursive completed. 
[13:47:47.487477 D 20072 global_logger] node: robot_1::DigitalInput::in_vacc_station8(DefaultDigitalInput)@robot_1.json, init recursive completed. 
[13:47:47.487497 D 20072 global_logger] node: robot_1::DigitalOutput::out_vacc_break_station4(DefaultDigitalOutput)@robot_1.json, init recursive completed. 
[13:47:47.487517 D 20072 global_logger] node: robot_1::DigitalOutput::out_vacc_open_station10(DefaultDigitalOutput)@robot_1.json, init recursive completed. 
[13:47:47.487537 D 20072 global_logger] node: robot_1::DigitalInput::in_rear_door_sensor(DefaultDigitalInput)@robot_1.json, init recursive completed. 
[13:47:47.487556 D 20072 global_logger] node: robot_1::DigitalOutput::out_vacc_open_station5(DefaultDigitalOutput)@robot_1.json, init recursive completed. 
[13:47:47.487576 D 20072 global_logger] node: robot_1::DigitalOutput::out_vacc_break_station5(DefaultDigitalOutput)@robot_1.json, init recursive completed. 
[13:47:47.487596 D 20072 global_logger] node: robot_1::DigitalOutput::out_vacc_break_station6(DefaultDigitalOutput)@robot_1.json, init recursive completed. 
[13:47:47.487618 D 20072 global_logger] node: robot_1::DigitalOutput::out_vacc_open_station7(DefaultDigitalOutput)@robot_1.json, init recursive completed. 
[13:47:47.487640 D 20072 global_logger] node: robot_1::DigitalInput::in_ccdz3_lmtp(DefaultDigitalInput)@robot_1.json, init recursive completed. 
[13:47:47.487660 D 20072 global_logger] node: robot_1::LuaScriptManager::default(DefaultLuaScriptManager)@robot_1.json, init recursive completed. 
[13:47:47.487680 D 20072 global_logger] node: robot_1::DigitalOutput::out_vacc_open_station8(DefaultDigitalOutput)@robot_1.json, init recursive completed. 
[13:47:47.487699 D 20072 global_logger] node: robot_1::DigitalInput::in_vacc_station4(DefaultDigitalInput)@robot_1.json, init recursive completed. 
[13:47:47.487719 D 20072 global_logger] node: robot_1::DigitalOutput::out_vacc_break_station8(DefaultDigitalOutput)@robot_1.json, init recursive completed. 
[13:47:47.487739 D 20072 global_logger] node: robot_1::DigitalOutput::out_vacc_break_station12(DefaultDigitalOutput)@robot_1.json, init recursive completed. 
[13:47:47.487759 D 20072 global_logger] node: robot_1::DigitalOutput::out_vacc_break_station10(DefaultDigitalOutput)@robot_1.json, init recursive completed. 
[13:47:47.487778 D 20072 global_logger] node: robot_1::DigitalInput::in_ccdz2_lmtp(DefaultDigitalInput)@robot_1.json, init recursive completed. 
[13:47:47.487798 D 20072 global_logger] node: robot_1::DigitalInput::in_ccdz4_lmtn(DefaultDigitalInput)@robot_1.json, init recursive completed. 
[13:47:47.487823 D 20072 global_logger] node: robot_1::DigitalInput::in_handler_ems(DefaultDigitalInput)@robot_1.json, init recursive completed. 
[13:47:47.487938 D 20072 global_logger] node: robot_1::DigitalInput::in_ccdz2_lmtn(DefaultDigitalInput)@robot_1.json, init recursive completed. 
[13:47:47.488057 D 20072 global_log] node: robot_1::IoApi::GM06EC_IO_1(IO_GM06EC)@robot_1.json, init recursive completed. 
[13:47:47.488082 D 20072 global_logger] node: robot_1::DigitalInput::in_handler_door_close(DefaultDigitalInput)@robot_1.json, init recursive completed. 
[13:47:47.488103 D 20072 global_logger] node: robot_1::DigitalInput::in_vacc_station1(DefaultDigitalInput)@robot_1.json, init recursive completed. 
[13:47:47.488123 D 20072 global_logger] node: robot_1::DigitalInput::in_turner_phase_sensor(DefaultDigitalInput)@robot_1.json, init recursive completed. 
[13:47:47.488143 D 20072 global_logger] node: robot_1::DigitalInput::in_right_door_sensor(DefaultDigitalInput)@robot_1.json, init recursive completed. 
[13:47:47.488164 D 20072 global_logger] node: robot_1::DigitalInput::in_rear_door_cylinder_clamp(DefaultDigitalInput)@robot_1.json, init recursive completed. 
[13:47:47.488185 D 20072 global_logger] node: robot_1::DigitalInput::in_vacc_station11(DefaultDigitalInput)@robot_1.json, init recursive completed. 
[13:47:47.488204 D 20072 global_logger] node: robot_1::DigitalInput::in_left_door_cylinder_clamp(DefaultDigitalInput)@robot_1.json, init recursive completed. 
[13:47:47.488224 D 20072 global_logger] node: robot_1::DigitalInput::in_ccdz1_lmtn(DefaultDigitalInput)@robot_1.json, init recursive completed. 
[13:47:47.488244 D 20072 global_logger] node: robot_1::DigitalInput::in_right_door_cylinder_clamp(DefaultDigitalInput)@robot_1.json, init recursive completed. 
[13:47:47.488264 D 20072 global_logger] node: robot_1::DigitalInput::in_vacc_station2(DefaultDigitalInput)@robot_1.json, init recursive completed. 
[13:47:47.488284 D 20072 global_logger] node: robot_1::DigitalInput::in_vacc_station3(DefaultDigitalInput)@robot_1.json, init recursive completed. 
[13:47:47.488304 D 20072 global_logger] node: robot_1::DigitalInput::in_vacc_station6(DefaultDigitalInput)@robot_1.json, init recursive completed. 
[13:47:47.488324 D 20072 global_logger] node: robot_1::DigitalInput::in_ccdz1_lmtp(DefaultDigitalInput)@robot_1.json, init recursive completed. 
[13:47:47.488344 D 20072 global_logger] node: robot_1::DigitalInput::in_vacc_station7(DefaultDigitalInput)@robot_1.json, init recursive completed. 
[13:47:47.488363 D 20072 global_logger] node: robot_1::DigitalInput::in_vacc_station9(DefaultDigitalInput)@robot_1.json, init recursive completed. 
[13:47:47.488383 D 20072 global_logger] node: robot_1::DigitalInput::in_vacc_station10(DefaultDigitalInput)@robot_1.json, init recursive completed. 
[13:47:47.488402 D 20072 global_logger] node: robot_1::DigitalInput::in_vacc_station12(DefaultDigitalInput)@robot_1.json, init recursive completed. 
[13:47:47.488422 D 20072 global_logger] node: robot_1::DigitalInput::in_ccdz5_lmtp(DefaultDigitalInput)@robot_1.json, init recursive completed. 
[13:47:47.488441 D 20072 global_logger] node: robot_1::DigitalInput::in_ccdz3_lmtn(DefaultDigitalInput)@robot_1.json, init recursive completed. 
[13:47:47.488461 D 20072 global_logger] node: robot_1::DigitalInput::in_ccdz5_lmtn(DefaultDigitalInput)@robot_1.json, init recursive completed. 
[13:47:47.488481 D 20072 global_logger] node: robot_1::DigitalInput::in_ccdz6_lmtp(DefaultDigitalInput)@robot_1.json, init recursive completed. 
[13:47:47.488500 D 20072 global_logger] node: robot_1::DigitalInput::in_ccdz6_lmtn(DefaultDigitalInput)@robot_1.json, init recursive completed. 
[13:47:47.488520 D 20072 global_logger] node: robot_1::DigitalInput::emg(DefaultDigitalInput)@robot_1.json, init recursive completed. 
[13:47:47.488542 D 20072 global_logger] node: robot_1::AnalogInput::light_intensity_ch1(DefaultAnalogInput)@robot_1.json, init recursive completed. 
[13:47:47.488562 D 20072 global_logger] node: robot_1::AnalogInput::light_intensity_ch3(DefaultAnalogInput)@robot_1.json, init recursive completed. 
[13:47:47.488606 D 20072 global_logger] node: robot_1::AnalogInput::light_intensity_ch0(DefaultAnalogInput)@robot_1.json, init recursive completed. 
[13:47:47.488627 D 20072 global_logger] node: robot_1::AnalogInput::light_intensity_ch2(DefaultAnalogInput)@robot_1.json, init recursive completed. 
[13:47:47.489154 D 20072 global_logger] node: robot_1::Machine::default(Machine)@robot_1.json, init recursive completed. 
[13:47:47.584485 E 20072 global_log] failed to communicated with board ip=192.168.5.110
[13:47:47.584743 D 20072 global_log] node: robot_1::MotionApi::GM06EC_MOTION_0(Motion_GM06EC)@robot_1.json, init recursive completed. 
[13:47:47.676107 E 20072 global_log] failed to communicated with board ip=192.168.5.110
[13:47:47.676201 E 20072 global_logger] DefaultAxis:robot_1::Axis::s1_turner(DefaultAxis)@robot_1.json board return error:failed to communicated with s1_turner board
[13:47:47.676233 E 20072 global_logger EXCEPTION] exception occurred at: robot_1::Axis::s1_turner(DefaultAxis)@robot_1.json, code: 1
"failed to communicated with s1_turner board, function: 'GraphScript::DefaultAxis::set_start_speed_percent', line: 985."
[13:47:47.676488 E 20072 global_logger EXCEPTION] exception occurred at: robot_1::Axis::s1_turner(DefaultAxis)@robot_1.json, code: 1
""failed to communicated with s1_turner board, function: 'GraphScript::DefaultAxis::set_start_speed_percent', line: 985.", function: 'GraphScript::Node::init_recursive', line: 265."
[13:47:49.855795 E 12024 global_log] failed to communicated with board ip=192.168.5.110
[13:47:49.858287 W 12024 global_logger] out_led_greenset_status error_code =1
[13:47:49.858332 E 12024 global_logger EXCEPTION] exception occurred at: robot_1::DigitalOutput::out_led_green(DefaultDigitalOutput)@robot_1.json, code: 1
"function:GraphScript::DefaultDigitalOutput::set_status, function: 'GraphScript::DefaultDigitalOutput::set_status', line: 232."
[13:47:49.858445 E 12024 global_logger] work thread catch a exception(node:robot_1::DigitalOutput::out_led_green(DefaultDigitalOutput)@robot_1.json error code:1 msg:"function:GraphScript::DefaultDigitalOutput::set_status, function: 'GraphScript::DefaultDigitalOutput::set_status', line: 232.") . thread exited!
[13:47:49.905092 E 20324 global_log] failed to communicated with board ip=192.168.5.140
[13:47:51.080206 E 20072 global_logger EXCEPTION] exception occurred at: robot_1::Axis::s1_turner(DefaultAxis)@robot_1.json, code: -1
"node:robot_1::Axis::s1_turner(DefaultAxis)@robot_1.json need be inited before it executes the function:GraphScript::DefaultAxis::set_velocity_percent_of_default, function: 'GraphScript::DefaultAxis::set_velocity_percent_of_default', line: 935."
[13:47:52.818662 E 20324 global_log] failed to communicated with board ip=192.168.5.140
[13:47:54.911042 E 20324 global_log] failed to communicated with board ip=192.168.5.140
[13:47:57.002461 E 20324 global_log] failed to communicated with board ip=192.168.5.140
[13:47:57.383533 E 5728 global_log] failed to communicated with board ip=192.168.5.140
[13:47:57.383610 W 5728 global_logger] out_vacc_open_station1set_status error_code =1
[13:47:57.383626 E 5728 global_logger EXCEPTION] exception occurred at: robot_1::DigitalOutput::out_vacc_open_station1(DefaultDigitalOutput)@robot_1.json, code: 1
"function:GraphScript::DefaultDigitalOutput::set_status, function: 'GraphScript::DefaultDigitalOutput::set_status', line: 232."
[13:47:59.094655 E 20324 global_log] failed to communicated with board ip=192.168.5.140
[13:48:01.187225 E 20324 global_log] failed to communicated with board ip=192.168.5.140
[13:48:03.279428 E 20324 global_log] failed to communicated with board ip=192.168.5.140
[13:48:05.379608 E 20324 global_log] failed to communicated with board ip=192.168.5.140
[13:48:06.877335 E 5728 global_log] failed to communicated with board ip=192.168.5.110
[13:48:06.877498 W 5728 global_logger] out_turner_svonset_status error_code =1
[13:48:06.877520 E 5728 global_logger EXCEPTION] exception occurred at: robot_1::DigitalOutput::out_turner_svon(DefaultDigitalOutput)@robot_1.json, code: 1
"function:GraphScript::DefaultDigitalOutput::set_status, function: 'GraphScript::DefaultDigitalOutput::set_status', line: 232."
[13:48:07.471052 E 20324 global_log] failed to communicated with board ip=192.168.5.140
[13:48:09.563394 E 20324 global_log] failed to communicated with board ip=192.168.5.140
[13:48:11.654897 E 20324 global_log] failed to communicated with board ip=192.168.5.140
[13:48:13.752627 E 20324 global_log] failed to communicated with board ip=192.168.5.140
[13:48:15.844192 E 20324 global_log] failed to communicated with board ip=192.168.5.140
[13:48:17.942522 E 20324 global_log] failed to communicated with board ip=192.168.5.140
[13:48:20.034926 E 20324 global_log] failed to communicated with board ip=192.168.5.140
[13:48:22.127406 E 20324 global_log] failed to communicated with board ip=192.168.5.140
[13:48:24.220301 E 20324 global_log] failed to communicated with board ip=192.168.5.140
[13:48:26.311759 E 20324 global_log] failed to communicated with board ip=192.168.5.140
[13:48:28.403578 E 20324 global_log] failed to communicated with board ip=192.168.5.140
[13:48:30.505284 E 20324 global_log] failed to communicated with board ip=192.168.5.140
[13:48:32.597297 E 20324 global_log] failed to communicated with board ip=192.168.5.140
[13:48:34.689619 E 20324 global_log] failed to communicated with board ip=192.168.5.140
[13:48:36.786271 E 20324 global_log] failed to communicated with board ip=192.168.5.140
[13:48:38.878477 E 20324 global_log] failed to communicated with board ip=192.168.5.140
[13:48:40.970775 E 20324 global_log] failed to communicated with board ip=192.168.5.140
[13:48:43.079653 E 20324 global_log] failed to communicated with board ip=192.168.5.140
[13:48:45.217372 E 20324 global_log] failed to communicated with board ip=192.168.5.140
[13:48:47.310860 E 20324 global_log] failed to communicated with board ip=192.168.5.140
[13:48:49.403220 E 20324 global_log] failed to communicated with board ip=192.168.5.140
[13:48:51.498591 E 20324 global_log] failed to communicated with board ip=192.168.5.140
[13:48:53.590627 E 20324 global_log] failed to communicated with board ip=192.168.5.140
[13:48:55.694998 E 20324 global_log] failed to communicated with board ip=192.168.5.140
[13:48:57.786826 E 20324 global_log] failed to communicated with board ip=192.168.5.140
[13:48:59.883271 E 20324 global_log] failed to communicated with board ip=192.168.5.140
[13:49:01.975060 E 20324 global_log] failed to communicated with board ip=192.168.5.140
[13:49:04.067356 E 20324 global_log] failed to communicated with board ip=192.168.5.140
[13:49:04.832276 E 20072 global_logger EXCEPTION] exception occurred at: robot_1::Axis::s1_turner(DefaultAxis)@robot_1.json, code: -1
"node:robot_1::Axis::s1_turner(DefaultAxis)@robot_1.json need be inited before it executes the function:GraphScript::DefaultAxis::set_velocity_percent_of_default, function: 'GraphScript::DefaultAxis::set_velocity_percent_of_default', line: 935."
[13:49:06.159357 E 20324 global_log] failed to communicated with board ip=192.168.5.140
[13:49:08.251055 E 20324 global_log] failed to communicated with board ip=192.168.5.140
[13:49:10.342690 E 20324 global_log] failed to communicated with board ip=192.168.5.140
[13:49:12.435347 E 20324 global_log] failed to communicated with board ip=192.168.5.140
[13:49:14.527459 E 20324 global_log] failed to communicated with board ip=192.168.5.140
[13:49:16.620351 E 20324 global_log] failed to communicated with board ip=192.168.5.140
[13:49:18.716755 E 20324 global_log] failed to communicated with board ip=192.168.5.140
[13:49:20.809466 E 20324 global_log] failed to communicated with board ip=192.168.5.140
[13:49:22.901974 E 20324 global_log] failed to communicated with board ip=192.168.5.140
[13:49:24.994009 E 20324 global_log] failed to communicated with board ip=192.168.5.140
[13:49:27.086088 E 20324 global_log] failed to communicated with board ip=192.168.5.140
[13:49:29.179638 E 20324 global_log] failed to communicated with board ip=192.168.5.140
[13:49:31.272079 E 20324 global_log] failed to communicated with board ip=192.168.5.140
[13:49:33.365670 E 20324 global_log] failed to communicated with board ip=192.168.5.140
[13:49:35.456994 E 20324 global_log] failed to communicated with board ip=192.168.5.140
[13:49:37.548609 E 20324 global_log] failed to communicated with board ip=192.168.5.140
[13:49:39.640891 E 20324 global_log] failed to communicated with board ip=192.168.5.140
[13:49:41.739922 E 20324 global_log] failed to communicated with board ip=192.168.5.140
[13:49:43.834219 E 20324 global_log] failed to communicated with board ip=192.168.5.140
[13:49:45.926275 E 20324 global_log] failed to communicated with board ip=192.168.5.140
[13:49:48.018905 E 20324 global_log] failed to communicated with board ip=192.168.5.140
[13:49:50.111597 E 20324 global_log] failed to communicated with board ip=192.168.5.140
[13:49:50.529379 E 20072 global_logger EXCEPTION] exception occurred at: robot_1::Axis::s1_turner(DefaultAxis)@robot_1.json, code: -1
"node:robot_1::Axis::s1_turner(DefaultAxis)@robot_1.json need be inited before it executes the function:GraphScript::DefaultAxis::set_velocity_percent_of_default, function: 'GraphScript::DefaultAxis::set_velocity_percent_of_default', line: 935."
[13:49:52.722786 E 20324 global_log] failed to communicated with board ip=192.168.5.140
[13:49:56.239285 E 20324 global_log] failed to communicated with board ip=192.168.5.140
[13:49:58.331857 E 20324 global_log] failed to communicated with board ip=192.168.5.140
[13:50:00.423920 E 20324 global_log] failed to communicated with board ip=192.168.5.140
[13:50:02.856526 E 20324 global_log] failed to communicated with board ip=192.168.5.140
[13:50:05.083719 E 20324 global_log] failed to communicated with board ip=192.168.5.140
[13:50:07.178858 E 20324 global_log] failed to communicated with board ip=192.168.5.140
[13:50:09.270512 E 20324 global_log] failed to communicated with board ip=192.168.5.140
[13:50:11.369372 E 20324 global_log] failed to communicated with board ip=192.168.5.140
[13:50:13.461303 E 20324 global_log] failed to communicated with board ip=192.168.5.140
[13:50:15.552967 E 20324 global_log] failed to communicated with board ip=192.168.5.140
[13:50:17.654678 E 20324 global_log] failed to communicated with board ip=192.168.5.140
[13:50:19.746213 E 20324 global_log] failed to communicated with board ip=192.168.5.140
[13:50:21.846257 E 20324 global_log] failed to communicated with board ip=192.168.5.140
[13:50:24.051854 E 20324 global_log] failed to communicated with board ip=192.168.5.140
[13:50:26.143956 E 20324 global_log] failed to communicated with board ip=192.168.5.140
[13:50:28.238775 E 20324 global_log] failed to communicated with board ip=192.168.5.140
[13:50:30.330246 E 20324 global_log] failed to communicated with board ip=192.168.5.140
[13:50:32.422134 E 20324 global_log] failed to communicated with board ip=192.168.5.140
[13:50:34.514148 E 20324 global_log] failed to communicated with board ip=192.168.5.140
[13:50:36.606358 E 20324 global_log] failed to communicated with board ip=192.168.5.140
[13:50:38.699198 E 20324 global_log] failed to communicated with board ip=192.168.5.140
[13:50:40.973456 E 20324 global_log] failed to communicated with board ip=192.168.5.140
[13:50:43.064970 E 20324 global_log] failed to communicated with board ip=192.168.5.140
[13:50:45.156245 E 20324 global_log] failed to communicated with board ip=192.168.5.140
[13:50:47.248635 E 20324 global_log] failed to communicated with board ip=192.168.5.140
[13:50:49.339943 E 20324 global_log] failed to communicated with board ip=192.168.5.140
[13:50:51.431570 E 20324 global_log] failed to communicated with board ip=192.168.5.140
[13:50:53.217060 E 20072 global_logger EXCEPTION] exception occurred at: robot_1::Axis::s1_turner(DefaultAxis)@robot_1.json, code: -1
"node:robot_1::Axis::s1_turner(DefaultAxis)@robot_1.json need be inited before it executes the function:GraphScript::DefaultAxis::set_velocity_percent_of_default, function: 'GraphScript::DefaultAxis::set_velocity_percent_of_default', line: 935."
[13:50:53.523144 E 20324 global_log] failed to communicated with board ip=192.168.5.140
[13:50:55.618461 E 20324 global_log] failed to communicated with board ip=192.168.5.140
[13:50:57.717098 E 20324 global_log] failed to communicated with board ip=192.168.5.140
[13:50:59.809271 E 20324 global_log] failed to communicated with board ip=192.168.5.140
[13:51:01.901746 E 20324 global_log] failed to communicated with board ip=192.168.5.140
[13:51:03.993104 E 20324 global_log] failed to communicated with board ip=192.168.5.140
[13:51:06.086914 E 20324 global_log] failed to communicated with board ip=192.168.5.140
[13:51:08.180047 E 20324 global_log] failed to communicated with board ip=192.168.5.140
[13:51:10.272585 E 20324 global_log] failed to communicated with board ip=192.168.5.140
[13:51:12.364580 E 20324 global_log] failed to communicated with board ip=192.168.5.140
[13:51:14.456752 E 20324 global_log] failed to communicated with board ip=192.168.5.140
[13:51:16.548771 E 20324 global_log] failed to communicated with board ip=192.168.5.140
[13:51:18.641021 E 20324 global_log] failed to communicated with board ip=192.168.5.140
[13:51:20.732600 E 20324 global_log] failed to communicated with board ip=192.168.5.140
[13:51:22.839234 E 20324 global_log] failed to communicated with board ip=192.168.5.140
[13:51:24.931990 E 20324 global_log] failed to communicated with board ip=192.168.5.140
[13:51:27.025384 E 20324 global_log] failed to communicated with board ip=192.168.5.140
[13:51:29.116604 E 20324 global_log] failed to communicated with board ip=192.168.5.140
[13:51:29.363511 E 8416 global_logger EXCEPTION] exception occurred at: robot_1::Axis::s1_ccdz1(StepAxis)@robot_1.json, code: -1
"node:robot_1::Axis::s1_ccdz1(StepAxis)@robot_1.json need be inited before it executes the function:GraphScript::DefaultAxis::get_cmd_pos, function: 'GraphScript::DefaultAxis::get_cmd_pos', line: 1288."
[13:51:31.217053 E 20324 global_log] failed to communicated with board ip=192.168.5.140
[13:51:33.310145 E 20324 global_log] failed to communicated with board ip=192.168.5.140
[13:51:35.401272 E 20324 global_log] failed to communicated with board ip=192.168.5.140
[13:51:37.494448 E 20324 global_log] failed to communicated with board ip=192.168.5.140
[13:51:39.588687 E 20324 global_log] failed to communicated with board ip=192.168.5.140
[13:51:41.680643 E 20324 global_log] failed to communicated with board ip=192.168.5.140
[13:51:43.772636 E 20324 global_log] failed to communicated with board ip=192.168.5.140
[13:51:45.864356 E 20324 global_log] failed to communicated with board ip=192.168.5.140
[13:51:47.956253 E 20324 global_log] failed to communicated with board ip=192.168.5.140
[13:51:50.066839 E 20324 global_log] failed to communicated with board ip=192.168.5.140
[13:51:52.159302 E 20324 global_log] failed to communicated with board ip=192.168.5.140
[13:51:54.251288 E 20324 global_log] failed to communicated with board ip=192.168.5.140
[13:51:56.343288 E 20324 global_log] failed to communicated with board ip=192.168.5.140
[13:51:58.435570 E 20324 global_log] failed to communicated with board ip=192.168.5.140
[13:52:00.528073 E 20324 global_log] failed to communicated with board ip=192.168.5.140
[13:52:02.626956 E 20324 global_log] failed to communicated with board ip=192.168.5.140
[13:52:04.718522 E 20324 global_log] failed to communicated with board ip=192.168.5.140
[13:52:06.810921 E 20324 global_log] failed to communicated with board ip=192.168.5.140
[13:52:10.523485 E 20324 global_log] failed to communicated with board ip=192.168.5.140
[13:52:12.631665 E 20324 global_log] failed to communicated with board ip=192.168.5.140
[13:52:14.722905 E 20324 global_log] failed to communicated with board ip=192.168.5.140
[13:52:16.815314 E 20324 global_log] failed to communicated with board ip=192.168.5.140
[13:52:18.908266 E 20324 global_log] failed to communicated with board ip=192.168.5.140
[13:52:21.000936 E 20324 global_log] failed to communicated with board ip=192.168.5.140
[13:52:21.444585 E 20072 global_logger EXCEPTION] exception occurred at: robot_1::Axis::s1_turner(DefaultAxis)@robot_1.json, code: -1
"node:robot_1::Axis::s1_turner(DefaultAxis)@robot_1.json need be inited before it executes the function:GraphScript::DefaultAxis::set_velocity_percent_of_default, function: 'GraphScript::DefaultAxis::set_velocity_percent_of_default', line: 935."
[13:52:23.092747 E 20324 global_log] failed to communicated with board ip=192.168.5.140
[13:52:25.187915 E 20324 global_log] failed to communicated with board ip=192.168.5.140
[13:52:27.280905 E 20324 global_log] failed to communicated with board ip=192.168.5.140
[13:52:29.374699 E 20324 global_log] failed to communicated with board ip=192.168.5.140
[13:52:31.466575 E 20324 global_log] failed to communicated with board ip=192.168.5.140
[13:52:33.559050 E 20324 global_log] failed to communicated with board ip=192.168.5.140
[13:52:35.650867 E 20324 global_log] failed to communicated with board ip=192.168.5.140
[13:52:37.745054 E 20324 global_log] failed to communicated with board ip=192.168.5.140
[13:52:39.836959 E 20324 global_log] failed to communicated with board ip=192.168.5.140
[13:52:41.929686 E 20324 global_log] failed to communicated with board ip=192.168.5.140
[13:52:44.021429 E 20324 global_log] failed to communicated with board ip=192.168.5.140
[13:52:46.115566 E 20324 global_log] failed to communicated with board ip=192.168.5.140
[13:52:48.208175 E 20324 global_log] failed to communicated with board ip=192.168.5.140
[13:52:50.302784 E 20324 global_log] failed to communicated with board ip=192.168.5.140
[13:52:52.397738 E 20324 global_log] failed to communicated with board ip=192.168.5.140
[13:52:54.489986 E 20324 global_log] failed to communicated with board ip=192.168.5.140
[13:52:56.590582 E 20324 global_log] failed to communicated with board ip=192.168.5.140
[13:52:58.682919 E 20324 global_log] failed to communicated with board ip=192.168.5.140
[13:53:00.774867 E 20324 global_log] failed to communicated with board ip=192.168.5.140
[13:53:02.077500 E 20468 global_log] failed to communicated with board ip=192.168.5.110
[13:53:02.077606 W 20468 global_logger] out_turner_svonset_status error_code =1
[13:53:02.077625 E 20468 global_logger EXCEPTION] exception occurred at: robot_1::DigitalOutput::out_turner_svon(DefaultDigitalOutput)@robot_1.json, code: 1
"function:GraphScript::DefaultDigitalOutput::set_status, function: 'GraphScript::DefaultDigitalOutput::set_status', line: 232."
[13:53:02.870000 E 20324 global_log] failed to communicated with board ip=192.168.5.140
[13:53:04.962706 E 20324 global_log] failed to communicated with board ip=192.168.5.140
[13:53:07.056006 E 20324 global_log] failed to communicated with board ip=192.168.5.140
[13:53:09.148103 E 20324 global_log] failed to communicated with board ip=192.168.5.140
[13:53:11.239768 E 20324 global_log] failed to communicated with board ip=192.168.5.140
[13:53:13.332588 E 20324 global_log] failed to communicated with board ip=192.168.5.140
[13:53:15.424741 E 20324 global_log] failed to communicated with board ip=192.168.5.140
[13:53:17.517031 E 20324 global_log] failed to communicated with board ip=192.168.5.140
[13:53:19.608411 E 20324 global_log] failed to communicated with board ip=192.168.5.140
[13:53:21.703829 E 20324 global_log] failed to communicated with board ip=192.168.5.140
[13:53:23.796159 E 20324 global_log] failed to communicated with board ip=192.168.5.140
[13:53:25.889066 E 20324 global_log] failed to communicated with board ip=192.168.5.140
[13:53:27.981629 E 20324 global_log] failed to communicated with board ip=192.168.5.140
[13:53:30.126313 E 20324 global_log] failed to communicated with board ip=192.168.5.140
[13:53:32.231868 E 20324 global_log] failed to communicated with board ip=192.168.5.140
[13:53:34.323756 E 20324 global_log] failed to communicated with board ip=192.168.5.140
[13:53:36.416396 E 20324 global_log] failed to communicated with board ip=192.168.5.140
[13:53:38.519784 E 20324 global_log] failed to communicated with board ip=192.168.5.140
[13:53:40.612082 E 20324 global_log] failed to communicated with board ip=192.168.5.140
[13:53:42.703975 E 20324 global_log] failed to communicated with board ip=192.168.5.140
[13:53:44.798782 E 20324 global_log] failed to communicated with board ip=192.168.5.140
[13:53:46.891625 E 20324 global_log] failed to communicated with board ip=192.168.5.140
[13:53:48.982865 E 20324 global_log] failed to communicated with board ip=192.168.5.140
[13:53:51.074462 E 20324 global_log] failed to communicated with board ip=192.168.5.140
[13:53:53.165623 E 20324 global_log] failed to communicated with board ip=192.168.5.140
[13:53:55.258205 E 20324 global_log] failed to communicated with board ip=192.168.5.140
[13:53:57.350152 E 20324 global_log] failed to communicated with board ip=192.168.5.140
[13:53:59.450858 E 20324 global_log] failed to communicated with board ip=192.168.5.140
[13:54:01.547721 E 20324 global_log] failed to communicated with board ip=192.168.5.140
[13:54:03.642577 E 20324 global_log] failed to communicated with board ip=192.168.5.140
[13:54:05.734432 E 20324 global_log] failed to communicated with board ip=192.168.5.140
[13:54:07.831441 E 20324 global_log] failed to communicated with board ip=192.168.5.140
[13:54:09.923765 E 20324 global_log] failed to communicated with board ip=192.168.5.140
[13:54:12.017600 E 20324 global_log] failed to communicated with board ip=192.168.5.140
[13:54:14.109876 E 20324 global_log] failed to communicated with board ip=192.168.5.140
[13:54:16.201253 E 20324 global_log] failed to communicated with board ip=192.168.5.140
[13:54:18.297166 E 20324 global_log] failed to communicated with board ip=192.168.5.140
[13:54:20.388523 E 20324 global_log] failed to communicated with board ip=192.168.5.140
[13:54:22.484030 E 20324 global_log] failed to communicated with board ip=192.168.5.140
[13:54:24.576285 E 20324 global_log] failed to communicated with board ip=192.168.5.140
[13:54:26.684593 E 20324 global_log] failed to communicated with board ip=192.168.5.140
[13:54:28.777036 E 20324 global_log] failed to communicated with board ip=192.168.5.140
[13:54:30.868568 E 20324 global_log] failed to communicated with board ip=192.168.5.140
