[09:36:10.849202 I 3652 global_logger] create factory logger completed.
[09:36:10.849366 I 3652 global_logger] prepare to init system...
[09:36:10.849411 I 3652 global_logger] config path: , argvs: ["D:\\Nigo\\Nigo\\bin\\Debug\\"]
[09:36:10.849609 D 3652 global_logger] load plugin library: "D:\Nigo\Nigo\bin\Debug\hardware.dll"...
[09:36:10.849681 D 3652 global_logger] load plugin library: "D:\Nigo\Nigo\bin\Debug\hardware.dll" completed.
[09:36:10.849717 D 3652 global_logger] load plugin library: "D:\Nigo\Nigo\bin\Debug\lua_bindings.dll"...
[09:36:10.856234 D 3652 global_logger] load plugin library: "D:\Nigo\Nigo\bin\Debug\lua_bindings.dll" completed.
[09:36:10.856437 D 3652 global_logger] load plugin library: "D:\Nigo\Nigo\bin\Debug\csharp_bridge.dll"...
[09:36:10.858301 D 3652 global_logger] load plugin library: "D:\Nigo\Nigo\bin\Debug\csharp_bridge.dll" completed.
[09:36:10.858357 D 3652 global_logger] load plugin library: "D:\Nigo\Nigo\bin\Debug\GM91ECU.dll"...
[09:36:10.861202 D 3652 global_logger] load plugin library: "D:\Nigo\Nigo\bin\Debug\GM91ECU.dll" completed.
[09:36:10.861262 D 3652 global_logger] load plugin library: "D:\Nigo\Nigo\bin\Debug\AdvCan.dll"...
[09:36:10.864125 D 3652 global_logger] load plugin library: "D:\Nigo\Nigo\bin\Debug\AdvCan.dll" completed.
[09:36:10.864177 D 3652 global_logger] load plugin library: "D:\Nigo\Nigo\bin\Debug\hardware_wrapper_help.dll"...
[09:36:10.865513 D 3652 global_logger] load plugin library: "D:\Nigo\Nigo\bin\Debug\hardware_wrapper_help.dll" completed.
[09:36:10.865554 D 3652 global_logger] load plugin library: "D:\Nigo\Nigo\bin\Debug\amc2d.dll"...
[09:36:10.926442 D 3652 global_logger] load plugin library: "D:\Nigo\Nigo\bin\Debug\amc2d.dll" completed.
[09:36:10.926498 D 3652 global_logger] load plugin library: "D:\Nigo\Nigo\bin\Debug\GM06EC.dll"...
[09:36:10.930697 D 3652 global_logger] load plugin library: "D:\Nigo\Nigo\bin\Debug\GM06EC.dll" completed.
[09:36:10.930755 D 3652 global_logger] load plugin library: "D:\Nigo\Nigo\bin\Debug\CanMotionIo.dll"...
[09:36:10.933557 D 3652 global_logger] load plugin library: "D:\Nigo\Nigo\bin\Debug\CanMotionIo.dll" completed.
[09:36:10.933626 I 3652 global_logger] load pre-load libraries completed.
[09:36:10.933660 I 3652 global_logger] execute function: init_clr_factory ...
[09:36:11.216277 W 3652 global_logger] Factory Compose() in C# used 265 ms
[09:36:11.224812 W 3652 global_logger] Factory call RegisterTypes2System() in C# used 4 ms
[09:36:11.233942 W 3652 global_logger] Factory InitScriptSys() in C# used 0 ms
[09:36:11.234091 I 3652 global_logger] execute function: init_clr_factory completed.
[09:36:11.238592 D 3652 global_logger] start to create nodes in module: [global]...
[09:36:11.238791 D 3652 global_logger] start to create nodes in module: robot_1...
[09:36:11.264317 I 3652 global_logger] execute function: init_wrapper_sys ...
[09:36:11.329231 W 3652 global_logger] Factory CreateOmd in C# used 63 ms
[09:36:11.329323 I 3652 global_logger] execute function: init_wrapper_sys completed.
[09:36:11.329370 D 3652 global_logger] start to check version in module: LogManager...
[09:36:11.329435 D 3652 global_logger] start to check version in module: Root...
[09:36:11.329469 D 3652 global_logger] start to check version in module: Logger...
[09:36:11.329515 D 3652 global_logger] start to check version in module: Null...
[09:36:11.329548 I 3652 global_logger] check version dependence for nodes in module: [global] completed.
[09:36:11.329583 D 3652 global_logger] start to check version in module: Machine...
[09:36:11.330050 D 3652 global_logger] start to check version in module: HardwareManager...
[09:36:11.330212 D 3652 global_logger] start to check version in module: LuaScriptManager...
[09:36:11.330262 D 3652 global_logger] start to check version in module: MotionApi...
[09:36:11.330332 D 3652 global_logger] start to check version in module: Axis...
[09:36:11.330465 D 3652 global_logger] start to check version in module: IoApi...
[09:36:11.330537 D 3652 global_logger] start to check version in module: DigitalInput...
[09:36:11.330911 D 3652 global_logger] start to check version in module: AnalogInput...
[09:36:11.330979 D 3652 global_logger] start to check version in module: DigitalOutput...
[09:36:11.331270 D 3652 global_logger] start to check version in module: Cylinder...
[09:36:11.331351 D 3652 global_logger] start to check version in module: Beacon...
[09:36:11.331395 D 3652 global_logger] start to check version in module: EncoderReader...
[09:36:11.331435 D 3652 global_logger] start to check version in module: SimpleSynComm...
[09:36:11.331486 D 3652 global_logger] start to check version in module: CmdAgent...
[09:36:11.332159 D 3652 global_logger] start to check version in module: Logger...
[09:36:11.332252 I 3652 global_logger] check version dependence for nodes in module: robot_1 completed.
[09:36:11.332286 D 3652 global_logger] start to set nodes configs in module: [global]
[09:36:11.332346 D 3652 global_logger] start to set nodes configs in module: robot_1
[09:36:11.334742 W 3652 global_logger] robot_1::Axis::s1_turner(DefaultAxis)@robot_1.json. neg_limit bigger than pos_limit, soft limit disabled!
[09:36:11.345492 I 3652 global_logger] set config for nodes completed.
[09:36:11.345587 D 3652 global_logger] start to link in module: LogManager...
[09:36:11.345635 D 3652 global_logger] start to link in module: Root...
[09:36:11.345676 D 3652 global_logger] start to link in module: Logger...
[09:36:11.345745 D 3652 global_logger] start to link in module: Null...
[09:36:11.345789 I 3652 global_logger] link for nodes in module: [global] completed.
[09:36:11.345829 D 3652 global_logger] start to link in module: Machine...
[09:36:11.345976 D 3652 global_logger] start to link in module: HardwareManager...
[09:36:11.346500 D 3652 global_logger] start to link in module: LuaScriptManager...
[09:36:11.346586 D 3652 global_logger] start to link in module: MotionApi...
[09:36:11.346640 D 3652 global_logger] start to link in module: Axis...
[09:36:11.347252 D 3652 global_logger] start to link in module: IoApi...
[09:36:11.347314 D 3652 global_logger] start to link in module: DigitalInput...
[09:36:11.348097 D 3652 global_logger] start to link in module: AnalogInput...
[09:36:11.348347 D 3652 global_logger] start to link in module: DigitalOutput...
[09:36:11.350772 D 3652 global_logger] start to link in module: Cylinder...
[09:36:11.350886 D 3652 global_logger] start to link in module: Beacon...
[09:36:11.350953 D 3652 global_logger] start to link in module: EncoderReader...
[09:36:11.350999 D 3652 global_logger] start to link in module: SimpleSynComm...
[09:36:11.351041 D 3652 global_logger] start to link in module: CmdAgent...
[09:36:11.351325 D 3652 global_logger] start to link in module: Logger...
[09:36:11.351409 I 3652 global_logger] link for nodes in module: robot_1 completed.
[09:36:11.351461 I 3652 global_logger] add to parent for nodes in module: [global] completed.
[09:36:11.352656 I 3652 global_logger] add to parent for nodes in module: robot_1 completed.
[09:36:11.353365 I 3652 global_logger] link logger for nodes in module: [global] completed.
[09:36:11.353749 I 3652 global_logger] link logger for nodes in module: robot_1 completed.
[09:36:11.353816 I 3652 global_logger] check pointers for nodes in module: [global] completed.
[09:36:11.353854 I 3652 global_logger] check pointers for nodes in module: robot_1 completed.
[09:36:11.353909 I 3652 global_logger] add default dependence for nodes in module: [global] completed.
[09:36:11.355677 I 3652 global_logger] add default dependence for nodes in module: robot_1 completed.
[09:36:11.356444 I 3652 global_logger] initialize default nodes in module: [global] completed.
[09:36:11.356489 I 3652 global_logger] initialize default nodes in module: robot_1 completed.
[09:36:11.356636 I 3652 global_logger] execute function: link_nodes ...
[09:36:11.367109 I 3652 global_logger] Link Machine in c#
[09:36:11.374213 W 3652 global_logger] Factory call LinkAllNodes() in C# used 14 ms
[09:36:11.374307 I 3652 global_logger] execute function: link_nodes completed.
[09:36:11.374392 I 3652 global_logger] system init completed.
[09:36:11.375712 D 3652 global_logger] node: [global]::LogManager::singleton_instance(LogManager)@, init recursive completed. 
[09:36:11.375779 D 3652 global_log] node: robot_1::Logger::global_log(Logger)@robot_1.json, init recursive completed. 
[09:36:11.375993 D 3652 global_log] node: robot_1::IoApi::GM06EC_IO_0(IO_GM06EC)@robot_1.json, init recursive completed. 
[09:36:11.376040 D 3652 global_logger] node: robot_1::DigitalOutput::out_fly_capture_trigger(DefaultDigitalOutput)@robot_1.json, init recursive completed. 
[09:36:11.376082 D 3652 global_logger] node: robot_1::DigitalInput::in_handler_emo(DefaultDigitalInput)@robot_1.json, init recursive completed. 
[09:36:11.376227 D 3652 global_log] node: robot_1::IoApi::GM04EC_IO_1(IoGm91Ecu)@robot_1.json, init recursive completed. 
[09:36:11.376272 D 3652 global_logger] node: robot_1::DigitalOutput::out_vacc_break_station11(DefaultDigitalOutput)@robot_1.json, init recursive completed. 
[09:36:11.376312 D 3652 global_logger] node: robot_1::DigitalOutput::out_rear_door_cylinder_lock(DefaultDigitalOutput)@robot_1.json, init recursive completed. 
[09:36:11.376352 D 3652 global_logger] node: robot_1::DigitalOutput::out_led_yellow(DefaultDigitalOutput)@robot_1.json, init recursive completed. 
[09:36:11.376487 D 3652 global_log] node: robot_1::IoApi::GM04EC_IO_0(IoGm91Ecu)@robot_1.json, init recursive completed. 
[09:36:11.376522 D 3652 global_logger] node: robot_1::DigitalOutput::out_vacc_open_station4(DefaultDigitalOutput)@robot_1.json, init recursive completed. 
[09:36:11.376548 D 3652 global_logger] node: robot_1::DigitalOutput::out_led_red(DefaultDigitalOutput)@robot_1.json, init recursive completed. 
[09:36:11.376573 D 3652 global_logger] node: robot_1::DigitalOutput::out_led_green(DefaultDigitalOutput)@robot_1.json, init recursive completed. 
[09:36:11.376595 D 3652 global_logger] node: robot_1::DigitalOutput::out_led_beep(DefaultDigitalOutput)@robot_1.json, init recursive completed. 
[09:36:11.376618 D 3652 global_logger] node: robot_1::Beacon::default(DefaultBeacon)@robot_1.json, init recursive completed. 
[09:36:11.376641 D 3652 global_logger] node: robot_1::DigitalOutput::out_vacc_open_station11(DefaultDigitalOutput)@robot_1.json, init recursive completed. 
[09:36:11.376665 D 3652 global_logger] node: robot_1::DigitalOutput::out_vacc_open_station9(DefaultDigitalOutput)@robot_1.json, init recursive completed. 
[09:36:11.376688 D 3652 global_logger] node: robot_1::DigitalOutput::out_vacc_open_station12(DefaultDigitalOutput)@robot_1.json, init recursive completed. 
[09:36:11.376710 D 3652 global_logger] node: robot_1::DigitalInput::in_left_door_cylinder_release(DefaultDigitalInput)@robot_1.json, init recursive completed. 
[09:36:11.376746 D 3652 global_logger] node: robot_1::DigitalOutput::out_vacc_open_station6(DefaultDigitalOutput)@robot_1.json, init recursive completed. 
[09:36:11.376767 D 3652 global_logger] node: robot_1::DigitalInput::in_right_door_cylinder_release(DefaultDigitalInput)@robot_1.json, init recursive completed. 
[09:36:11.376788 D 3652 global_logger] node: robot_1::DigitalOutput::out_vacc_break_station9(DefaultDigitalOutput)@robot_1.json, init recursive completed. 
[09:36:11.376809 D 3652 global_logger] node: robot_1::DigitalInput::in_left_door_sensor(DefaultDigitalInput)@robot_1.json, init recursive completed. 
[09:36:11.376830 D 3652 global_logger] node: robot_1::DigitalInput::in_vacc_station5(DefaultDigitalInput)@robot_1.json, init recursive completed. 
[09:36:11.376850 D 3652 global_logger] node: robot_1::DigitalOutput::out_vacc_open_station3(DefaultDigitalOutput)@robot_1.json, init recursive completed. 
[09:36:11.376873 D 3652 global_logger] node: robot_1::DigitalInput::in_rear_door_cylinder_release(DefaultDigitalInput)@robot_1.json, init recursive completed. 
[09:36:11.376894 D 3652 global_logger] node: robot_1::DigitalOutput::out_left_door_cylinder_lock(DefaultDigitalOutput)@robot_1.json, init recursive completed. 
[09:36:11.376914 D 3652 global_logger] node: robot_1::DigitalOutput::out_vacc_break_station3(DefaultDigitalOutput)@robot_1.json, init recursive completed. 
[09:36:11.376966 D 3652 global_logger] node: robot_1::DigitalOutput::out_right_door_cylinder_lock(DefaultDigitalOutput)@robot_1.json, init recursive completed. 
[09:36:11.376988 D 3652 global_logger] node: robot_1::DigitalOutput::out_turner_svon(DefaultDigitalOutput)@robot_1.json, init recursive completed. 
[09:36:11.377008 D 3652 global_logger] node: robot_1::DigitalOutput::out_vacc_break_station7(DefaultDigitalOutput)@robot_1.json, init recursive completed. 
[09:36:11.377030 D 3652 global_logger] node: robot_1::DigitalInput::in_ccdz4_lmtp(DefaultDigitalInput)@robot_1.json, init recursive completed. 
[09:36:11.377051 D 3652 global_logger] node: robot_1::DigitalOutput::out_vacc_open_station1(DefaultDigitalOutput)@robot_1.json, init recursive completed. 
[09:36:11.377072 D 3652 global_logger] node: robot_1::DigitalOutput::out_vacc_break_station1(DefaultDigitalOutput)@robot_1.json, init recursive completed. 
[09:36:11.377092 D 3652 global_logger] node: robot_1::DigitalOutput::out_vacc_open_station2(DefaultDigitalOutput)@robot_1.json, init recursive completed. 
[09:36:11.377113 D 3652 global_logger] node: robot_1::DigitalInput::in_air_source(DefaultDigitalInput)@robot_1.json, init recursive completed. 
[09:36:11.377133 D 3652 global_logger] node: robot_1::DigitalOutput::out_vacc_break_station2(DefaultDigitalOutput)@robot_1.json, init recursive completed. 
[09:36:11.377154 D 3652 global_logger] node: robot_1::DigitalInput::in_vacc_station8(DefaultDigitalInput)@robot_1.json, init recursive completed. 
[09:36:11.377175 D 3652 global_logger] node: robot_1::DigitalOutput::out_vacc_break_station4(DefaultDigitalOutput)@robot_1.json, init recursive completed. 
[09:36:11.377196 D 3652 global_logger] node: robot_1::DigitalOutput::out_vacc_open_station10(DefaultDigitalOutput)@robot_1.json, init recursive completed. 
[09:36:11.377217 D 3652 global_logger] node: robot_1::DigitalInput::in_rear_door_sensor(DefaultDigitalInput)@robot_1.json, init recursive completed. 
[09:36:11.377238 D 3652 global_logger] node: robot_1::DigitalOutput::out_vacc_open_station5(DefaultDigitalOutput)@robot_1.json, init recursive completed. 
[09:36:11.377258 D 3652 global_logger] node: robot_1::DigitalOutput::out_vacc_break_station5(DefaultDigitalOutput)@robot_1.json, init recursive completed. 
[09:36:11.377279 D 3652 global_logger] node: robot_1::DigitalOutput::out_vacc_break_station6(DefaultDigitalOutput)@robot_1.json, init recursive completed. 
[09:36:11.377301 D 3652 global_logger] node: robot_1::DigitalOutput::out_vacc_open_station7(DefaultDigitalOutput)@robot_1.json, init recursive completed. 
[09:36:11.377321 D 3652 global_logger] node: robot_1::DigitalInput::in_ccdz3_lmtp(DefaultDigitalInput)@robot_1.json, init recursive completed. 
[09:36:11.377343 D 3652 global_logger] node: robot_1::LuaScriptManager::default(DefaultLuaScriptManager)@robot_1.json, init recursive completed. 
[09:36:11.377364 D 3652 global_logger] node: robot_1::DigitalOutput::out_vacc_open_station8(DefaultDigitalOutput)@robot_1.json, init recursive completed. 
[09:36:11.377384 D 3652 global_logger] node: robot_1::DigitalInput::in_vacc_station4(DefaultDigitalInput)@robot_1.json, init recursive completed. 
[09:36:11.377405 D 3652 global_logger] node: robot_1::DigitalOutput::out_vacc_break_station8(DefaultDigitalOutput)@robot_1.json, init recursive completed. 
[09:36:11.377425 D 3652 global_logger] node: robot_1::DigitalOutput::out_vacc_break_station12(DefaultDigitalOutput)@robot_1.json, init recursive completed. 
[09:36:11.377447 D 3652 global_logger] node: robot_1::DigitalOutput::out_vacc_break_station10(DefaultDigitalOutput)@robot_1.json, init recursive completed. 
[09:36:11.377470 D 3652 global_logger] node: robot_1::DigitalInput::in_ccdz2_lmtp(DefaultDigitalInput)@robot_1.json, init recursive completed. 
[09:36:11.377491 D 3652 global_logger] node: robot_1::DigitalInput::in_ccdz4_lmtn(DefaultDigitalInput)@robot_1.json, init recursive completed. 
[09:36:11.377512 D 3652 global_logger] node: robot_1::DigitalInput::in_handler_ems(DefaultDigitalInput)@robot_1.json, init recursive completed. 
[09:36:11.377588 D 3652 global_logger] node: robot_1::DigitalInput::in_ccdz2_lmtn(DefaultDigitalInput)@robot_1.json, init recursive completed. 
[09:36:11.377693 D 3652 global_log] node: robot_1::IoApi::GM06EC_IO_1(IO_GM06EC)@robot_1.json, init recursive completed. 
[09:36:11.377733 D 3652 global_logger] node: robot_1::DigitalInput::in_handler_door_close(DefaultDigitalInput)@robot_1.json, init recursive completed. 
[09:36:11.377757 D 3652 global_logger] node: robot_1::DigitalInput::in_vacc_station1(DefaultDigitalInput)@robot_1.json, init recursive completed. 
[09:36:11.377784 D 3652 global_logger] node: robot_1::DigitalInput::in_turner_phase_sensor(DefaultDigitalInput)@robot_1.json, init recursive completed. 
[09:36:11.377808 D 3652 global_logger] node: robot_1::DigitalInput::in_right_door_sensor(DefaultDigitalInput)@robot_1.json, init recursive completed. 
[09:36:11.377832 D 3652 global_logger] node: robot_1::DigitalInput::in_rear_door_cylinder_clamp(DefaultDigitalInput)@robot_1.json, init recursive completed. 
[09:36:11.377855 D 3652 global_logger] node: robot_1::DigitalInput::in_vacc_station11(DefaultDigitalInput)@robot_1.json, init recursive completed. 
[09:36:11.377880 D 3652 global_logger] node: robot_1::DigitalInput::in_left_door_cylinder_clamp(DefaultDigitalInput)@robot_1.json, init recursive completed. 
[09:36:11.377904 D 3652 global_logger] node: robot_1::DigitalInput::in_ccdz1_lmtn(DefaultDigitalInput)@robot_1.json, init recursive completed. 
[09:36:11.377928 D 3652 global_logger] node: robot_1::DigitalInput::in_right_door_cylinder_clamp(DefaultDigitalInput)@robot_1.json, init recursive completed. 
[09:36:11.377951 D 3652 global_logger] node: robot_1::DigitalInput::in_vacc_station2(DefaultDigitalInput)@robot_1.json, init recursive completed. 
[09:36:11.377975 D 3652 global_logger] node: robot_1::DigitalInput::in_vacc_station3(DefaultDigitalInput)@robot_1.json, init recursive completed. 
[09:36:11.377998 D 3652 global_logger] node: robot_1::DigitalInput::in_vacc_station6(DefaultDigitalInput)@robot_1.json, init recursive completed. 
[09:36:11.378022 D 3652 global_logger] node: robot_1::DigitalInput::in_ccdz1_lmtp(DefaultDigitalInput)@robot_1.json, init recursive completed. 
[09:36:11.378045 D 3652 global_logger] node: robot_1::DigitalInput::in_vacc_station7(DefaultDigitalInput)@robot_1.json, init recursive completed. 
[09:36:11.378069 D 3652 global_logger] node: robot_1::DigitalInput::in_vacc_station9(DefaultDigitalInput)@robot_1.json, init recursive completed. 
[09:36:11.378092 D 3652 global_logger] node: robot_1::DigitalInput::in_vacc_station10(DefaultDigitalInput)@robot_1.json, init recursive completed. 
[09:36:11.378116 D 3652 global_logger] node: robot_1::DigitalInput::in_vacc_station12(DefaultDigitalInput)@robot_1.json, init recursive completed. 
[09:36:11.378140 D 3652 global_logger] node: robot_1::DigitalInput::in_ccdz5_lmtp(DefaultDigitalInput)@robot_1.json, init recursive completed. 
[09:36:11.378163 D 3652 global_logger] node: robot_1::DigitalInput::in_ccdz3_lmtn(DefaultDigitalInput)@robot_1.json, init recursive completed. 
[09:36:11.378188 D 3652 global_logger] node: robot_1::DigitalInput::in_ccdz5_lmtn(DefaultDigitalInput)@robot_1.json, init recursive completed. 
[09:36:11.378212 D 3652 global_logger] node: robot_1::DigitalInput::in_ccdz6_lmtp(DefaultDigitalInput)@robot_1.json, init recursive completed. 
[09:36:11.378235 D 3652 global_logger] node: robot_1::DigitalInput::in_ccdz6_lmtn(DefaultDigitalInput)@robot_1.json, init recursive completed. 
[09:36:11.378258 D 3652 global_logger] node: robot_1::DigitalInput::emg(DefaultDigitalInput)@robot_1.json, init recursive completed. 
[09:36:11.378282 D 3652 global_logger] node: robot_1::AnalogInput::light_intensity_ch1(DefaultAnalogInput)@robot_1.json, init recursive completed. 
[09:36:11.378306 D 3652 global_logger] node: robot_1::AnalogInput::light_intensity_ch3(DefaultAnalogInput)@robot_1.json, init recursive completed. 
[09:36:11.378329 D 3652 global_logger] node: robot_1::AnalogInput::light_intensity_ch0(DefaultAnalogInput)@robot_1.json, init recursive completed. 
[09:36:11.378373 D 3652 global_logger] node: robot_1::AnalogInput::light_intensity_ch2(DefaultAnalogInput)@robot_1.json, init recursive completed. 
[09:36:11.379003 D 3652 global_logger] node: robot_1::Machine::default(Machine)@robot_1.json, init recursive completed. 
[09:36:11.472791 E 3652 global_log] failed to communicated with board ip=192.168.5.110
[09:36:11.473013 D 3652 global_log] node: robot_1::MotionApi::GM06EC_MOTION_0(Motion_GM06EC)@robot_1.json, init recursive completed. 
[09:36:11.564586 E 3652 global_log] failed to communicated with board ip=192.168.5.110
[09:36:11.564678 E 3652 global_logger] DefaultAxis:robot_1::Axis::s1_turner(DefaultAxis)@robot_1.json board return error:failed to communicated with s1_turner board
[09:36:11.564717 E 3652 global_logger EXCEPTION] exception occurred at: robot_1::Axis::s1_turner(DefaultAxis)@robot_1.json, code: 1
"failed to communicated with s1_turner board, function: 'GraphScript::DefaultAxis::set_start_speed_percent', line: 985."
[09:36:11.564862 E 3652 global_logger EXCEPTION] exception occurred at: robot_1::Axis::s1_turner(DefaultAxis)@robot_1.json, code: 1
""failed to communicated with s1_turner board, function: 'GraphScript::DefaultAxis::set_start_speed_percent', line: 985.", function: 'GraphScript::Node::init_recursive', line: 265."
[09:36:13.242737 E 5244 global_log] failed to communicated with board ip=192.168.5.110
[09:36:13.244278 W 5244 global_logger] out_led_greenset_status error_code =1
[09:36:13.244305 E 5244 global_logger EXCEPTION] exception occurred at: robot_1::DigitalOutput::out_led_green(DefaultDigitalOutput)@robot_1.json, code: 1
"function:GraphScript::DefaultDigitalOutput::set_status, function: 'GraphScript::DefaultDigitalOutput::set_status', line: 232."
[09:36:13.244431 E 5244 global_logger] work thread catch a exception(node:robot_1::DigitalOutput::out_led_green(DefaultDigitalOutput)@robot_1.json error code:1 msg:"function:GraphScript::DefaultDigitalOutput::set_status, function: 'GraphScript::DefaultDigitalOutput::set_status', line: 232.") . thread exited!
[09:36:13.289694 E 1548 global_log] failed to communicated with board ip=192.168.5.140
[09:36:14.485721 E 3652 global_logger EXCEPTION] exception occurred at: robot_1::Axis::s1_turner(DefaultAxis)@robot_1.json, code: -1
"node:robot_1::Axis::s1_turner(DefaultAxis)@robot_1.json need be inited before it executes the function:GraphScript::DefaultAxis::set_velocity_percent_of_default, function: 'GraphScript::DefaultAxis::set_velocity_percent_of_default', line: 935."
[09:36:16.167127 E 1548 global_log] failed to communicated with board ip=192.168.5.140
[09:36:18.258644 E 1548 global_log] failed to communicated with board ip=192.168.5.140
[09:36:20.350746 E 1548 global_log] failed to communicated with board ip=192.168.5.140
[09:36:22.444054 E 1548 global_log] failed to communicated with board ip=192.168.5.140
[09:36:22.904817 E 3652 global_logger EXCEPTION] exception occurred at: robot_1::Axis::s1_turner(DefaultAxis)@robot_1.json, code: -1
"node:robot_1::Axis::s1_turner(DefaultAxis)@robot_1.json need be inited before it executes the function:GraphScript::DefaultAxis::set_velocity_percent_of_default, function: 'GraphScript::DefaultAxis::set_velocity_percent_of_default', line: 935."
[09:36:24.537017 E 1548 global_log] failed to communicated with board ip=192.168.5.140
[09:36:26.632203 E 1548 global_log] failed to communicated with board ip=192.168.5.140
[09:36:28.723837 E 1548 global_log] failed to communicated with board ip=192.168.5.140
[09:36:30.815358 E 1548 global_log] failed to communicated with board ip=192.168.5.140
[09:36:32.907213 E 1548 global_log] failed to communicated with board ip=192.168.5.140
[11:07:03.985526 I 1096 global_logger] create factory logger completed.
[11:07:03.985858 I 1096 global_logger] prepare to init system...
[11:07:03.985891 I 1096 global_logger] config path: , argvs: ["D:\\Nigo\\Nigo\\bin\\Debug\\"]
[11:07:03.986195 D 1096 global_logger] load plugin library: "D:\Nigo\Nigo\bin\Debug\hardware.dll"...
[11:07:03.986263 D 1096 global_logger] load plugin library: "D:\Nigo\Nigo\bin\Debug\hardware.dll" completed.
[11:07:03.986291 D 1096 global_logger] load plugin library: "D:\Nigo\Nigo\bin\Debug\lua_bindings.dll"...
[11:07:03.991733 D 1096 global_logger] load plugin library: "D:\Nigo\Nigo\bin\Debug\lua_bindings.dll" completed.
[11:07:03.991779 D 1096 global_logger] load plugin library: "D:\Nigo\Nigo\bin\Debug\csharp_bridge.dll"...
[11:07:03.993451 D 1096 global_logger] load plugin library: "D:\Nigo\Nigo\bin\Debug\csharp_bridge.dll" completed.
[11:07:03.993492 D 1096 global_logger] load plugin library: "D:\Nigo\Nigo\bin\Debug\GM91ECU.dll"...
[11:07:03.995495 D 1096 global_logger] load plugin library: "D:\Nigo\Nigo\bin\Debug\GM91ECU.dll" completed.
[11:07:03.995536 D 1096 global_logger] load plugin library: "D:\Nigo\Nigo\bin\Debug\AdvCan.dll"...
[11:07:03.997713 D 1096 global_logger] load plugin library: "D:\Nigo\Nigo\bin\Debug\AdvCan.dll" completed.
[11:07:03.997759 D 1096 global_logger] load plugin library: "D:\Nigo\Nigo\bin\Debug\hardware_wrapper_help.dll"...
[11:07:03.999086 D 1096 global_logger] load plugin library: "D:\Nigo\Nigo\bin\Debug\hardware_wrapper_help.dll" completed.
[11:07:03.999125 D 1096 global_logger] load plugin library: "D:\Nigo\Nigo\bin\Debug\amc2d.dll"...
[11:07:04.060825 D 1096 global_logger] load plugin library: "D:\Nigo\Nigo\bin\Debug\amc2d.dll" completed.
[11:07:04.060883 D 1096 global_logger] load plugin library: "D:\Nigo\Nigo\bin\Debug\GM06EC.dll"...
[11:07:04.065277 D 1096 global_logger] load plugin library: "D:\Nigo\Nigo\bin\Debug\GM06EC.dll" completed.
[11:07:04.065329 D 1096 global_logger] load plugin library: "D:\Nigo\Nigo\bin\Debug\CanMotionIo.dll"...
[11:07:04.067874 D 1096 global_logger] load plugin library: "D:\Nigo\Nigo\bin\Debug\CanMotionIo.dll" completed.
[11:07:04.067923 I 1096 global_logger] load pre-load libraries completed.
[11:07:04.067952 I 1096 global_logger] execute function: init_clr_factory ...
[11:07:04.334986 W 1096 global_logger] Factory Compose() in C# used 249 ms
[11:07:04.343368 W 1096 global_logger] Factory call RegisterTypes2System() in C# used 4 ms
[11:07:04.352184 W 1096 global_logger] Factory InitScriptSys() in C# used 0 ms
[11:07:04.352284 I 1096 global_logger] execute function: init_clr_factory completed.
[11:07:04.356304 D 1096 global_logger] start to create nodes in module: [global]...
[11:07:04.356467 D 1096 global_logger] start to create nodes in module: robot_1...
[11:07:04.373044 I 1096 global_logger] execute function: init_wrapper_sys ...
[11:07:04.448863 W 1096 global_logger] Factory CreateOmd in C# used 72 ms
[11:07:04.448966 I 1096 global_logger] execute function: init_wrapper_sys completed.
[11:07:04.449024 D 1096 global_logger] start to check version in module: LogManager...
[11:07:04.449079 D 1096 global_logger] start to check version in module: Root...
[11:07:04.449110 D 1096 global_logger] start to check version in module: Logger...
[11:07:04.449152 D 1096 global_logger] start to check version in module: Null...
[11:07:04.449181 I 1096 global_logger] check version dependence for nodes in module: [global] completed.
[11:07:04.449210 D 1096 global_logger] start to check version in module: Machine...
[11:07:04.449638 D 1096 global_logger] start to check version in module: HardwareManager...
[11:07:04.449775 D 1096 global_logger] start to check version in module: LuaScriptManager...
[11:07:04.450257 D 1096 global_logger] start to check version in module: MotionApi...
[11:07:04.451873 D 1096 global_logger] start to check version in module: Axis...
[11:07:04.454528 D 1096 global_logger] start to check version in module: IoApi...
[11:07:04.454613 D 1096 global_logger] start to check version in module: DigitalInput...
[11:07:04.455915 D 1096 global_logger] start to check version in module: AnalogInput...
[11:07:04.457615 D 1096 global_logger] start to check version in module: DigitalOutput...
[11:07:04.458058 D 1096 global_logger] start to check version in module: Cylinder...
[11:07:04.458150 D 1096 global_logger] start to check version in module: Beacon...
[11:07:04.458196 D 1096 global_logger] start to check version in module: EncoderReader...
[11:07:04.458239 D 1096 global_logger] start to check version in module: SimpleSynComm...
[11:07:04.458277 D 1096 global_logger] start to check version in module: CmdAgent...
[11:07:04.458982 D 1096 global_logger] start to check version in module: Logger...
[11:07:04.459060 I 1096 global_logger] check version dependence for nodes in module: robot_1 completed.
[11:07:04.459096 D 1096 global_logger] start to set nodes configs in module: [global]
[11:07:04.459136 D 1096 global_logger] start to set nodes configs in module: robot_1
[11:07:04.461498 W 1096 global_logger] robot_1::Axis::s1_turner(DefaultAxis)@robot_1.json. neg_limit bigger than pos_limit, soft limit disabled!
[11:07:04.469154 I 1096 global_logger] set config for nodes completed.
[11:07:04.469228 D 1096 global_logger] start to link in module: LogManager...
[11:07:04.469264 D 1096 global_logger] start to link in module: Root...
[11:07:04.469294 D 1096 global_logger] start to link in module: Logger...
[11:07:04.469342 D 1096 global_logger] start to link in module: Null...
[11:07:04.469374 I 1096 global_logger] link for nodes in module: [global] completed.
[11:07:04.469405 D 1096 global_logger] start to link in module: Machine...
[11:07:04.469528 D 1096 global_logger] start to link in module: HardwareManager...
[11:07:04.469907 D 1096 global_logger] start to link in module: LuaScriptManager...
[11:07:04.469975 D 1096 global_logger] start to link in module: MotionApi...
[11:07:04.470015 D 1096 global_logger] start to link in module: Axis...
[11:07:04.470620 D 1096 global_logger] start to link in module: IoApi...
[11:07:04.470700 D 1096 global_logger] start to link in module: DigitalInput...
[11:07:04.471684 D 1096 global_logger] start to link in module: AnalogInput...
[11:07:04.473317 D 1096 global_logger] start to link in module: DigitalOutput...
[11:07:04.473823 D 1096 global_logger] start to link in module: Cylinder...
[11:07:04.473952 D 1096 global_logger] start to link in module: Beacon...
[11:07:04.474027 D 1096 global_logger] start to link in module: EncoderReader...
[11:07:04.474081 D 1096 global_logger] start to link in module: SimpleSynComm...
[11:07:04.474126 D 1096 global_logger] start to link in module: CmdAgent...
[11:07:04.474256 D 1096 global_logger] start to link in module: Logger...
[11:07:04.474347 I 1096 global_logger] link for nodes in module: robot_1 completed.
[11:07:04.474404 I 1096 global_logger] add to parent for nodes in module: [global] completed.
[11:07:04.475469 I 1096 global_logger] add to parent for nodes in module: robot_1 completed.
[11:07:04.475524 I 1096 global_logger] link logger for nodes in module: [global] completed.
[11:07:04.475748 I 1096 global_logger] link logger for nodes in module: robot_1 completed.
[11:07:04.475782 I 1096 global_logger] check pointers for nodes in module: [global] completed.
[11:07:04.475815 I 1096 global_logger] check pointers for nodes in module: robot_1 completed.
[11:07:04.475863 I 1096 global_logger] add default dependence for nodes in module: [global] completed.
[11:07:04.477087 I 1096 global_logger] add default dependence for nodes in module: robot_1 completed.
[11:07:04.477124 I 1096 global_logger] initialize default nodes in module: [global] completed.
[11:07:04.477155 I 1096 global_logger] initialize default nodes in module: robot_1 completed.
[11:07:04.477188 I 1096 global_logger] execute function: link_nodes ...
[11:07:04.482609 I 8752 global_logger] Link Machine in c#
[11:07:04.488208 W 1096 global_logger] Factory call LinkAllNodes() in C# used 10 ms
[11:07:04.488294 I 1096 global_logger] execute function: link_nodes completed.
[11:07:04.488328 I 1096 global_logger] system init completed.
[11:07:04.489371 D 1096 global_logger] node: [global]::LogManager::singleton_instance(LogManager)@, init recursive completed. 
[11:07:04.489412 D 1096 global_log] node: robot_1::Logger::global_log(Logger)@robot_1.json, init recursive completed. 
[11:07:04.489573 D 1096 global_log] node: robot_1::IoApi::GM06EC_IO_0(IO_GM06EC)@robot_1.json, init recursive completed. 
[11:07:04.489603 D 1096 global_logger] node: robot_1::DigitalOutput::out_fly_capture_trigger(DefaultDigitalOutput)@robot_1.json, init recursive completed. 
[11:07:04.489628 D 1096 global_logger] node: robot_1::DigitalInput::in_handler_emo(DefaultDigitalInput)@robot_1.json, init recursive completed. 
[11:07:04.489723 D 1096 global_log] node: robot_1::IoApi::GM04EC_IO_1(IoGm91Ecu)@robot_1.json, init recursive completed. 
[11:07:04.489751 D 1096 global_logger] node: robot_1::DigitalOutput::out_vacc_break_station11(DefaultDigitalOutput)@robot_1.json, init recursive completed. 
[11:07:04.489775 D 1096 global_logger] node: robot_1::DigitalOutput::out_rear_door_cylinder_lock(DefaultDigitalOutput)@robot_1.json, init recursive completed. 
[11:07:04.489801 D 1096 global_logger] node: robot_1::DigitalOutput::out_led_yellow(DefaultDigitalOutput)@robot_1.json, init recursive completed. 
[11:07:04.489875 D 1096 global_log] node: robot_1::IoApi::GM04EC_IO_0(IoGm91Ecu)@robot_1.json, init recursive completed. 
[11:07:04.489900 D 1096 global_logger] node: robot_1::DigitalOutput::out_vacc_open_station4(DefaultDigitalOutput)@robot_1.json, init recursive completed. 
[11:07:04.489922 D 1096 global_logger] node: robot_1::DigitalOutput::out_led_red(DefaultDigitalOutput)@robot_1.json, init recursive completed. 
[11:07:04.489943 D 1096 global_logger] node: robot_1::DigitalOutput::out_led_green(DefaultDigitalOutput)@robot_1.json, init recursive completed. 
[11:07:04.489963 D 1096 global_logger] node: robot_1::DigitalOutput::out_led_beep(DefaultDigitalOutput)@robot_1.json, init recursive completed. 
[11:07:04.489985 D 1096 global_logger] node: robot_1::Beacon::default(DefaultBeacon)@robot_1.json, init recursive completed. 
[11:07:04.490006 D 1096 global_logger] node: robot_1::DigitalOutput::out_vacc_open_station11(DefaultDigitalOutput)@robot_1.json, init recursive completed. 
[11:07:04.490028 D 1096 global_logger] node: robot_1::DigitalOutput::out_vacc_open_station9(DefaultDigitalOutput)@robot_1.json, init recursive completed. 
[11:07:04.490050 D 1096 global_logger] node: robot_1::DigitalOutput::out_vacc_open_station12(DefaultDigitalOutput)@robot_1.json, init recursive completed. 
[11:07:04.490071 D 1096 global_logger] node: robot_1::DigitalInput::in_left_door_cylinder_release(DefaultDigitalInput)@robot_1.json, init recursive completed. 
[11:07:04.490092 D 1096 global_logger] node: robot_1::DigitalOutput::out_vacc_open_station6(DefaultDigitalOutput)@robot_1.json, init recursive completed. 
[11:07:04.490113 D 1096 global_logger] node: robot_1::DigitalInput::in_right_door_cylinder_release(DefaultDigitalInput)@robot_1.json, init recursive completed. 
[11:07:04.490133 D 1096 global_logger] node: robot_1::DigitalOutput::out_vacc_break_station9(DefaultDigitalOutput)@robot_1.json, init recursive completed. 
[11:07:04.490154 D 1096 global_logger] node: robot_1::DigitalInput::in_left_door_sensor(DefaultDigitalInput)@robot_1.json, init recursive completed. 
[11:07:04.490175 D 1096 global_logger] node: robot_1::DigitalInput::in_vacc_station5(DefaultDigitalInput)@robot_1.json, init recursive completed. 
[11:07:04.490196 D 1096 global_logger] node: robot_1::DigitalOutput::out_vacc_open_station3(DefaultDigitalOutput)@robot_1.json, init recursive completed. 
[11:07:04.490217 D 1096 global_logger] node: robot_1::DigitalInput::in_rear_door_cylinder_release(DefaultDigitalInput)@robot_1.json, init recursive completed. 
[11:07:04.490238 D 1096 global_logger] node: robot_1::DigitalOutput::out_left_door_cylinder_lock(DefaultDigitalOutput)@robot_1.json, init recursive completed. 
[11:07:04.490258 D 1096 global_logger] node: robot_1::DigitalOutput::out_vacc_break_station3(DefaultDigitalOutput)@robot_1.json, init recursive completed. 
[11:07:04.490307 D 1096 global_logger] node: robot_1::DigitalOutput::out_right_door_cylinder_lock(DefaultDigitalOutput)@robot_1.json, init recursive completed. 
[11:07:04.490328 D 1096 global_logger] node: robot_1::DigitalOutput::out_turner_svon(DefaultDigitalOutput)@robot_1.json, init recursive completed. 
[11:07:04.490349 D 1096 global_logger] node: robot_1::DigitalOutput::out_vacc_break_station7(DefaultDigitalOutput)@robot_1.json, init recursive completed. 
[11:07:04.490370 D 1096 global_logger] node: robot_1::DigitalInput::in_ccdz4_lmtp(DefaultDigitalInput)@robot_1.json, init recursive completed. 
[11:07:04.490391 D 1096 global_logger] node: robot_1::DigitalOutput::out_vacc_open_station1(DefaultDigitalOutput)@robot_1.json, init recursive completed. 
[11:07:04.490411 D 1096 global_logger] node: robot_1::DigitalOutput::out_vacc_break_station1(DefaultDigitalOutput)@robot_1.json, init recursive completed. 
[11:07:04.490432 D 1096 global_logger] node: robot_1::DigitalOutput::out_vacc_open_station2(DefaultDigitalOutput)@robot_1.json, init recursive completed. 
[11:07:04.490453 D 1096 global_logger] node: robot_1::DigitalInput::in_air_source(DefaultDigitalInput)@robot_1.json, init recursive completed. 
[11:07:04.490473 D 1096 global_logger] node: robot_1::DigitalOutput::out_vacc_break_station2(DefaultDigitalOutput)@robot_1.json, init recursive completed. 
[11:07:04.490495 D 1096 global_logger] node: robot_1::DigitalInput::in_vacc_station8(DefaultDigitalInput)@robot_1.json, init recursive completed. 
[11:07:04.490516 D 1096 global_logger] node: robot_1::DigitalOutput::out_vacc_break_station4(DefaultDigitalOutput)@robot_1.json, init recursive completed. 
[11:07:04.490537 D 1096 global_logger] node: robot_1::DigitalOutput::out_vacc_open_station10(DefaultDigitalOutput)@robot_1.json, init recursive completed. 
[11:07:04.490559 D 1096 global_logger] node: robot_1::DigitalInput::in_rear_door_sensor(DefaultDigitalInput)@robot_1.json, init recursive completed. 
[11:07:04.490579 D 1096 global_logger] node: robot_1::DigitalOutput::out_vacc_open_station5(DefaultDigitalOutput)@robot_1.json, init recursive completed. 
[11:07:04.490600 D 1096 global_logger] node: robot_1::DigitalOutput::out_vacc_break_station5(DefaultDigitalOutput)@robot_1.json, init recursive completed. 
[11:07:04.490620 D 1096 global_logger] node: robot_1::DigitalOutput::out_vacc_break_station6(DefaultDigitalOutput)@robot_1.json, init recursive completed. 
[11:07:04.490641 D 1096 global_logger] node: robot_1::DigitalOutput::out_vacc_open_station7(DefaultDigitalOutput)@robot_1.json, init recursive completed. 
[11:07:04.490661 D 1096 global_logger] node: robot_1::DigitalInput::in_ccdz3_lmtp(DefaultDigitalInput)@robot_1.json, init recursive completed. 
[11:07:04.490682 D 1096 global_logger] node: robot_1::LuaScriptManager::default(DefaultLuaScriptManager)@robot_1.json, init recursive completed. 
[11:07:04.490703 D 1096 global_logger] node: robot_1::DigitalOutput::out_vacc_open_station8(DefaultDigitalOutput)@robot_1.json, init recursive completed. 
[11:07:04.490724 D 1096 global_logger] node: robot_1::DigitalInput::in_vacc_station4(DefaultDigitalInput)@robot_1.json, init recursive completed. 
[11:07:04.490746 D 1096 global_logger] node: robot_1::DigitalOutput::out_vacc_break_station8(DefaultDigitalOutput)@robot_1.json, init recursive completed. 
[11:07:04.490766 D 1096 global_logger] node: robot_1::DigitalOutput::out_vacc_break_station12(DefaultDigitalOutput)@robot_1.json, init recursive completed. 
[11:07:04.490787 D 1096 global_logger] node: robot_1::DigitalOutput::out_vacc_break_station10(DefaultDigitalOutput)@robot_1.json, init recursive completed. 
[11:07:04.490807 D 1096 global_logger] node: robot_1::DigitalInput::in_ccdz2_lmtp(DefaultDigitalInput)@robot_1.json, init recursive completed. 
[11:07:04.490828 D 1096 global_logger] node: robot_1::DigitalInput::in_ccdz4_lmtn(DefaultDigitalInput)@robot_1.json, init recursive completed. 
[11:07:04.490848 D 1096 global_logger] node: robot_1::DigitalInput::in_handler_ems(DefaultDigitalInput)@robot_1.json, init recursive completed. 
[11:07:04.490883 D 1096 global_logger] node: robot_1::DigitalInput::in_ccdz2_lmtn(DefaultDigitalInput)@robot_1.json, init recursive completed. 
[11:07:04.490959 D 1096 global_log] node: robot_1::IoApi::GM06EC_IO_1(IO_GM06EC)@robot_1.json, init recursive completed. 
[11:07:04.490983 D 1096 global_logger] node: robot_1::DigitalInput::in_handler_door_close(DefaultDigitalInput)@robot_1.json, init recursive completed. 
[11:07:04.491005 D 1096 global_logger] node: robot_1::DigitalInput::in_vacc_station1(DefaultDigitalInput)@robot_1.json, init recursive completed. 
[11:07:04.491027 D 1096 global_logger] node: robot_1::DigitalInput::in_turner_phase_sensor(DefaultDigitalInput)@robot_1.json, init recursive completed. 
[11:07:04.491048 D 1096 global_logger] node: robot_1::DigitalInput::in_right_door_sensor(DefaultDigitalInput)@robot_1.json, init recursive completed. 
[11:07:04.491070 D 1096 global_logger] node: robot_1::DigitalInput::in_rear_door_cylinder_clamp(DefaultDigitalInput)@robot_1.json, init recursive completed. 
[11:07:04.491090 D 1096 global_logger] node: robot_1::DigitalInput::in_vacc_station11(DefaultDigitalInput)@robot_1.json, init recursive completed. 
[11:07:04.491111 D 1096 global_logger] node: robot_1::DigitalInput::in_left_door_cylinder_clamp(DefaultDigitalInput)@robot_1.json, init recursive completed. 
[11:07:04.491131 D 1096 global_logger] node: robot_1::DigitalInput::in_ccdz1_lmtn(DefaultDigitalInput)@robot_1.json, init recursive completed. 
[11:07:04.491154 D 1096 global_logger] node: robot_1::DigitalInput::in_right_door_cylinder_clamp(DefaultDigitalInput)@robot_1.json, init recursive completed. 
[11:07:04.491175 D 1096 global_logger] node: robot_1::DigitalInput::in_vacc_station2(DefaultDigitalInput)@robot_1.json, init recursive completed. 
[11:07:04.491196 D 1096 global_logger] node: robot_1::DigitalInput::in_vacc_station3(DefaultDigitalInput)@robot_1.json, init recursive completed. 
[11:07:04.491216 D 1096 global_logger] node: robot_1::DigitalInput::in_vacc_station6(DefaultDigitalInput)@robot_1.json, init recursive completed. 
[11:07:04.491237 D 1096 global_logger] node: robot_1::DigitalInput::in_ccdz1_lmtp(DefaultDigitalInput)@robot_1.json, init recursive completed. 
[11:07:04.491257 D 1096 global_logger] node: robot_1::DigitalInput::in_vacc_station7(DefaultDigitalInput)@robot_1.json, init recursive completed. 
[11:07:04.491278 D 1096 global_logger] node: robot_1::DigitalInput::in_vacc_station9(DefaultDigitalInput)@robot_1.json, init recursive completed. 
[11:07:04.491298 D 1096 global_logger] node: robot_1::DigitalInput::in_vacc_station10(DefaultDigitalInput)@robot_1.json, init recursive completed. 
[11:07:04.491319 D 1096 global_logger] node: robot_1::DigitalInput::in_vacc_station12(DefaultDigitalInput)@robot_1.json, init recursive completed. 
[11:07:04.491339 D 1096 global_logger] node: robot_1::DigitalInput::in_ccdz5_lmtp(DefaultDigitalInput)@robot_1.json, init recursive completed. 
[11:07:04.491360 D 1096 global_logger] node: robot_1::DigitalInput::in_ccdz3_lmtn(DefaultDigitalInput)@robot_1.json, init recursive completed. 
[11:07:04.491381 D 1096 global_logger] node: robot_1::DigitalInput::in_ccdz5_lmtn(DefaultDigitalInput)@robot_1.json, init recursive completed. 
[11:07:04.491401 D 1096 global_logger] node: robot_1::DigitalInput::in_ccdz6_lmtp(DefaultDigitalInput)@robot_1.json, init recursive completed. 
[11:07:04.491423 D 1096 global_logger] node: robot_1::DigitalInput::in_ccdz6_lmtn(DefaultDigitalInput)@robot_1.json, init recursive completed. 
[11:07:04.491445 D 1096 global_logger] node: robot_1::DigitalInput::emg(DefaultDigitalInput)@robot_1.json, init recursive completed. 
[11:07:04.491465 D 1096 global_logger] node: robot_1::AnalogInput::light_intensity_ch1(DefaultAnalogInput)@robot_1.json, init recursive completed. 
[11:07:04.491487 D 1096 global_logger] node: robot_1::AnalogInput::light_intensity_ch3(DefaultAnalogInput)@robot_1.json, init recursive completed. 
[11:07:04.491521 D 1096 global_logger] node: robot_1::AnalogInput::light_intensity_ch0(DefaultAnalogInput)@robot_1.json, init recursive completed. 
[11:07:04.491612 D 1096 global_logger] node: robot_1::AnalogInput::light_intensity_ch2(DefaultAnalogInput)@robot_1.json, init recursive completed. 
[11:07:04.492207 D 1096 global_logger] node: robot_1::Machine::default(Machine)@robot_1.json, init recursive completed. 
[11:07:04.585348 E 1096 global_log] failed to communicated with board ip=192.168.5.110
[11:07:04.585594 D 1096 global_log] node: robot_1::MotionApi::GM06EC_MOTION_0(Motion_GM06EC)@robot_1.json, init recursive completed. 
[11:07:04.676725 E 1096 global_log] failed to communicated with board ip=192.168.5.110
[11:07:04.678829 E 1096 global_logger] DefaultAxis:robot_1::Axis::s1_turner(DefaultAxis)@robot_1.json board return error:failed to communicated with s1_turner board
[11:07:04.679082 E 1096 global_logger EXCEPTION] exception occurred at: robot_1::Axis::s1_turner(DefaultAxis)@robot_1.json, code: 1
"failed to communicated with s1_turner board, function: 'GraphScript::DefaultAxis::set_start_speed_percent', line: 985."
[11:07:04.679941 E 1096 global_logger EXCEPTION] exception occurred at: robot_1::Axis::s1_turner(DefaultAxis)@robot_1.json, code: 1
""failed to communicated with s1_turner board, function: 'GraphScript::DefaultAxis::set_start_speed_percent', line: 985.", function: 'GraphScript::Node::init_recursive', line: 265."
[11:07:06.757000 E 8012 global_log] failed to communicated with board ip=192.168.5.110
[11:07:06.759292 W 8012 global_logger] out_led_greenset_status error_code =1
[11:07:06.759333 E 8012 global_logger EXCEPTION] exception occurred at: robot_1::DigitalOutput::out_led_green(DefaultDigitalOutput)@robot_1.json, code: 1
"function:GraphScript::DefaultDigitalOutput::set_status, function: 'GraphScript::DefaultDigitalOutput::set_status', line: 232."
[11:07:06.759783 E 8012 global_logger] work thread catch a exception(node:robot_1::DigitalOutput::out_led_green(DefaultDigitalOutput)@robot_1.json error code:1 msg:"function:GraphScript::DefaultDigitalOutput::set_status, function: 'GraphScript::DefaultDigitalOutput::set_status', line: 232.") . thread exited!
[11:07:06.802078 E 2268 global_log] failed to communicated with board ip=192.168.5.140
[11:07:07.971717 E 1096 global_logger EXCEPTION] exception occurred at: robot_1::Axis::s1_turner(DefaultAxis)@robot_1.json, code: -1
"node:robot_1::Axis::s1_turner(DefaultAxis)@robot_1.json need be inited before it executes the function:GraphScript::DefaultAxis::set_velocity_percent_of_default, function: 'GraphScript::DefaultAxis::set_velocity_percent_of_default', line: 935."
[11:07:09.712876 E 2268 global_log] failed to communicated with board ip=192.168.5.140
[11:07:11.826649 E 2268 global_log] failed to communicated with board ip=192.168.5.140
[11:07:13.921097 E 2268 global_log] failed to communicated with board ip=192.168.5.140
[11:07:16.012262 E 2268 global_log] failed to communicated with board ip=192.168.5.140
[11:07:16.666559 E 1096 global_logger EXCEPTION] exception occurred at: robot_1::Axis::s1_turner(DefaultAxis)@robot_1.json, code: -1
"node:robot_1::Axis::s1_turner(DefaultAxis)@robot_1.json need be inited before it executes the function:GraphScript::DefaultAxis::set_velocity_percent_of_default, function: 'GraphScript::DefaultAxis::set_velocity_percent_of_default', line: 935."
[11:07:18.103635 E 2268 global_log] failed to communicated with board ip=192.168.5.140
[11:07:20.197878 E 2268 global_log] failed to communicated with board ip=192.168.5.140
[11:07:22.289292 E 2268 global_log] failed to communicated with board ip=192.168.5.140
[11:07:24.381663 E 2268 global_log] failed to communicated with board ip=192.168.5.140
