[09:01:31.085573 I 14648 global_logger] create factory logger completed.
[09:01:31.085758 I 14648 global_logger] prepare to init system...
[09:01:31.085820 I 14648 global_logger] config path: , argvs: ["D:\\Nigo\\Nigo\\bin\\Debug\\"]
[09:01:31.086166 D 14648 global_logger] load plugin library: "D:\Nigo\Nigo\bin\Debug\hardware.dll"...
[09:01:31.086374 D 14648 global_logger] load plugin library: "D:\Nigo\Nigo\bin\Debug\hardware.dll" completed.
[09:01:31.086413 D 14648 global_logger] load plugin library: "D:\Nigo\Nigo\bin\Debug\lua_bindings.dll"...
[09:01:31.093086 D 14648 global_logger] load plugin library: "D:\Nigo\Nigo\bin\Debug\lua_bindings.dll" completed.
[09:01:31.093144 D 14648 global_logger] load plugin library: "D:\Nigo\Nigo\bin\Debug\csharp_bridge.dll"...
[09:01:31.096582 D 14648 global_logger] load plugin library: "D:\Nigo\Nigo\bin\Debug\csharp_bridge.dll" completed.
[09:01:31.096642 D 14648 global_logger] load plugin library: "D:\Nigo\Nigo\bin\Debug\GM91ECU.dll"...
[09:01:31.099928 D 14648 global_logger] load plugin library: "D:\Nigo\Nigo\bin\Debug\GM91ECU.dll" completed.
[09:01:31.099982 D 14648 global_logger] load plugin library: "D:\Nigo\Nigo\bin\Debug\AdvCan.dll"...
[09:01:31.102836 D 14648 global_logger] load plugin library: "D:\Nigo\Nigo\bin\Debug\AdvCan.dll" completed.
[09:01:31.102883 D 14648 global_logger] load plugin library: "D:\Nigo\Nigo\bin\Debug\hardware_wrapper_help.dll"...
[09:01:31.105712 D 14648 global_logger] load plugin library: "D:\Nigo\Nigo\bin\Debug\hardware_wrapper_help.dll" completed.
[09:01:31.105773 D 14648 global_logger] load plugin library: "D:\Nigo\Nigo\bin\Debug\amc2d.dll"...
[09:01:31.176605 D 14648 global_logger] load plugin library: "D:\Nigo\Nigo\bin\Debug\amc2d.dll" completed.
[09:01:31.177237 D 14648 global_logger] load plugin library: "D:\Nigo\Nigo\bin\Debug\GM06EC.dll"...
[09:01:31.186145 D 14648 global_logger] load plugin library: "D:\Nigo\Nigo\bin\Debug\GM06EC.dll" completed.
[09:01:31.186218 D 14648 global_logger] load plugin library: "D:\Nigo\Nigo\bin\Debug\CanMotionIo.dll"...
[09:01:31.192720 D 14648 global_logger] load plugin library: "D:\Nigo\Nigo\bin\Debug\CanMotionIo.dll" completed.
[09:01:31.192814 I 14648 global_logger] load pre-load libraries completed.
[09:01:31.192859 I 14648 global_logger] execute function: init_clr_factory ...
[09:01:31.639126 W 14648 global_logger] Factory Compose() in C# used 428 ms
[09:01:31.647467 W 14648 global_logger] Factory call RegisterTypes2System() in C# used 4 ms
[09:01:31.658475 W 14648 global_logger] Factory InitScriptSys() in C# used 0 ms
[09:01:31.658581 I 14648 global_logger] execute function: init_clr_factory completed.
[09:01:31.662588 D 14648 global_logger] start to create nodes in module: [global]...
[09:01:31.662775 D 14648 global_logger] start to create nodes in module: robot_1...
[09:01:31.682887 I 14648 global_logger] execute function: init_wrapper_sys ...
[09:01:31.728178 W 14648 global_logger] Factory CreateOmd in C# used 43 ms
[09:01:31.728270 I 14648 global_logger] execute function: init_wrapper_sys completed.
[09:01:31.728313 D 14648 global_logger] start to check version in module: LogManager...
[09:01:31.728369 D 14648 global_logger] start to check version in module: Root...
[09:01:31.728404 D 14648 global_logger] start to check version in module: Logger...
[09:01:31.728447 D 14648 global_logger] start to check version in module: Null...
[09:01:31.728481 I 14648 global_logger] check version dependence for nodes in module: [global] completed.
[09:01:31.728515 D 14648 global_logger] start to check version in module: Machine...
[09:01:31.728868 D 14648 global_logger] start to check version in module: HardwareManager...
[09:01:31.729015 D 14648 global_logger] start to check version in module: LuaScriptManager...
[09:01:31.729284 D 14648 global_logger] start to check version in module: MotionApi...
[09:01:31.729388 D 14648 global_logger] start to check version in module: Axis...
[09:01:31.729512 D 14648 global_logger] start to check version in module: IoApi...
[09:01:31.729583 D 14648 global_logger] start to check version in module: DigitalInput...
[09:01:31.729952 D 14648 global_logger] start to check version in module: AnalogInput...
[09:01:31.730025 D 14648 global_logger] start to check version in module: DigitalOutput...
[09:01:31.730296 D 14648 global_logger] start to check version in module: Cylinder...
[09:01:31.730369 D 14648 global_logger] start to check version in module: Beacon...
[09:01:31.730416 D 14648 global_logger] start to check version in module: EncoderReader...
[09:01:31.730460 D 14648 global_logger] start to check version in module: SimpleSynComm...
[09:01:31.730503 D 14648 global_logger] start to check version in module: CmdAgent...
[09:01:31.731215 D 14648 global_logger] start to check version in module: Logger...
[09:01:31.731295 I 14648 global_logger] check version dependence for nodes in module: robot_1 completed.
[09:01:31.731335 D 14648 global_logger] start to set nodes configs in module: [global]
[09:01:31.731375 D 14648 global_logger] start to set nodes configs in module: robot_1
[09:01:31.734467 W 14648 global_logger] robot_1::Axis::s1_turner(DefaultAxis)@robot_1.json. neg_limit bigger than pos_limit, soft limit disabled!
[09:01:31.744886 I 14648 global_logger] set config for nodes completed.
[09:01:31.745015 D 14648 global_logger] start to link in module: LogManager...
[09:01:31.745060 D 14648 global_logger] start to link in module: Root...
[09:01:31.745101 D 14648 global_logger] start to link in module: Logger...
[09:01:31.745169 D 14648 global_logger] start to link in module: Null...
[09:01:31.745231 I 14648 global_logger] link for nodes in module: [global] completed.
[09:01:31.745312 D 14648 global_logger] start to link in module: Machine...
[09:01:31.745582 D 14648 global_logger] start to link in module: HardwareManager...
[09:01:31.745989 D 14648 global_logger] start to link in module: LuaScriptManager...
[09:01:31.746063 D 14648 global_logger] start to link in module: MotionApi...
[09:01:31.746110 D 14648 global_logger] start to link in module: Axis...
[09:01:31.746565 D 14648 global_logger] start to link in module: IoApi...
[09:01:31.746627 D 14648 global_logger] start to link in module: DigitalInput...
[09:01:31.747124 D 14648 global_logger] start to link in module: AnalogInput...
[09:01:31.747207 D 14648 global_logger] start to link in module: DigitalOutput...
[09:01:31.747608 D 14648 global_logger] start to link in module: Cylinder...
[09:01:31.747697 D 14648 global_logger] start to link in module: Beacon...
[09:01:31.747757 D 14648 global_logger] start to link in module: EncoderReader...
[09:01:31.748417 D 14648 global_logger] start to link in module: SimpleSynComm...
[09:01:31.750749 D 14648 global_logger] start to link in module: CmdAgent...
[09:01:31.750943 D 14648 global_logger] start to link in module: Logger...
[09:01:31.751027 I 14648 global_logger] link for nodes in module: robot_1 completed.
[09:01:31.751797 I 14648 global_logger] add to parent for nodes in module: [global] completed.
[09:01:31.754909 I 14648 global_logger] add to parent for nodes in module: robot_1 completed.
[09:01:31.755072 I 14648 global_logger] link logger for nodes in module: [global] completed.
[09:01:31.755293 I 14648 global_logger] link logger for nodes in module: robot_1 completed.
[09:01:31.755338 I 14648 global_logger] check pointers for nodes in module: [global] completed.
[09:01:31.755378 I 14648 global_logger] check pointers for nodes in module: robot_1 completed.
[09:01:31.755432 I 14648 global_logger] add default dependence for nodes in module: [global] completed.
[09:01:31.757045 I 14648 global_logger] add default dependence for nodes in module: robot_1 completed.
[09:01:31.759705 I 14648 global_logger] initialize default nodes in module: [global] completed.
[09:01:31.759768 I 14648 global_logger] initialize default nodes in module: robot_1 completed.
[09:01:31.759805 I 14648 global_logger] execute function: link_nodes ...
[09:01:31.770089 I 14648 global_logger] Link Machine in c#
[09:01:31.778740 W 14648 global_logger] Factory call LinkAllNodes() in C# used 17 ms
[09:01:31.778911 I 14648 global_logger] execute function: link_nodes completed.
[09:01:31.778961 I 14648 global_logger] system init completed.
[09:01:31.780006 D 14648 global_logger] node: [global]::LogManager::singleton_instance(LogManager)@, init recursive completed. 
[09:01:31.780055 D 14648 global_log] node: robot_1::Logger::global_log(Logger)@robot_1.json, init recursive completed. 
[09:01:31.780230 D 14648 global_log] node: robot_1::IoApi::GM06EC_IO_0(IO_GM06EC)@robot_1.json, init recursive completed. 
[09:01:31.780257 D 14648 global_logger] node: robot_1::DigitalOutput::out_fly_capture_trigger(DefaultDigitalOutput)@robot_1.json, init recursive completed. 
[09:01:31.780280 D 14648 global_logger] node: robot_1::DigitalInput::in_handler_emo(DefaultDigitalInput)@robot_1.json, init recursive completed. 
[09:01:31.780372 D 14648 global_log] node: robot_1::IoApi::GM04EC_IO_1(IoGm91Ecu)@robot_1.json, init recursive completed. 
[09:01:31.780397 D 14648 global_logger] node: robot_1::DigitalOutput::out_vacc_break_station11(DefaultDigitalOutput)@robot_1.json, init recursive completed. 
[09:01:31.780418 D 14648 global_logger] node: robot_1::DigitalOutput::out_rear_door_cylinder_lock(DefaultDigitalOutput)@robot_1.json, init recursive completed. 
[09:01:31.780440 D 14648 global_logger] node: robot_1::DigitalOutput::out_led_yellow(DefaultDigitalOutput)@robot_1.json, init recursive completed. 
[09:01:31.780516 D 14648 global_log] node: robot_1::IoApi::GM04EC_IO_0(IoGm91Ecu)@robot_1.json, init recursive completed. 
[09:01:31.780541 D 14648 global_logger] node: robot_1::DigitalOutput::out_vacc_open_station4(DefaultDigitalOutput)@robot_1.json, init recursive completed. 
[09:01:31.780562 D 14648 global_logger] node: robot_1::DigitalOutput::out_led_red(DefaultDigitalOutput)@robot_1.json, init recursive completed. 
[09:01:31.780583 D 14648 global_logger] node: robot_1::DigitalOutput::out_led_green(DefaultDigitalOutput)@robot_1.json, init recursive completed. 
[09:01:31.780604 D 14648 global_logger] node: robot_1::DigitalOutput::out_led_beep(DefaultDigitalOutput)@robot_1.json, init recursive completed. 
[09:01:31.780625 D 14648 global_logger] node: robot_1::Beacon::default(DefaultBeacon)@robot_1.json, init recursive completed. 
[09:01:31.780645 D 14648 global_logger] node: robot_1::DigitalOutput::out_vacc_open_station11(DefaultDigitalOutput)@robot_1.json, init recursive completed. 
[09:01:31.780665 D 14648 global_logger] node: robot_1::DigitalOutput::out_vacc_open_station9(DefaultDigitalOutput)@robot_1.json, init recursive completed. 
[09:01:31.780685 D 14648 global_logger] node: robot_1::DigitalOutput::out_vacc_open_station12(DefaultDigitalOutput)@robot_1.json, init recursive completed. 
[09:01:31.780706 D 14648 global_logger] node: robot_1::DigitalInput::in_left_door_cylinder_release(DefaultDigitalInput)@robot_1.json, init recursive completed. 
[09:01:31.780726 D 14648 global_logger] node: robot_1::DigitalOutput::out_vacc_open_station6(DefaultDigitalOutput)@robot_1.json, init recursive completed. 
[09:01:31.780748 D 14648 global_logger] node: robot_1::DigitalInput::in_right_door_cylinder_release(DefaultDigitalInput)@robot_1.json, init recursive completed. 
[09:01:31.780772 D 14648 global_logger] node: robot_1::DigitalOutput::out_vacc_break_station9(DefaultDigitalOutput)@robot_1.json, init recursive completed. 
[09:01:31.780797 D 14648 global_logger] node: robot_1::DigitalInput::in_left_door_sensor(DefaultDigitalInput)@robot_1.json, init recursive completed. 
[09:01:31.780818 D 14648 global_logger] node: robot_1::DigitalInput::in_vacc_station5(DefaultDigitalInput)@robot_1.json, init recursive completed. 
[09:01:31.780839 D 14648 global_logger] node: robot_1::DigitalOutput::out_vacc_open_station3(DefaultDigitalOutput)@robot_1.json, init recursive completed. 
[09:01:31.780918 D 14648 global_logger] node: robot_1::DigitalInput::in_rear_door_cylinder_release(DefaultDigitalInput)@robot_1.json, init recursive completed. 
[09:01:31.780951 D 14648 global_logger] node: robot_1::DigitalOutput::out_left_door_cylinder_lock(DefaultDigitalOutput)@robot_1.json, init recursive completed. 
[09:01:31.780973 D 14648 global_logger] node: robot_1::DigitalOutput::out_vacc_break_station3(DefaultDigitalOutput)@robot_1.json, init recursive completed. 
[09:01:31.781039 D 14648 global_logger] node: robot_1::DigitalOutput::out_right_door_cylinder_lock(DefaultDigitalOutput)@robot_1.json, init recursive completed. 
[09:01:31.781063 D 14648 global_logger] node: robot_1::DigitalOutput::out_turner_svon(DefaultDigitalOutput)@robot_1.json, init recursive completed. 
[09:01:31.781139 D 14648 global_logger] node: robot_1::DigitalOutput::out_vacc_break_station7(DefaultDigitalOutput)@robot_1.json, init recursive completed. 
[09:01:31.781173 D 14648 global_logger] node: robot_1::DigitalInput::in_ccdz4_lmtp(DefaultDigitalInput)@robot_1.json, init recursive completed. 
[09:01:31.781204 D 14648 global_logger] node: robot_1::DigitalOutput::out_vacc_open_station1(DefaultDigitalOutput)@robot_1.json, init recursive completed. 
[09:01:31.781235 D 14648 global_logger] node: robot_1::DigitalOutput::out_vacc_break_station1(DefaultDigitalOutput)@robot_1.json, init recursive completed. 
[09:01:31.781261 D 14648 global_logger] node: robot_1::DigitalOutput::out_vacc_open_station2(DefaultDigitalOutput)@robot_1.json, init recursive completed. 
[09:01:31.781282 D 14648 global_logger] node: robot_1::DigitalInput::in_air_source(DefaultDigitalInput)@robot_1.json, init recursive completed. 
[09:01:31.781390 D 14648 global_logger] node: robot_1::DigitalOutput::out_vacc_break_station2(DefaultDigitalOutput)@robot_1.json, init recursive completed. 
[09:01:31.781550 D 14648 global_logger] node: robot_1::DigitalInput::in_vacc_station8(DefaultDigitalInput)@robot_1.json, init recursive completed. 
[09:01:31.781580 D 14648 global_logger] node: robot_1::DigitalOutput::out_vacc_break_station4(DefaultDigitalOutput)@robot_1.json, init recursive completed. 
[09:01:31.781608 D 14648 global_logger] node: robot_1::DigitalOutput::out_vacc_open_station10(DefaultDigitalOutput)@robot_1.json, init recursive completed. 
[09:01:31.781630 D 14648 global_logger] node: robot_1::DigitalInput::in_rear_door_sensor(DefaultDigitalInput)@robot_1.json, init recursive completed. 
[09:01:31.781650 D 14648 global_logger] node: robot_1::DigitalOutput::out_vacc_open_station5(DefaultDigitalOutput)@robot_1.json, init recursive completed. 
[09:01:31.781671 D 14648 global_logger] node: robot_1::DigitalOutput::out_vacc_break_station5(DefaultDigitalOutput)@robot_1.json, init recursive completed. 
[09:01:31.781691 D 14648 global_logger] node: robot_1::DigitalOutput::out_vacc_break_station6(DefaultDigitalOutput)@robot_1.json, init recursive completed. 
[09:01:31.781711 D 14648 global_logger] node: robot_1::DigitalOutput::out_vacc_open_station7(DefaultDigitalOutput)@robot_1.json, init recursive completed. 
[09:01:31.781732 D 14648 global_logger] node: robot_1::DigitalInput::in_ccdz3_lmtp(DefaultDigitalInput)@robot_1.json, init recursive completed. 
[09:01:31.781754 D 14648 global_logger] node: robot_1::LuaScriptManager::default(DefaultLuaScriptManager)@robot_1.json, init recursive completed. 
[09:01:31.781775 D 14648 global_logger] node: robot_1::DigitalOutput::out_vacc_open_station8(DefaultDigitalOutput)@robot_1.json, init recursive completed. 
[09:01:31.781809 D 14648 global_logger] node: robot_1::DigitalInput::in_vacc_station4(DefaultDigitalInput)@robot_1.json, init recursive completed. 
[09:01:31.781831 D 14648 global_logger] node: robot_1::DigitalOutput::out_vacc_break_station8(DefaultDigitalOutput)@robot_1.json, init recursive completed. 
[09:01:31.781852 D 14648 global_logger] node: robot_1::DigitalOutput::out_vacc_break_station12(DefaultDigitalOutput)@robot_1.json, init recursive completed. 
[09:01:31.781874 D 14648 global_logger] node: robot_1::DigitalOutput::out_vacc_break_station10(DefaultDigitalOutput)@robot_1.json, init recursive completed. 
[09:01:31.781896 D 14648 global_logger] node: robot_1::DigitalInput::in_ccdz2_lmtp(DefaultDigitalInput)@robot_1.json, init recursive completed. 
[09:01:31.781917 D 14648 global_logger] node: robot_1::DigitalInput::in_ccdz4_lmtn(DefaultDigitalInput)@robot_1.json, init recursive completed. 
[09:01:31.781939 D 14648 global_logger] node: robot_1::DigitalInput::in_handler_ems(DefaultDigitalInput)@robot_1.json, init recursive completed. 
[09:01:31.782059 D 14648 global_logger] node: robot_1::DigitalInput::in_ccdz2_lmtn(DefaultDigitalInput)@robot_1.json, init recursive completed. 
[09:01:31.782235 D 14648 global_log] node: robot_1::IoApi::GM06EC_IO_1(IO_GM06EC)@robot_1.json, init recursive completed. 
[09:01:31.782277 D 14648 global_logger] node: robot_1::DigitalInput::in_handler_door_close(DefaultDigitalInput)@robot_1.json, init recursive completed. 
[09:01:31.782311 D 14648 global_logger] node: robot_1::DigitalInput::in_vacc_station1(DefaultDigitalInput)@robot_1.json, init recursive completed. 
[09:01:31.782339 D 14648 global_logger] node: robot_1::DigitalInput::in_turner_phase_sensor(DefaultDigitalInput)@robot_1.json, init recursive completed. 
[09:01:31.782362 D 14648 global_logger] node: robot_1::DigitalInput::in_right_door_sensor(DefaultDigitalInput)@robot_1.json, init recursive completed. 
[09:01:31.782384 D 14648 global_logger] node: robot_1::DigitalInput::in_rear_door_cylinder_clamp(DefaultDigitalInput)@robot_1.json, init recursive completed. 
[09:01:31.782406 D 14648 global_logger] node: robot_1::DigitalInput::in_vacc_station11(DefaultDigitalInput)@robot_1.json, init recursive completed. 
[09:01:31.782428 D 14648 global_logger] node: robot_1::DigitalInput::in_left_door_cylinder_clamp(DefaultDigitalInput)@robot_1.json, init recursive completed. 
[09:01:31.782449 D 14648 global_logger] node: robot_1::DigitalInput::in_ccdz1_lmtn(DefaultDigitalInput)@robot_1.json, init recursive completed. 
[09:01:31.782471 D 14648 global_logger] node: robot_1::DigitalInput::in_right_door_cylinder_clamp(DefaultDigitalInput)@robot_1.json, init recursive completed. 
[09:01:31.782494 D 14648 global_logger] node: robot_1::DigitalInput::in_vacc_station2(DefaultDigitalInput)@robot_1.json, init recursive completed. 
[09:01:31.782516 D 14648 global_logger] node: robot_1::DigitalInput::in_vacc_station3(DefaultDigitalInput)@robot_1.json, init recursive completed. 
[09:01:31.782537 D 14648 global_logger] node: robot_1::DigitalInput::in_vacc_station6(DefaultDigitalInput)@robot_1.json, init recursive completed. 
[09:01:31.782558 D 14648 global_logger] node: robot_1::DigitalInput::in_ccdz1_lmtp(DefaultDigitalInput)@robot_1.json, init recursive completed. 
[09:01:31.782581 D 14648 global_logger] node: robot_1::DigitalInput::in_vacc_station7(DefaultDigitalInput)@robot_1.json, init recursive completed. 
[09:01:31.782608 D 14648 global_logger] node: robot_1::DigitalInput::in_vacc_station9(DefaultDigitalInput)@robot_1.json, init recursive completed. 
[09:01:31.782631 D 14648 global_logger] node: robot_1::DigitalInput::in_vacc_station10(DefaultDigitalInput)@robot_1.json, init recursive completed. 
[09:01:31.782652 D 14648 global_logger] node: robot_1::DigitalInput::in_vacc_station12(DefaultDigitalInput)@robot_1.json, init recursive completed. 
[09:01:31.782674 D 14648 global_logger] node: robot_1::DigitalInput::in_ccdz5_lmtp(DefaultDigitalInput)@robot_1.json, init recursive completed. 
[09:01:31.782696 D 14648 global_logger] node: robot_1::DigitalInput::in_ccdz3_lmtn(DefaultDigitalInput)@robot_1.json, init recursive completed. 
[09:01:31.782718 D 14648 global_logger] node: robot_1::DigitalInput::in_ccdz5_lmtn(DefaultDigitalInput)@robot_1.json, init recursive completed. 
[09:01:31.782740 D 14648 global_logger] node: robot_1::DigitalInput::in_ccdz6_lmtp(DefaultDigitalInput)@robot_1.json, init recursive completed. 
[09:01:31.782762 D 14648 global_logger] node: robot_1::DigitalInput::in_ccdz6_lmtn(DefaultDigitalInput)@robot_1.json, init recursive completed. 
[09:01:31.782797 D 14648 global_logger] node: robot_1::DigitalInput::emg(DefaultDigitalInput)@robot_1.json, init recursive completed. 
[09:01:31.782818 D 14648 global_logger] node: robot_1::AnalogInput::light_intensity_ch1(DefaultAnalogInput)@robot_1.json, init recursive completed. 
[09:01:31.782840 D 14648 global_logger] node: robot_1::AnalogInput::light_intensity_ch3(DefaultAnalogInput)@robot_1.json, init recursive completed. 
[09:01:31.782889 D 14648 global_logger] node: robot_1::AnalogInput::light_intensity_ch0(DefaultAnalogInput)@robot_1.json, init recursive completed. 
[09:01:31.782910 D 14648 global_logger] node: robot_1::AnalogInput::light_intensity_ch2(DefaultAnalogInput)@robot_1.json, init recursive completed. 
[09:01:31.783508 D 14648 global_logger] node: robot_1::Machine::default(Machine)@robot_1.json, init recursive completed. 
[09:01:31.877440 E 14648 global_log] failed to communicated with board ip=192.168.5.110
[09:01:31.879683 D 14648 global_log] node: robot_1::MotionApi::GM06EC_MOTION_0(Motion_GM06EC)@robot_1.json, init recursive completed. 
[09:01:31.970971 E 14648 global_log] failed to communicated with board ip=192.168.5.110
[09:01:31.972172 E 14648 global_logger] DefaultAxis:robot_1::Axis::s1_turner(DefaultAxis)@robot_1.json board return error:failed to communicated with s1_turner board
[09:01:31.972480 E 14648 global_logger EXCEPTION] exception occurred at: robot_1::Axis::s1_turner(DefaultAxis)@robot_1.json, code: 1
"failed to communicated with s1_turner board, function: 'GraphScript::DefaultAxis::set_start_speed_percent', line: 985."
[09:01:31.973570 E 14648 global_logger EXCEPTION] exception occurred at: robot_1::Axis::s1_turner(DefaultAxis)@robot_1.json, code: 1
""failed to communicated with s1_turner board, function: 'GraphScript::DefaultAxis::set_start_speed_percent', line: 985.", function: 'GraphScript::Node::init_recursive', line: 265."
[09:01:33.863016 E 8544 global_log] failed to communicated with board ip=192.168.5.110
[09:01:33.871883 W 8544 global_logger] out_led_greenset_status error_code =1
[09:01:33.871922 E 8544 global_logger EXCEPTION] exception occurred at: robot_1::DigitalOutput::out_led_green(DefaultDigitalOutput)@robot_1.json, code: 1
"function:GraphScript::DefaultDigitalOutput::set_status, function: 'GraphScript::DefaultDigitalOutput::set_status', line: 232."
[09:01:33.872370 E 8544 global_logger] work thread catch a exception(node:robot_1::DigitalOutput::out_led_green(DefaultDigitalOutput)@robot_1.json error code:1 msg:"function:GraphScript::DefaultDigitalOutput::set_status, function: 'GraphScript::DefaultDigitalOutput::set_status', line: 232.") . thread exited!
[09:01:33.938147 E 18028 global_log] failed to communicated with board ip=192.168.5.140
[09:01:35.298272 E 14648 global_logger EXCEPTION] exception occurred at: robot_1::Axis::s1_turner(DefaultAxis)@robot_1.json, code: -1
"node:robot_1::Axis::s1_turner(DefaultAxis)@robot_1.json need be inited before it executes the function:GraphScript::DefaultAxis::set_velocity_percent_of_default, function: 'GraphScript::DefaultAxis::set_velocity_percent_of_default', line: 935."
[09:01:36.948156 E 18028 global_log] failed to communicated with board ip=192.168.5.140
[09:01:39.064490 E 18028 global_log] failed to communicated with board ip=192.168.5.140
[09:01:41.168175 E 18028 global_log] failed to communicated with board ip=192.168.5.140
[09:01:43.259635 E 18028 global_log] failed to communicated with board ip=192.168.5.140
[09:01:45.353891 E 18028 global_log] failed to communicated with board ip=192.168.5.140
[09:01:47.445566 E 18028 global_log] failed to communicated with board ip=192.168.5.140
[09:01:49.537548 E 18028 global_log] failed to communicated with board ip=192.168.5.140
[09:01:51.629864 E 18028 global_log] failed to communicated with board ip=192.168.5.140
[09:01:53.729144 E 18028 global_log] failed to communicated with board ip=192.168.5.140
[09:01:55.821102 E 18028 global_log] failed to communicated with board ip=192.168.5.140
[10:30:54.627491 I 7424 global_logger] create factory logger completed.
[10:30:54.627752 I 7424 global_logger] prepare to init system...
[10:30:54.627799 I 7424 global_logger] config path: , argvs: ["D:\\Nigo\\Nigo\\bin\\Debug\\"]
[10:30:54.628130 D 7424 global_logger] load plugin library: "D:\Nigo\Nigo\bin\Debug\hardware.dll"...
[10:30:54.628397 D 7424 global_logger] load plugin library: "D:\Nigo\Nigo\bin\Debug\hardware.dll" completed.
[10:30:54.628437 D 7424 global_logger] load plugin library: "D:\Nigo\Nigo\bin\Debug\lua_bindings.dll"...
[10:30:54.634739 D 7424 global_logger] load plugin library: "D:\Nigo\Nigo\bin\Debug\lua_bindings.dll" completed.
[10:30:54.634801 D 7424 global_logger] load plugin library: "D:\Nigo\Nigo\bin\Debug\csharp_bridge.dll"...
[10:30:54.637979 D 7424 global_logger] load plugin library: "D:\Nigo\Nigo\bin\Debug\csharp_bridge.dll" completed.
[10:30:54.638038 D 7424 global_logger] load plugin library: "D:\Nigo\Nigo\bin\Debug\GM91ECU.dll"...
[10:30:54.640486 D 7424 global_logger] load plugin library: "D:\Nigo\Nigo\bin\Debug\GM91ECU.dll" completed.
[10:30:54.640532 D 7424 global_logger] load plugin library: "D:\Nigo\Nigo\bin\Debug\AdvCan.dll"...
[10:30:54.643311 D 7424 global_logger] load plugin library: "D:\Nigo\Nigo\bin\Debug\AdvCan.dll" completed.
[10:30:54.643355 D 7424 global_logger] load plugin library: "D:\Nigo\Nigo\bin\Debug\hardware_wrapper_help.dll"...
[10:30:54.645593 D 7424 global_logger] load plugin library: "D:\Nigo\Nigo\bin\Debug\hardware_wrapper_help.dll" completed.
[10:30:54.645635 D 7424 global_logger] load plugin library: "D:\Nigo\Nigo\bin\Debug\amc2d.dll"...
[10:30:54.714170 D 7424 global_logger] load plugin library: "D:\Nigo\Nigo\bin\Debug\amc2d.dll" completed.
[10:30:54.714247 D 7424 global_logger] load plugin library: "D:\Nigo\Nigo\bin\Debug\GM06EC.dll"...
[10:30:54.719799 D 7424 global_logger] load plugin library: "D:\Nigo\Nigo\bin\Debug\GM06EC.dll" completed.
[10:30:54.719854 D 7424 global_logger] load plugin library: "D:\Nigo\Nigo\bin\Debug\CanMotionIo.dll"...
[10:30:54.722765 D 7424 global_logger] load plugin library: "D:\Nigo\Nigo\bin\Debug\CanMotionIo.dll" completed.
[10:30:54.722827 I 7424 global_logger] load pre-load libraries completed.
[10:30:54.722862 I 7424 global_logger] execute function: init_clr_factory ...
[10:30:55.181811 W 7424 global_logger] Factory Compose() in C# used 441 ms
[10:30:55.191578 W 7424 global_logger] Factory call RegisterTypes2System() in C# used 5 ms
[10:30:55.202272 W 7424 global_logger] Factory InitScriptSys() in C# used 0 ms
[10:30:55.202435 I 7424 global_logger] execute function: init_clr_factory completed.
[10:30:55.208275 D 7424 global_logger] start to create nodes in module: [global]...
[10:30:55.208557 D 7424 global_logger] start to create nodes in module: robot_1...
[10:30:55.228719 I 7424 global_logger] execute function: init_wrapper_sys ...
[10:30:55.271561 W 7424 global_logger] Factory CreateOmd in C# used 39 ms
[10:30:55.271659 I 7424 global_logger] execute function: init_wrapper_sys completed.
[10:30:55.271702 D 7424 global_logger] start to check version in module: LogManager...
[10:30:55.271767 D 7424 global_logger] start to check version in module: Root...
[10:30:55.271803 D 7424 global_logger] start to check version in module: Logger...
[10:30:55.271853 D 7424 global_logger] start to check version in module: Null...
[10:30:55.271888 I 7424 global_logger] check version dependence for nodes in module: [global] completed.
[10:30:55.271922 D 7424 global_logger] start to check version in module: Machine...
[10:30:55.272304 D 7424 global_logger] start to check version in module: HardwareManager...
[10:30:55.272466 D 7424 global_logger] start to check version in module: LuaScriptManager...
[10:30:55.272795 D 7424 global_logger] start to check version in module: MotionApi...
[10:30:55.272909 D 7424 global_logger] start to check version in module: Axis...
[10:30:55.273090 D 7424 global_logger] start to check version in module: IoApi...
[10:30:55.273183 D 7424 global_logger] start to check version in module: DigitalInput...
[10:30:55.273885 D 7424 global_logger] start to check version in module: AnalogInput...
[10:30:55.273978 D 7424 global_logger] start to check version in module: DigitalOutput...
[10:30:55.274449 D 7424 global_logger] start to check version in module: Cylinder...
[10:30:55.274623 D 7424 global_logger] start to check version in module: Beacon...
[10:30:55.274692 D 7424 global_logger] start to check version in module: EncoderReader...
[10:30:55.274753 D 7424 global_logger] start to check version in module: SimpleSynComm...
[10:30:55.274804 D 7424 global_logger] start to check version in module: CmdAgent...
[10:30:55.275577 D 7424 global_logger] start to check version in module: Logger...
[10:30:55.275673 I 7424 global_logger] check version dependence for nodes in module: robot_1 completed.
[10:30:55.275709 D 7424 global_logger] start to set nodes configs in module: [global]
[10:30:55.275748 D 7424 global_logger] start to set nodes configs in module: robot_1
[10:30:55.278785 W 7424 global_logger] robot_1::Axis::s1_turner(DefaultAxis)@robot_1.json. neg_limit bigger than pos_limit, soft limit disabled!
[10:30:55.288237 I 7424 global_logger] set config for nodes completed.
[10:30:55.288330 D 7424 global_logger] start to link in module: LogManager...
[10:30:55.288371 D 7424 global_logger] start to link in module: Root...
[10:30:55.288405 D 7424 global_logger] start to link in module: Logger...
[10:30:55.288457 D 7424 global_logger] start to link in module: Null...
[10:30:55.288493 I 7424 global_logger] link for nodes in module: [global] completed.
[10:30:55.288527 D 7424 global_logger] start to link in module: Machine...
[10:30:55.288684 D 7424 global_logger] start to link in module: HardwareManager...
[10:30:55.289064 D 7424 global_logger] start to link in module: LuaScriptManager...
[10:30:55.289136 D 7424 global_logger] start to link in module: MotionApi...
[10:30:55.289185 D 7424 global_logger] start to link in module: Axis...
[10:30:55.289768 D 7424 global_logger] start to link in module: IoApi...
[10:30:55.289831 D 7424 global_logger] start to link in module: DigitalInput...
[10:30:55.290304 D 7424 global_logger] start to link in module: AnalogInput...
[10:30:55.290390 D 7424 global_logger] start to link in module: DigitalOutput...
[10:30:55.290830 D 7424 global_logger] start to link in module: Cylinder...
[10:30:55.290935 D 7424 global_logger] start to link in module: Beacon...
[10:30:55.291026 D 7424 global_logger] start to link in module: EncoderReader...
[10:30:55.291073 D 7424 global_logger] start to link in module: SimpleSynComm...
[10:30:55.291119 D 7424 global_logger] start to link in module: CmdAgent...
[10:30:55.291347 D 7424 global_logger] start to link in module: Logger...
[10:30:55.291553 I 7424 global_logger] link for nodes in module: robot_1 completed.
[10:30:55.291623 I 7424 global_logger] add to parent for nodes in module: [global] completed.
[10:30:55.292918 I 7424 global_logger] add to parent for nodes in module: robot_1 completed.
[10:30:55.292997 I 7424 global_logger] link logger for nodes in module: [global] completed.
[10:30:55.293191 I 7424 global_logger] link logger for nodes in module: robot_1 completed.
[10:30:55.293231 I 7424 global_logger] check pointers for nodes in module: [global] completed.
[10:30:55.293269 I 7424 global_logger] check pointers for nodes in module: robot_1 completed.
[10:30:55.293330 I 7424 global_logger] add default dependence for nodes in module: [global] completed.
[10:30:55.294758 I 7424 global_logger] add default dependence for nodes in module: robot_1 completed.
[10:30:55.297699 I 7424 global_logger] initialize default nodes in module: [global] completed.
[10:30:55.297756 I 7424 global_logger] initialize default nodes in module: robot_1 completed.
[10:30:55.297793 I 7424 global_logger] execute function: link_nodes ...
[10:30:55.308763 I 7424 global_logger] Link Machine in c#
[10:30:55.318180 W 7424 global_logger] Factory call LinkAllNodes() in C# used 17 ms
[10:30:55.318308 I 7424 global_logger] execute function: link_nodes completed.
[10:30:55.318347 I 7424 global_logger] system init completed.
[10:30:55.319342 D 7424 global_logger] node: [global]::LogManager::singleton_instance(LogManager)@, init recursive completed. 
[10:30:55.319385 D 7424 global_log] node: robot_1::Logger::global_log(Logger)@robot_1.json, init recursive completed. 
[10:30:55.319554 D 7424 global_log] node: robot_1::IoApi::GM06EC_IO_0(IO_GM06EC)@robot_1.json, init recursive completed. 
[10:30:55.319581 D 7424 global_logger] node: robot_1::DigitalOutput::out_fly_capture_trigger(DefaultDigitalOutput)@robot_1.json, init recursive completed. 
[10:30:55.319603 D 7424 global_logger] node: robot_1::DigitalInput::in_handler_emo(DefaultDigitalInput)@robot_1.json, init recursive completed. 
[10:30:55.319685 D 7424 global_log] node: robot_1::IoApi::GM04EC_IO_1(IoGm91Ecu)@robot_1.json, init recursive completed. 
[10:30:55.319710 D 7424 global_logger] node: robot_1::DigitalOutput::out_vacc_break_station11(DefaultDigitalOutput)@robot_1.json, init recursive completed. 
[10:30:55.319732 D 7424 global_logger] node: robot_1::DigitalOutput::out_rear_door_cylinder_lock(DefaultDigitalOutput)@robot_1.json, init recursive completed. 
[10:30:55.319752 D 7424 global_logger] node: robot_1::DigitalOutput::out_led_yellow(DefaultDigitalOutput)@robot_1.json, init recursive completed. 
[10:30:55.319825 D 7424 global_log] node: robot_1::IoApi::GM04EC_IO_0(IoGm91Ecu)@robot_1.json, init recursive completed. 
[10:30:55.319849 D 7424 global_logger] node: robot_1::DigitalOutput::out_vacc_open_station4(DefaultDigitalOutput)@robot_1.json, init recursive completed. 
[10:30:55.319870 D 7424 global_logger] node: robot_1::DigitalOutput::out_led_red(DefaultDigitalOutput)@robot_1.json, init recursive completed. 
[10:30:55.319891 D 7424 global_logger] node: robot_1::DigitalOutput::out_led_green(DefaultDigitalOutput)@robot_1.json, init recursive completed. 
[10:30:55.319911 D 7424 global_logger] node: robot_1::DigitalOutput::out_led_beep(DefaultDigitalOutput)@robot_1.json, init recursive completed. 
[10:30:55.319932 D 7424 global_logger] node: robot_1::Beacon::default(DefaultBeacon)@robot_1.json, init recursive completed. 
[10:30:55.319952 D 7424 global_logger] node: robot_1::DigitalOutput::out_vacc_open_station11(DefaultDigitalOutput)@robot_1.json, init recursive completed. 
[10:30:55.319972 D 7424 global_logger] node: robot_1::DigitalOutput::out_vacc_open_station9(DefaultDigitalOutput)@robot_1.json, init recursive completed. 
[10:30:55.319994 D 7424 global_logger] node: robot_1::DigitalOutput::out_vacc_open_station12(DefaultDigitalOutput)@robot_1.json, init recursive completed. 
[10:30:55.320015 D 7424 global_logger] node: robot_1::DigitalInput::in_left_door_cylinder_release(DefaultDigitalInput)@robot_1.json, init recursive completed. 
[10:30:55.320035 D 7424 global_logger] node: robot_1::DigitalOutput::out_vacc_open_station6(DefaultDigitalOutput)@robot_1.json, init recursive completed. 
[10:30:55.320056 D 7424 global_logger] node: robot_1::DigitalInput::in_right_door_cylinder_release(DefaultDigitalInput)@robot_1.json, init recursive completed. 
[10:30:55.320076 D 7424 global_logger] node: robot_1::DigitalOutput::out_vacc_break_station9(DefaultDigitalOutput)@robot_1.json, init recursive completed. 
[10:30:55.320096 D 7424 global_logger] node: robot_1::DigitalInput::in_left_door_sensor(DefaultDigitalInput)@robot_1.json, init recursive completed. 
[10:30:55.320116 D 7424 global_logger] node: robot_1::DigitalInput::in_vacc_station5(DefaultDigitalInput)@robot_1.json, init recursive completed. 
[10:30:55.320136 D 7424 global_logger] node: robot_1::DigitalOutput::out_vacc_open_station3(DefaultDigitalOutput)@robot_1.json, init recursive completed. 
[10:30:55.320156 D 7424 global_logger] node: robot_1::DigitalInput::in_rear_door_cylinder_release(DefaultDigitalInput)@robot_1.json, init recursive completed. 
[10:30:55.320176 D 7424 global_logger] node: robot_1::DigitalOutput::out_left_door_cylinder_lock(DefaultDigitalOutput)@robot_1.json, init recursive completed. 
[10:30:55.320204 D 7424 global_logger] node: robot_1::DigitalOutput::out_vacc_break_station3(DefaultDigitalOutput)@robot_1.json, init recursive completed. 
[10:30:55.320314 D 7424 global_logger] node: robot_1::DigitalOutput::out_right_door_cylinder_lock(DefaultDigitalOutput)@robot_1.json, init recursive completed. 
[10:30:55.320337 D 7424 global_logger] node: robot_1::DigitalOutput::out_turner_svon(DefaultDigitalOutput)@robot_1.json, init recursive completed. 
[10:30:55.320359 D 7424 global_logger] node: robot_1::DigitalOutput::out_vacc_break_station7(DefaultDigitalOutput)@robot_1.json, init recursive completed. 
[10:30:55.320387 D 7424 global_logger] node: robot_1::DigitalInput::in_ccdz4_lmtp(DefaultDigitalInput)@robot_1.json, init recursive completed. 
[10:30:55.320418 D 7424 global_logger] node: robot_1::DigitalOutput::out_vacc_open_station1(DefaultDigitalOutput)@robot_1.json, init recursive completed. 
[10:30:55.320449 D 7424 global_logger] node: robot_1::DigitalOutput::out_vacc_break_station1(DefaultDigitalOutput)@robot_1.json, init recursive completed. 
[10:30:55.320483 D 7424 global_logger] node: robot_1::DigitalOutput::out_vacc_open_station2(DefaultDigitalOutput)@robot_1.json, init recursive completed. 
[10:30:55.320514 D 7424 global_logger] node: robot_1::DigitalInput::in_air_source(DefaultDigitalInput)@robot_1.json, init recursive completed. 
[10:30:55.320551 D 7424 global_logger] node: robot_1::DigitalOutput::out_vacc_break_station2(DefaultDigitalOutput)@robot_1.json, init recursive completed. 
[10:30:55.320578 D 7424 global_logger] node: robot_1::DigitalInput::in_vacc_station8(DefaultDigitalInput)@robot_1.json, init recursive completed. 
[10:30:55.320599 D 7424 global_logger] node: robot_1::DigitalOutput::out_vacc_break_station4(DefaultDigitalOutput)@robot_1.json, init recursive completed. 
[10:30:55.320619 D 7424 global_logger] node: robot_1::DigitalOutput::out_vacc_open_station10(DefaultDigitalOutput)@robot_1.json, init recursive completed. 
[10:30:55.320639 D 7424 global_logger] node: robot_1::DigitalInput::in_rear_door_sensor(DefaultDigitalInput)@robot_1.json, init recursive completed. 
[10:30:55.320659 D 7424 global_logger] node: robot_1::DigitalOutput::out_vacc_open_station5(DefaultDigitalOutput)@robot_1.json, init recursive completed. 
[10:30:55.320679 D 7424 global_logger] node: robot_1::DigitalOutput::out_vacc_break_station5(DefaultDigitalOutput)@robot_1.json, init recursive completed. 
[10:30:55.320699 D 7424 global_logger] node: robot_1::DigitalOutput::out_vacc_break_station6(DefaultDigitalOutput)@robot_1.json, init recursive completed. 
[10:30:55.320719 D 7424 global_logger] node: robot_1::DigitalOutput::out_vacc_open_station7(DefaultDigitalOutput)@robot_1.json, init recursive completed. 
[10:30:55.320739 D 7424 global_logger] node: robot_1::DigitalInput::in_ccdz3_lmtp(DefaultDigitalInput)@robot_1.json, init recursive completed. 
[10:30:55.320759 D 7424 global_logger] node: robot_1::LuaScriptManager::default(DefaultLuaScriptManager)@robot_1.json, init recursive completed. 
[10:30:55.320779 D 7424 global_logger] node: robot_1::DigitalOutput::out_vacc_open_station8(DefaultDigitalOutput)@robot_1.json, init recursive completed. 
[10:30:55.320799 D 7424 global_logger] node: robot_1::DigitalInput::in_vacc_station4(DefaultDigitalInput)@robot_1.json, init recursive completed. 
[10:30:55.320820 D 7424 global_logger] node: robot_1::DigitalOutput::out_vacc_break_station8(DefaultDigitalOutput)@robot_1.json, init recursive completed. 
[10:30:55.320840 D 7424 global_logger] node: robot_1::DigitalOutput::out_vacc_break_station12(DefaultDigitalOutput)@robot_1.json, init recursive completed. 
[10:30:55.320860 D 7424 global_logger] node: robot_1::DigitalOutput::out_vacc_break_station10(DefaultDigitalOutput)@robot_1.json, init recursive completed. 
[10:30:55.320880 D 7424 global_logger] node: robot_1::DigitalInput::in_ccdz2_lmtp(DefaultDigitalInput)@robot_1.json, init recursive completed. 
[10:30:55.320900 D 7424 global_logger] node: robot_1::DigitalInput::in_ccdz4_lmtn(DefaultDigitalInput)@robot_1.json, init recursive completed. 
[10:30:55.320920 D 7424 global_logger] node: robot_1::DigitalInput::in_handler_ems(DefaultDigitalInput)@robot_1.json, init recursive completed. 
[10:30:55.320966 D 7424 global_logger] node: robot_1::DigitalInput::in_ccdz2_lmtn(DefaultDigitalInput)@robot_1.json, init recursive completed. 
[10:30:55.321076 D 7424 global_log] node: robot_1::IoApi::GM06EC_IO_1(IO_GM06EC)@robot_1.json, init recursive completed. 
[10:30:55.321102 D 7424 global_logger] node: robot_1::DigitalInput::in_handler_door_close(DefaultDigitalInput)@robot_1.json, init recursive completed. 
[10:30:55.321122 D 7424 global_logger] node: robot_1::DigitalInput::in_vacc_station1(DefaultDigitalInput)@robot_1.json, init recursive completed. 
[10:30:55.321145 D 7424 global_logger] node: robot_1::DigitalInput::in_turner_phase_sensor(DefaultDigitalInput)@robot_1.json, init recursive completed. 
[10:30:55.321166 D 7424 global_logger] node: robot_1::DigitalInput::in_right_door_sensor(DefaultDigitalInput)@robot_1.json, init recursive completed. 
[10:30:55.321190 D 7424 global_logger] node: robot_1::DigitalInput::in_rear_door_cylinder_clamp(DefaultDigitalInput)@robot_1.json, init recursive completed. 
[10:30:55.321211 D 7424 global_logger] node: robot_1::DigitalInput::in_vacc_station11(DefaultDigitalInput)@robot_1.json, init recursive completed. 
[10:30:55.321231 D 7424 global_logger] node: robot_1::DigitalInput::in_left_door_cylinder_clamp(DefaultDigitalInput)@robot_1.json, init recursive completed. 
[10:30:55.321251 D 7424 global_logger] node: robot_1::DigitalInput::in_ccdz1_lmtn(DefaultDigitalInput)@robot_1.json, init recursive completed. 
[10:30:55.321271 D 7424 global_logger] node: robot_1::DigitalInput::in_right_door_cylinder_clamp(DefaultDigitalInput)@robot_1.json, init recursive completed. 
[10:30:55.321291 D 7424 global_logger] node: robot_1::DigitalInput::in_vacc_station2(DefaultDigitalInput)@robot_1.json, init recursive completed. 
[10:30:55.321311 D 7424 global_logger] node: robot_1::DigitalInput::in_vacc_station3(DefaultDigitalInput)@robot_1.json, init recursive completed. 
[10:30:55.321330 D 7424 global_logger] node: robot_1::DigitalInput::in_vacc_station6(DefaultDigitalInput)@robot_1.json, init recursive completed. 
[10:30:55.321350 D 7424 global_logger] node: robot_1::DigitalInput::in_ccdz1_lmtp(DefaultDigitalInput)@robot_1.json, init recursive completed. 
[10:30:55.321371 D 7424 global_logger] node: robot_1::DigitalInput::in_vacc_station7(DefaultDigitalInput)@robot_1.json, init recursive completed. 
[10:30:55.321391 D 7424 global_logger] node: robot_1::DigitalInput::in_vacc_station9(DefaultDigitalInput)@robot_1.json, init recursive completed. 
[10:30:55.321412 D 7424 global_logger] node: robot_1::DigitalInput::in_vacc_station10(DefaultDigitalInput)@robot_1.json, init recursive completed. 
[10:30:55.321432 D 7424 global_logger] node: robot_1::DigitalInput::in_vacc_station12(DefaultDigitalInput)@robot_1.json, init recursive completed. 
[10:30:55.321452 D 7424 global_logger] node: robot_1::DigitalInput::in_ccdz5_lmtp(DefaultDigitalInput)@robot_1.json, init recursive completed. 
[10:30:55.321472 D 7424 global_logger] node: robot_1::DigitalInput::in_ccdz3_lmtn(DefaultDigitalInput)@robot_1.json, init recursive completed. 
[10:30:55.321492 D 7424 global_logger] node: robot_1::DigitalInput::in_ccdz5_lmtn(DefaultDigitalInput)@robot_1.json, init recursive completed. 
[10:30:55.321512 D 7424 global_logger] node: robot_1::DigitalInput::in_ccdz6_lmtp(DefaultDigitalInput)@robot_1.json, init recursive completed. 
[10:30:55.321531 D 7424 global_logger] node: robot_1::DigitalInput::in_ccdz6_lmtn(DefaultDigitalInput)@robot_1.json, init recursive completed. 
[10:30:55.321551 D 7424 global_logger] node: robot_1::DigitalInput::emg(DefaultDigitalInput)@robot_1.json, init recursive completed. 
[10:30:55.321573 D 7424 global_logger] node: robot_1::AnalogInput::light_intensity_ch1(DefaultAnalogInput)@robot_1.json, init recursive completed. 
[10:30:55.321593 D 7424 global_logger] node: robot_1::AnalogInput::light_intensity_ch3(DefaultAnalogInput)@robot_1.json, init recursive completed. 
[10:30:55.321613 D 7424 global_logger] node: robot_1::AnalogInput::light_intensity_ch0(DefaultAnalogInput)@robot_1.json, init recursive completed. 
[10:30:55.321654 D 7424 global_logger] node: robot_1::AnalogInput::light_intensity_ch2(DefaultAnalogInput)@robot_1.json, init recursive completed. 
[10:30:55.322168 D 7424 global_logger] node: robot_1::Machine::default(Machine)@robot_1.json, init recursive completed. 
[10:30:55.415465 E 7424 global_log] failed to communicated with board ip=192.168.5.110
[10:30:55.415665 D 7424 global_log] node: robot_1::MotionApi::GM06EC_MOTION_0(Motion_GM06EC)@robot_1.json, init recursive completed. 
[10:30:55.506808 E 7424 global_log] failed to communicated with board ip=192.168.5.110
[10:30:55.506883 E 7424 global_logger] DefaultAxis:robot_1::Axis::s1_turner(DefaultAxis)@robot_1.json board return error:failed to communicated with s1_turner board
[10:30:55.507187 E 7424 global_logger EXCEPTION] exception occurred at: robot_1::Axis::s1_turner(DefaultAxis)@robot_1.json, code: 1
"failed to communicated with s1_turner board, function: 'GraphScript::DefaultAxis::set_start_speed_percent', line: 985."
[10:30:55.508246 E 7424 global_logger EXCEPTION] exception occurred at: robot_1::Axis::s1_turner(DefaultAxis)@robot_1.json, code: 1
""failed to communicated with s1_turner board, function: 'GraphScript::DefaultAxis::set_start_speed_percent', line: 985.", function: 'GraphScript::Node::init_recursive', line: 265."
[10:30:58.228383 E 5740 global_log] failed to communicated with board ip=192.168.5.110
[10:30:58.229783 W 5740 global_logger] out_led_greenset_status error_code =1
[10:30:58.229824 E 5740 global_logger EXCEPTION] exception occurred at: robot_1::DigitalOutput::out_led_green(DefaultDigitalOutput)@robot_1.json, code: 1
"function:GraphScript::DefaultDigitalOutput::set_status, function: 'GraphScript::DefaultDigitalOutput::set_status', line: 232."
[10:30:58.230330 E 5740 global_logger] work thread catch a exception(node:robot_1::DigitalOutput::out_led_green(DefaultDigitalOutput)@robot_1.json error code:1 msg:"function:GraphScript::DefaultDigitalOutput::set_status, function: 'GraphScript::DefaultDigitalOutput::set_status', line: 232.") . thread exited!
[10:30:58.332908 E 10472 global_log] failed to communicated with board ip=192.168.5.140
[10:30:59.733445 E 7424 global_logger EXCEPTION] exception occurred at: robot_1::Axis::s1_turner(DefaultAxis)@robot_1.json, code: -1
"node:robot_1::Axis::s1_turner(DefaultAxis)@robot_1.json need be inited before it executes the function:GraphScript::DefaultAxis::set_velocity_percent_of_default, function: 'GraphScript::DefaultAxis::set_velocity_percent_of_default', line: 935."
[10:31:01.387331 E 10472 global_log] failed to communicated with board ip=192.168.5.140
[10:31:03.552421 E 10472 global_log] failed to communicated with board ip=192.168.5.140
